#
# A fatal error has been detected by the Java Runtime Environment:
#
#  Internal Error (jvmciRuntime.cpp:1609), pid=30, tid=44
#  fatal error: Fatal exception in JVMCI: Error calling jdk.vm.ci.services.Services.serializeSavedProperties
#
# JRE version: OpenJDK Runtime Environment GraalVM CE 22.3.0 (17.0.5+8) (build 17.0.5+8-jvmci-22.3-b08)
# Java VM: OpenJDK 64-Bit Server VM GraalVM CE 22.3.0 (17.0.5+8-jvmci-22.3-b08, mixed mode, sharing, tiered, jvmci, jvmci compiler, compressed oops, compressed class ptrs, parallel gc, linux-amd64)
# Problematic frame:
# V  [libjvm.so+0x972714]  JVMCIRuntime::fatal_exception(JVMCIEnv*, char const*)+0x74
#
# Core dump will be written. Default location: Core dumps may be processed with "/usr/share/apport/apport -p%p -s%s -c%c -d%d -P%P -u%u -g%g -- %E" (or dumping to /home/runner/Unit-9-Project/core.30)
#
# If you would like to submit a bug report, please visit:
#   https://github.com/oracle/graal/issues
#

---------------  S U M M A R Y ------------

Command Line: -XX:ThreadPriorityPolicy=1 -XX:+UnlockExperimentalVMOptions -XX:+EnableJVMCIProduct -XX:JVMCIThreadsPerNativeLibraryRuntime=1 -XX:-UnlockExperimentalVMOptions -Declipse.application=org.eclipse.jdt.ls.core.id1 -Dosgi.bundles.defaultStartLevel=4 -Declipse.product=org.eclipse.jdt.ls.core.product -Dlog.level=ALL -Xverify:none -XX:+UseParallelGC -XX:GCTimeRatio=4 -XX:AdaptiveSizePolicyWeight=90 -Dsun.zip.disableMemoryMapping=true -Xmx512m -Xms100m /nix/store/m6gcpi1ii6rghy04cjwjddcavv7i90df-jdt-language-server-1.9.0/share/java/plugins/org.eclipse.equinox.launcher_1.6.400.v20210924-0641.jar --add-modules=ALL-SYSTEM --add-opens java.base/java.util=ALL-UNNAMED --add-opens java.base/java.lang=ALL-UNNAMED -configuration /home/runner/.cache/jdt-language-server/config -data /home/runner/.cache/jdt-language-server/data/home/runner/Unit-9-Project

Host: AMD EPYC 7B12, 8 cores, 1G, Ubuntu 20.04.2 LTS
Time: Tue May  9 16:28:07 2023 UTC elapsed time: 495.491878 seconds (0d 0h 8m 15s)

---------------  T H R E A D  ---------------

Current thread (0x00007f3a9c0b21e0):  JavaThread "JVMCI-native CompilerThread0" daemon [_thread_in_vm, id=44, stack(0x00007f3a8061a000,0x00007f3a8081a000)]


Current CompileTask:
JVMCI-native: 495492 7600       4       jdk.internal.jimage.ImageLocation::readValue (61 bytes)

Stack: [0x00007f3a8061a000,0x00007f3a8081a000],  sp=0x00007f3a80818380,  free space=2040k
Native frames: (J=compiled Java code, j=interpreted, Vv=VM code, C=native code)
V  [libjvm.so+0x972714]  JVMCIRuntime::fatal_exception(JVMCIEnv*, char const*)+0x74
V  [libjvm.so+0x93e2fe]  JVMCIEnv::copy_saved_properties()+0x14e
V  [libjvm.so+0x9732a9]  JVMCIRuntime::initialize(JVMCIEnv*)+0xb19
V  [libjvm.so+0x9738a2]  JVMCIRuntime::get_HotSpotJVMCIRuntime(JVMCIEnv*)+0x12
V  [libjvm.so+0x9749f2]  JVMCIRuntime::compile_method(JVMCIEnv*, JVMCICompiler*, methodHandle const&, int)+0xd2
V  [libjvm.so+0x5b0d20]  CompileBroker::invoke_compiler_on_method(CompileTask*)+0x1470
V  [libjvm.so+0x5b12e8]  CompileBroker::compiler_thread_loop()+0x528
V  [libjvm.so+0xd82460]  JavaThread::thread_main_inner()+0xd0
V  [libjvm.so+0xd85a40]  Thread::call_run()+0xc0
V  [libjvm.so+0xbdb1e1]  thread_native_entry(Thread*)+0xe1

Register to memory mapping:

RAX=0x00007f3aa0239000 points into unknown readable memory: 0x0000000000000058 | 58 00 00 00 00 00 00 00
RBX=0x00007f3aa1334398: <offset 0x0000000000ef5398> in /nix/store/gpxl5qgg8kicmcvivwmybwjlpf7wh20l-graalvm17-ce-22.3.0/lib/server/libjvm.so at 0x00007f3aa043f000
RCX=0x00007f3aa12ec1e8: <offset 0x0000000000ead1e8> in /nix/store/gpxl5qgg8kicmcvivwmybwjlpf7wh20l-graalvm17-ce-22.3.0/lib/server/libjvm.so at 0x00007f3aa043f000
RDX=0x0000000000000649 is an unknown value
RSP=0x00007f3a80818380 is pointing into the stack for thread: 0x00007f3a9c0b21e0
RBP=0x00007f3a808183a0 is pointing into the stack for thread: 0x00007f3a9c0b21e0
RSI=0x00007f3aa1334c48: <offset 0x0000000000ef5c48> in /nix/store/gpxl5qgg8kicmcvivwmybwjlpf7wh20l-graalvm17-ce-22.3.0/lib/server/libjvm.so at 0x00007f3aa043f000
RDI=0x00000000e0000000 is an oop: java.lang.String 
{0x00000000e0000000} - klass: 'java/lang/String'
 - string: "resolution"
R8 =0x00007f3aa1334398: <offset 0x0000000000ef5398> in /nix/store/gpxl5qgg8kicmcvivwmybwjlpf7wh20l-graalvm17-ce-22.3.0/lib/server/libjvm.so at 0x00007f3aa043f000
R9 =0x0000000000000003 is an unknown value
R10=0x00007f3aa1685da0: <offset 0x0000000001246da0> in /nix/store/gpxl5qgg8kicmcvivwmybwjlpf7wh20l-graalvm17-ce-22.3.0/lib/server/libjvm.so at 0x00007f3aa043f000
R11=0x000000080044f048 is pointing into metadata
R12=0x0 is NULL
R13=0x00007f3a9c0b21e0 is a thread
R14=0x00007f3a9c000b80 points into unknown readable memory: 0x00007f3aa1565a38 | 38 5a 56 a1 3a 7f 00 00
R15=0x00007f3aa1673e40: <offset 0x0000000001234e40> in /nix/store/gpxl5qgg8kicmcvivwmybwjlpf7wh20l-graalvm17-ce-22.3.0/lib/server/libjvm.so at 0x00007f3aa043f000


Registers:
RAX=0x00007f3aa0239000, RBX=0x00007f3aa1334398, RCX=0x00007f3aa12ec1e8, RDX=0x0000000000000649
RSP=0x00007f3a80818380, RBP=0x00007f3a808183a0, RSI=0x00007f3aa1334c48, RDI=0x00000000e0000000
R8 =0x00007f3aa1334398, R9 =0x0000000000000003, R10=0x00007f3aa1685da0, R11=0x000000080044f048
R12=0x0000000000000000, R13=0x00007f3a9c0b21e0, R14=0x00007f3a9c000b80, R15=0x00007f3aa1673e40
RIP=0x00007f3aa0db1714, EFLAGS=0x0000000000010206, CSGSFS=0x002b000000000033, ERR=0x0000000000000006
  TRAPNO=0x000000000000000e

Top of Stack: (sp=0x00007f3a80818380)
0x00007f3a80818380:   00007f3a80818940 00007f3a9c0b21e0
0x00007f3a80818390:   00007f3a820698c8 0000000800c417a0
0x00007f3a808183a0:   00007f3a80818500 00007f3aa0d7d2fe
0x00007f3a808183b0:   00007f3a808183e0 00007f3a80818440 

Instructions: (pc=0x00007f3aa0db1714)
0x00007f3aa0db1614:   30 e8 f6 cf e8 ff 4c 89 e7 e8 2e 48 d1 ff 84 db
0x00007f3aa0db1624:   75 2a 4d 85 ed 74 04 4d 8b 6d 00 48 83 c4 08 44
0x00007f3aa0db1634:   89 f9 4c 89 f2 4c 89 ee 5b 4c 89 e7 41 5c 41 5d
0x00007f3aa0db1644:   41 5e 41 5f 5d e9 e2 47 d1 ff 66 90 48 83 c4 08
0x00007f3aa0db1654:   5b 41 5c 41 5d 41 5e 41 5f 5d c3 90 31 d2 be 08
0x00007f3aa0db1664:   00 00 00 4c 89 ff e8 b1 78 a3 ff 49 89 c5 e9 37
0x00007f3aa0db1674:   ff ff ff 66 0f 1f 84 00 00 00 00 00 48 8b 7a 08
0x00007f3aa0db1684:   e9 6d ff ff ff 0f 1f 80 00 00 00 00 e8 5b 48 0a
0x00007f3aa0db1694:   00 84 c0 75 89 e9 6a ff ff ff 66 90 55 48 89 e5
0x00007f3aa0db16a4:   41 56 41 55 41 54 49 89 fc 53 48 89 f3 66 48 8d
0x00007f3aa0db16b4:   3d 27 5e 85 00 66 66 48 e8 df 43 8d ff 4c 8b 28
0x00007f3aa0db16c4:   8b 05 be 72 8a 00 85 c0 75 14 ba 01 00 00 00 48
0x00007f3aa0db16d4:   8d 0d ae 72 8a 00 f0 0f b1 11 85 c0 74 4e be c8
0x00007f3aa0db16e4:   00 00 00 4c 89 ef e8 01 0b 41 00 48 8d 05 12 ac
0x00007f3aa0db16f4:   85 00 49 89 d8 48 8d 0d e8 aa 53 00 ba 49 06 00
0x00007f3aa0db1704:   00 48 8d 35 3c 35 58 00 bf 00 00 00 e0 48 8b 00
0x00007f3aa0db1714:   c6 00 58 31 c0 e8 e2 91 c6 ff 5b 41 5c 41 5d 41
0x00007f3aa0db1724:   5e 5d e9 55 34 26 00 0f 1f 44 00 00 48 8d 05 81
0x00007f3aa0db1734:   a3 8b 00 48 89 df 4c 8b 30 e8 9e 43 8d ff 48 89
0x00007f3aa0db1744:   de 48 89 c2 49 8b 06 4c 89 f7 ff 50 08 4c 89 f7
0x00007f3aa0db1754:   e8 a7 5c 27 00 4d 85 e4 74 12 be 01 00 00 00 4c
0x00007f3aa0db1764:   89 e7 e8 35 43 fc ff eb 82 0f 1f 00 be 01 00 00
0x00007f3aa0db1774:   00 4c 89 ef e8 d3 fd ff ff e9 6d ff ff ff 66 66
0x00007f3aa0db1784:   2e 0f 1f 84 00 00 00 00 00 0f 1f 00 55 48 89 e5
0x00007f3aa0db1794:   41 57 41 56 41 55 41 54 53 48 81 ec 08 02 00 00
0x00007f3aa0db17a4:   64 48 8b 04 25 28 00 00 00 48 89 45 c8 8b 07 83
0x00007f3aa0db17b4:   f8 02 0f 84 11 04 00 00 4c 8b 6f 18 49 89 ff 49
0x00007f3aa0db17c4:   89 f4 4d 85 ed 74 14 4c 89 ef e8 5d 57 22 00 41
0x00007f3aa0db17d4:   8b 07 83 f8 02 0f 84 19 04 00 00 48 8d 1d 9a 06
0x00007f3aa0db17e4:   8a 00 4c 8d 35 0b 3c 58 00 eb 38 90 48 85 d2 7f
0x00007f3aa0db17f4:   0d 48 8d 05 b4 c0 85 00 48 83 38 00 7e 0e 41 8b
0x00007f3aa0db1804:   77 2c 4c 89 f7 31 c0 e8 a0 b2 f7 ff 49 8b 7f 18 


Stack slot to memory mapping:
stack at sp + 0 slots: 0x00007f3a80818940 is pointing into the stack for thread: 0x00007f3a9c0b21e0
stack at sp + 1 slots: 0x00007f3a9c0b21e0 is a thread
stack at sp + 2 slots: 0x00007f3a820698c8 points into unknown readable memory: 0x6573001880c9ffff | ff ff c9 80 18 00 73 65
stack at sp + 3 slots: 0x0000000800c417a0 is a pointer to class: 
jdk.vm.ci.services.Services {0x0000000800c417a0}
 - instance size:     2
 - klass size:        65
 - access:            public final synchronized 
 - state:             fully_initialized
 - name:              'jdk/vm/ci/services/Services'
 - super:             'java/lang/Object'
 - sub:               
 - arrays:            NULL
 - methods:           Array<T>(0x00007f3a81041740)
 - method ordering:   Array<T>(0x0000000800928960)
 - default_methods:   Array<T>(0x0000000000000000)
 - local interfaces:  Array<T>(0x00000008005ce810)
 - trans. interfaces: Array<T>(0x00000008005ce810)
 - constants:         constant pool [427] {0x00007f3a81040820} for 'jdk/vm/ci/services/Services' cache=0x00007f3a81042a10
 - class loader data:  loader data: 0x00007f3a9c0283f0 of 'bootstrap'
 - source file:       'Services.java'
 - class annotations:       Array<T>(0x0000000000000000)
 - class type annotations:  Array<T>(0x0000000000000000)
 - field annotations:       Array<T>(0x0000000000000000)
 - field type annotations:  Array<T>(0x0000000000000000)
 - inner classes:     Array<T>(0x00007f3a810429e0)
 - nest members:     Array<T>(0x00007f3a81042a00)
 - permitted subclasses:     Array<T>(0x00000008005ce7a0)
 - java mirror:       a 'java/lang/Class'{0x00000000e0148900} = 'jdk/vm/ci/services/Services'
 - vtable length      5  (start addr: 0x0000000800c41970)
 - itable length      2 (start addr: 0x0000000800c41998)
 - ---- static fields (3 words):
 - public static final 'IS_BUILDING_NATIVE_IMAGE' 'Z' @128 
 - public static final 'IS_IN_NATIVE_IMAGE' 'Z' @129 
 - private static volatile 'savedProperties' 'Ljava/util/Map;' @112 
 - static final 'JVMCI_ENABLED' 'Z' @130 
 - private static final 'servicesCache' 'Ljava/util/Map;' @116 
 - private static final 'MAX_UNICODE_IN_UTF8_LENGTH' 'I' @120 
 - private static final 'MAX_UTF8_PROPERTY_STRING_LENGTH' 'I' @124 
 - ---- non-static fields (0 words):
 - non-static oop maps: 
stack at sp + 4 slots: 0x00007f3a80818500 is pointing into the stack for thread: 0x00007f3a9c0b21e0
stack at sp + 5 slots: 0x00007f3aa0d7d2fe: <offset 0x000000000093e2fe> in /nix/store/gpxl5qgg8kicmcvivwmybwjlpf7wh20l-graalvm17-ce-22.3.0/lib/server/libjvm.so at 0x00007f3aa043f000
stack at sp + 6 slots: 0x00007f3a808183e0 is pointing into the stack for thread: 0x00007f3a9c0b21e0
stack at sp + 7 slots: 0x00007f3a80818440 is pointing into the stack for thread: 0x00007f3a9c0b21e0


---------------  P R O C E S S  ---------------

Threads class SMR info:
_java_thread_list=0x00007f3a18286d70, length=24, elements={
0x00007f3a9c026690, 0x00007f3a9c0a64d0, 0x00007f3a9c0a7910, 0x00007f3a9c0ae050,
0x00007f3a9c0af400, 0x00007f3a9c0b07f0, 0x00007f3a9c0b21e0, 0x00007f3a9c0b36f0,
0x00007f3a9c0b4b40, 0x00007f3a9c0d7fa0, 0x00007f3a9c11fd30, 0x00007f3a9c30a4b0,
0x00007f3a9c33cd20, 0x00007f3a9c33f540, 0x00007f3a9c3241b0, 0x00007f3a30016ff0,
0x00007f3a302a0a30, 0x00007f3a30304ad0, 0x00007f3a30484d80, 0x00007f3a30689f60,
0x00007f3a9c3d38f0, 0x00007f3a9c4a9d40, 0x00007f3a0c001130, 0x00007f3a180010d0
}

Java Threads: ( => current thread )
  0x00007f3a9c026690 JavaThread "main" [_thread_blocked, id=36, stack(0x00007f3aa025a000,0x00007f3aa035a000)]
  0x00007f3a9c0a64d0 JavaThread "Reference Handler" daemon [_thread_blocked, id=39, stack(0x00007f3a80f00000,0x00007f3a81000000)]
  0x00007f3a9c0a7910 JavaThread "Finalizer" daemon [_thread_blocked, id=40, stack(0x00007f3a80e00000,0x00007f3a80f00000)]
  0x00007f3a9c0ae050 JavaThread "Signal Dispatcher" daemon [_thread_blocked, id=41, stack(0x00007f3a80a1a000,0x00007f3a80b1a000)]
  0x00007f3a9c0af400 JavaThread "Service Thread" daemon [_thread_blocked, id=42, stack(0x00007f3a8091a000,0x00007f3a80a1a000)]
  0x00007f3a9c0b07f0 JavaThread "Monitor Deflation Thread" daemon [_thread_blocked, id=43, stack(0x00007f3a8081a000,0x00007f3a8091a000)]
=>0x00007f3a9c0b21e0 JavaThread "JVMCI-native CompilerThread0" daemon [_thread_in_vm, id=44, stack(0x00007f3a8061a000,0x00007f3a8081a000)]
  0x00007f3a9c0b36f0 JavaThread "C1 CompilerThread0" daemon [_thread_blocked, id=45, stack(0x00007f3a8041a000,0x00007f3a8061a000)]
  0x00007f3a9c0b4b40 JavaThread "Sweeper thread" daemon [_thread_blocked, id=46, stack(0x00007f3a8031a000,0x00007f3a8041a000)]
  0x00007f3a9c0d7fa0 JavaThread "Common-Cleaner" daemon [_thread_blocked, id=48, stack(0x00007f3a8021a000,0x00007f3a8031a000)]
  0x00007f3a9c11fd30 JavaThread "Notification Thread" daemon [_thread_blocked, id=51, stack(0x00007f3a8011a000,0x00007f3a8021a000)]
  0x00007f3a9c30a4b0 JavaThread "Active Thread: Equinox Container: bd0d0575-d4b1-4ac5-bd11-d4c4cb93bb65" [_thread_blocked, id=67, stack(0x00007f3a48900000,0x00007f3a48a00000)]
  0x00007f3a9c33cd20 JavaThread "Framework Event Dispatcher: Equinox Container: bd0d0575-d4b1-4ac5-bd11-d4c4cb93bb65" daemon [_thread_blocked, id=68, stack(0x00007f3a48700000,0x00007f3a48800000)]
  0x00007f3a9c33f540 JavaThread "Start Level: Equinox Container: bd0d0575-d4b1-4ac5-bd11-d4c4cb93bb65" daemon [_thread_blocked, id=69, stack(0x00007f3a48500000,0x00007f3a48600000)]
  0x00007f3a9c3241b0 JavaThread "Refresh Thread: Equinox Container: bd0d0575-d4b1-4ac5-bd11-d4c4cb93bb65" daemon [_thread_blocked, id=78, stack(0x00007f3a48300000,0x00007f3a48400000)]
  0x00007f3a30016ff0 JavaThread "SCR Component Actor" daemon [_thread_blocked, id=79, stack(0x00007f3a48100000,0x00007f3a48200000)]
  0x00007f3a302a0a30 JavaThread "Worker-JM" [_thread_blocked, id=89, stack(0x00007f3a47d00000,0x00007f3a47e00000)]
  0x00007f3a30304ad0 JavaThread "Worker-0: Compacting resource model" [_thread_blocked, id=90, stack(0x00007f3a47b00000,0x00007f3a47c00000)]
  0x00007f3a30484d80 JavaThread "Java indexing" daemon [_thread_blocked, id=92, stack(0x00007f3a47700000,0x00007f3a47800000)]
  0x00007f3a30689f60 JavaThread "Bundle File Closer" daemon [_thread_blocked, id=93, stack(0x00007f3a47500000,0x00007f3a47600000)]
  0x00007f3a9c3d38f0 JavaThread "pool-3-thread-1" [_thread_blocked, id=102, stack(0x00007f3a47300000,0x00007f3a47400000)]
  0x00007f3a9c4a9d40 JavaThread "pool-2-thread-1" [_thread_in_native, id=104, stack(0x00007f3a46f00000,0x00007f3a47000000)]
  0x00007f3a0c001130 JavaThread "Worker-3" [_thread_blocked, id=105, stack(0x00007f3a46d00000,0x00007f3a46e00000)]
  0x00007f3a180010d0 JavaThread "Worker-6: Periodic workspace save." [_thread_blocked, id=957, stack(0x00007f3a47f00000,0x00007f3a48000000)]

Other Threads:
  0x00007f3a9c0a1c10 VMThread "VM Thread" [stack: 0x00007f3a81812000,0x00007f3a81912000] [id=38] _threads_hazard_ptr=0x00007f3a18286d70
  0x00007f3a9c1216d0 WatcherThread [stack: 0x00007f3a8001a000,0x00007f3a8011a000] [id=52]
  0x00007f3a9c03df30 GCTaskThread "GC Thread#0" [stack: 0x00007f3a832b2000,0x00007f3a833b2000] [id=37]

Threads with active compile tasks:
JVMCI-native CompilerThread0   495519 7600       4       jdk.internal.jimage.ImageLocation::readValue (61 bytes)

VM state: synchronizing (normal execution)

VM Mutex/Monitor currently owned by a thread:  ([mutex/lock_event])
[0x00007f3a9c023840] Threads_lock - owner thread: 0x00007f3a9c0a1c10
[0x00007f3a9c023ff0] Heap_lock - owner thread: 0x00007f3a30484d80

OutOfMemory and StackOverflow Exception counts:
OutOfMemoryError java_heap_errors=1
LinkageErrors=56

Heap address: 0x00000000e0000000, size: 512 MB, Compressed Oops mode: 32-bit

CDS archive(s) mapped at: [0x0000000800000000-0x0000000800bc8000-0x0000000800bc8000), size 12353536, SharedBaseAddress: 0x0000000800000000, ArchiveRelocationMode: 0.
Compressed class space mapped at: 0x0000000800c00000-0x0000000840c00000, reserved size: 1073741824
Narrow klass base: 0x0000000800000000, Narrow klass shift: 0, Narrow klass range: 0x100000000

GC Precious Log:
 CPUs: 8 total, 1 available
 Memory: 1024M
 Large Page Support: Disabled
 NUMA Support: Disabled
 Compressed Oops: Enabled (32-bit)
 Alignments: Space 512K, Generation 512K, Heap 2M
 Heap Min Capacity: 100M
 Heap Initial Capacity: 100M
 Heap Max Capacity: 512M
 Pre-touch: Disabled
 Parallel Workers: 1

Heap:
 PSYoungGen      total 46080K, used 25600K [0x00000000f5580000, 0x00000000f9780000, 0x0000000100000000)
  eden space 25600K, 100% used [0x00000000f5580000,0x00000000f6e80000,0x00000000f6e80000)
  from space 20480K, 0% used [0x00000000f6e80000,0x00000000f6e80000,0x00000000f8280000)
  to   space 20480K, 0% used [0x00000000f8280000,0x00000000f8280000,0x00000000f9680000)
 ParOldGen       total 349696K, used 349694K [0x00000000e0000000, 0x00000000f5580000, 0x00000000f5580000)
  object space 349696K, 99% used [0x00000000e0000000,0x00000000f557fa40,0x00000000f5580000)
 Metaspace       used 53977K, committed 54912K, reserved 1097728K
  class space    used 5427K, committed 5824K, reserved 1048576K

Card table byte_map: [0x00007f3a833b2000,0x00007f3a834b3000] _byte_map_base: 0x00007f3a82cb2000

Marking Bits: (ParMarkBitMap*) 0x00007f3aa166d4c0
 Begin Bits: [0x00007f3a82205000, 0x00007f3a82a05000)
 End Bits:   [0x00007f3a82a05000, 0x00007f3a83205000)

Polling page: 0x00007f3aa0237000

Metaspace:

Usage:
  Non-class:     47.41 MB used.
      Class:      5.30 MB used.
       Both:     52.71 MB used.

Virtual space:
  Non-class space:       48.00 MB reserved,      47.94 MB (>99%) committed,  6 nodes.
      Class space:        1.00 GB reserved,       5.69 MB ( <1%) committed,  1 nodes.
             Both:        1.05 GB reserved,      53.62 MB (  5%) committed. 

Chunk freelists:
   Non-Class:  146.00 KB
       Class:  2.39 MB
        Both:  2.54 MB

MaxMetaspaceSize: unlimited
CompressedClassSpaceSize: 1.00 GB
Initial GC threshold: 21.00 MB
Current GC threshold: 89.31 MB
CDS: on
MetaspaceReclaimPolicy: balanced
 - commit_granule_bytes: 65536.
 - commit_granule_words: 8192.
 - virtual_space_node_default_size: 1048576.
 - enlarge_chunks_in_place: 1.
 - new_chunks_are_fully_committed: 0.
 - uncommit_free_chunks: 1.
 - use_allocation_guard: 0.
 - handle_deallocations: 1.


Internal statistics:

num_allocs_failed_limit: 6.
num_arena_births: 384.
num_arena_deaths: 78.
num_vsnodes_births: 7.
num_vsnodes_deaths: 0.
num_space_committed: 857.
num_space_uncommitted: 0.
num_chunks_returned_to_freelist: 103.
num_chunks_taken_from_freelist: 2441.
num_chunk_merges: 38.
num_chunk_splits: 1600.
num_chunks_enlarged: 1018.
num_purges: 4.
num_inconsistent_stats: 0.

CodeHeap 'non-profiled nmethods': size=120036Kb used=2408Kb max_used=2408Kb free=117627Kb
 bounds [0x00007f3a8af7a000, 0x00007f3a8b1ea000, 0x00007f3a924b3000]
CodeHeap 'profiled nmethods': size=120032Kb used=11527Kb max_used=14311Kb free=108504Kb
 bounds [0x00007f3a83a42000, 0x00007f3a84842000, 0x00007f3a8af7a000]
CodeHeap 'non-nmethods': size=5692Kb used=1370Kb max_used=1397Kb free=4321Kb
 bounds [0x00007f3a834b3000, 0x00007f3a83723000, 0x00007f3a83a42000]
 total_blobs=6336 nmethods=5635 adapters=616
 compilation: enabled
              stopped_count=0, restarted_count=0
 full_count=0

JVMCI Events (20 events):
Event: 58.904 Thread 0x00007f3a9c0b21e0 compacted oop handles in JVMCI runtime 0 from 297 to 239
Event: 58.981 Thread 0x00007f3a9c0b21e0 compacted oop handles in JVMCI runtime 0 from 240 to 113
Event: 59.092 Thread 0x00007f3a9c0b21e0 compacted oop handles in JVMCI runtime 0 from 144 to 136
Event: 59.199 Thread 0x00007f3a9c0b21e0 compacted oop handles in JVMCI runtime 0 from 139 to 114
Event: 59.376 Thread 0x00007f3a9c0b21e0 compacted oop handles in JVMCI runtime 0 from 159 to 158
Event: 61.221 Thread 0x00007f3a9c0b21e0 compacted oop handles in JVMCI runtime 0 from 168 to 161
Event: 61.221 Thread 0x00007f3a9c0b21e0 compacted oop handles in JVMCI runtime 0 from 162 to 123
Event: 61.788 Thread 0x00007f3a9c0b21e0 compacted oop handles in JVMCI runtime 0 from 128 to 127
Event: 64.860 Thread 0x00007f3a9c0b21e0 detaching from JVMCI runtime 0: releasing idle compiler thread (0 other threads still attached)
Event: 64.860 Thread 0x00007f3a9c0b21e0 shutting down HotSpotJVMCIRuntime for JVMCI runtime 0
Event: 64.860 Thread 0x00007f3a9c0b21e0 compacted oop handles in JVMCI runtime 0 from 127 to 126
Event: 64.860 Thread 0x00007f3a9c0b21e0 shut down JVMCI runtime 0
Event: 64.867 Thread 0x00007f3a9c0b21e0 destroyed JavaVM[1]@0x00007f3a4969e340 for JVMCI runtime 0
Event: 64.867 Thread 0x00007f3a9c0b21e0 compacted oop handles in JVMCI runtime 0 from 126 to 126
Event: 64.867 Thread 0x00007f3a9c0b21e0 releasing handles for JVMCI runtime 0: oop handles=126, metadata handles={total=1024, live=513, blocks=32}
Event: 64.867 Thread 0x00007f3a9c0b21e0 detached from JVMCI runtime 0
Event: 464.302 Thread 0x00007f3a9c0b21e0 attached to JVMCI runtime 0
Event: 464.304 Thread 0x00007f3a9c0b21e0 created JavaVM[2]@0x00007f3a2d29e340 for JVMCI runtime 0
Event: 465.520 Thread 0x00007f3a9c0b21e0 initializing JVMCI runtime 0
Event: 465.520 Thread 0x00007f3a9c0b21e0 done waiting for JavaVM references initialization in JVMCI runtime 0

Compilation events (20 events):
Event: 61.622 Thread 0x00007f3a9c0b21e0 nmethod 7591% 0x00007f3a8b1ccf90 code [0x00007f3a8b1cd2c0, 0x00007f3a8b1cfb88]
Event: 61.623 Thread 0x00007f3a9c0b21e0 7592       4       org.eclipse.jdt.internal.compiler.util.HashtableOfObject::put (113 bytes)
Event: 61.730 Thread 0x00007f3a9c0b21e0 nmethod 7592 0x00007f3a8b1d1090 code [0x00007f3a8b1d1240, 0x00007f3a8b1d1a30]
Event: 61.730 Thread 0x00007f3a9c0b21e0 7593       4       org.eclipse.jdt.internal.core.index.DiskIndex::copyQueryResults (218 bytes)
Event: 61.985 Thread 0x00007f3a9c0b21e0 nmethod 7593 0x00007f3a8b1d1d90 code [0x00007f3a8b1d1fc0, 0x00007f3a8b1d3250]
Event: 61.985 Thread 0x00007f3a9c0b21e0 7590       4       org.eclipse.jdt.internal.core.index.DiskIndex$IntList::add (67 bytes)
Event: 61.995 Thread 0x00007f3a9c0b21e0 nmethod 7590 0x00007f3a8b1d3d10 code [0x00007f3a8b1d3ea0, 0x00007f3a8b1d4128]
Event: 325.044 Thread 0x00007f3a9c0b36f0 7594       3       java.util.UUID::randomUUID (64 bytes)
Event: 325.044 Thread 0x00007f3a9c0b36f0 nmethod 7594 0x00007f3a83a72410 code [0x00007f3a83a725c0, 0x00007f3a83a72870]
Event: 336.688 Thread 0x00007f3a9c0b36f0 7595       3       org.eclipse.core.internal.jobs.InternalJob::remove (48 bytes)
Event: 338.199 Thread 0x00007f3a9c0b36f0 nmethod 7595 0x00007f3a83b27a90 code [0x00007f3a83b27c40, 0x00007f3a83b27e70]
Event: 376.886 Thread 0x00007f3a9c0b36f0 7596       3       org.eclipse.core.internal.preferences.StringPool::add (59 bytes)
Event: 378.115 Thread 0x00007f3a9c0b36f0 nmethod 7596 0x00007f3a843af010 code [0x00007f3a843af200, 0x00007f3a843afbd0]
Event: 418.517 Thread 0x00007f3a9c0b36f0 7597   !   3       org.eclipse.jdt.ls.core.internal.CancellableProgressMonitor::isCanceled (33 bytes)
Event: 419.912 Thread 0x00007f3a9c0b36f0 nmethod 7597 0x00007f3a8443c210 code [0x00007f3a8443c420, 0x00007f3a8443d1e0]
Event: 459.175 Thread 0x00007f3a9c0b36f0 7598   !   3       jdk.internal.loader.BuiltinClassLoader$2::run (114 bytes)
Event: 461.716 Thread 0x00007f3a9c0b36f0 nmethod 7598 0x00007f3a83c0a090 code [0x00007f3a83c0a320, 0x00007f3a83c0bbf0]
Event: 461.716 Thread 0x00007f3a9c0b36f0 7599       3       java.util.concurrent.ThreadPoolExecutor::runStateAtLeast (11 bytes)
Event: 461.716 Thread 0x00007f3a9c0b36f0 nmethod 7599 0x00007f3a83a64d10 code [0x00007f3a83a64ea0, 0x00007f3a83a64ff0]
Event: 464.302 Thread 0x00007f3a9c0b21e0 7600       4       jdk.internal.jimage.ImageLocation::readValue (61 bytes)

GC Heap History (20 events):
Event: 482.930 GC heap before
{Heap before GC invocations=402 (full 304):
 PSYoungGen      total 46080K, used 25600K [0x00000000f5580000, 0x00000000f9780000, 0x0000000100000000)
  eden space 25600K, 100% used [0x00000000f5580000,0x00000000f6e80000,0x00000000f6e80000)
  from space 20480K, 0% used [0x00000000f6e80000,0x00000000f6e80000,0x00000000f8280000)
  to   space 20480K, 0% used [0x00000000f8280000,0x00000000f8280000,0x00000000f9680000)
 ParOldGen       total 349696K, used 349691K [0x00000000e0000000, 0x00000000f5580000, 0x00000000f5580000)
  object space 349696K, 99% used [0x00000000e0000000,0x00000000f557ec40,0x00000000f5580000)
 Metaspace       used 53977K, committed 54912K, reserved 1097728K
  class space    used 5427K, committed 5824K, reserved 1048576K
}
Event: 484.113 GC heap after
{Heap after GC invocations=402 (full 304):
 PSYoungGen      total 46080K, used 25600K [0x00000000f5580000, 0x00000000f9780000, 0x0000000100000000)
  eden space 25600K, 100% used [0x00000000f5580000,0x00000000f6e80000,0x00000000f6e80000)
  from space 20480K, 0% used [0x00000000f8280000,0x00000000f8280000,0x00000000f9680000)
  to   space 20480K, 0% used [0x00000000f6e80000,0x00000000f6e80000,0x00000000f8280000)
 ParOldGen       total 349696K, used 349688K [0x00000000e0000000, 0x00000000f5580000, 0x00000000f5580000)
  object space 349696K, 99% used [0x00000000e0000000,0x00000000f557e3f8,0x00000000f5580000)
 Metaspace       used 53977K, committed 54912K, reserved 1097728K
  class space    used 5427K, committed 5824K, reserved 1048576K
}
Event: 484.113 GC heap before
{Heap before GC invocations=403 (full 305):
 PSYoungGen      total 46080K, used 25600K [0x00000000f5580000, 0x00000000f9780000, 0x0000000100000000)
  eden space 25600K, 100% used [0x00000000f5580000,0x00000000f6e80000,0x00000000f6e80000)
  from space 20480K, 0% used [0x00000000f8280000,0x00000000f8280000,0x00000000f9680000)
  to   space 20480K, 0% used [0x00000000f6e80000,0x00000000f6e80000,0x00000000f8280000)
 ParOldGen       total 349696K, used 349691K [0x00000000e0000000, 0x00000000f5580000, 0x00000000f5580000)
  object space 349696K, 99% used [0x00000000e0000000,0x00000000f557ec78,0x00000000f5580000)
 Metaspace       used 53977K, committed 54912K, reserved 1097728K
  class space    used 5427K, committed 5824K, reserved 1048576K
}
Event: 485.226 GC heap after
{Heap after GC invocations=403 (full 305):
 PSYoungGen      total 46080K, used 25600K [0x00000000f5580000, 0x00000000f9780000, 0x0000000100000000)
  eden space 25600K, 100% used [0x00000000f5580000,0x00000000f6e80000,0x00000000f6e80000)
  from space 20480K, 0% used [0x00000000f6e80000,0x00000000f6e80000,0x00000000f8280000)
  to   space 20480K, 0% used [0x00000000f8280000,0x00000000f8280000,0x00000000f9680000)
 ParOldGen       total 349696K, used 349689K [0x00000000e0000000, 0x00000000f5580000, 0x00000000f5580000)
  object space 349696K, 99% used [0x00000000e0000000,0x00000000f557e780,0x00000000f5580000)
 Metaspace       used 53977K, committed 54912K, reserved 1097728K
  class space    used 5427K, committed 5824K, reserved 1048576K
}
Event: 485.226 GC heap before
{Heap before GC invocations=404 (full 306):
 PSYoungGen      total 46080K, used 25600K [0x00000000f5580000, 0x00000000f9780000, 0x0000000100000000)
  eden space 25600K, 100% used [0x00000000f5580000,0x00000000f6e80000,0x00000000f6e80000)
  from space 20480K, 0% used [0x00000000f6e80000,0x00000000f6e80000,0x00000000f8280000)
  to   space 20480K, 0% used [0x00000000f8280000,0x00000000f8280000,0x00000000f9680000)
 ParOldGen       total 349696K, used 349692K [0x00000000e0000000, 0x00000000f5580000, 0x00000000f5580000)
  object space 349696K, 99% used [0x00000000e0000000,0x00000000f557f3f0,0x00000000f5580000)
 Metaspace       used 53977K, committed 54912K, reserved 1097728K
  class space    used 5427K, committed 5824K, reserved 1048576K
}
Event: 486.510 GC heap after
{Heap after GC invocations=404 (full 306):
 PSYoungGen      total 46080K, used 25599K [0x00000000f5580000, 0x00000000f9780000, 0x0000000100000000)
  eden space 25600K, 99% used [0x00000000f5580000,0x00000000f6e7ff58,0x00000000f6e80000)
  from space 20480K, 0% used [0x00000000f8280000,0x00000000f8280000,0x00000000f9680000)
  to   space 20480K, 0% used [0x00000000f6e80000,0x00000000f6e80000,0x00000000f8280000)
 ParOldGen       total 349696K, used 349692K [0x00000000e0000000, 0x00000000f5580000, 0x00000000f5580000)
  object space 349696K, 99% used [0x00000000e0000000,0x00000000f557f040,0x00000000f5580000)
 Metaspace       used 53977K, committed 54912K, reserved 1097728K
  class space    used 5427K, committed 5824K, reserved 1048576K
}
Event: 486.510 GC heap before
{Heap before GC invocations=405 (full 307):
 PSYoungGen      total 46080K, used 25599K [0x00000000f5580000, 0x00000000f9780000, 0x0000000100000000)
  eden space 25600K, 99% used [0x00000000f5580000,0x00000000f6e7ffd8,0x00000000f6e80000)
  from space 20480K, 0% used [0x00000000f8280000,0x00000000f8280000,0x00000000f9680000)
  to   space 20480K, 0% used [0x00000000f6e80000,0x00000000f6e80000,0x00000000f8280000)
 ParOldGen       total 349696K, used 349692K [0x00000000e0000000, 0x00000000f5580000, 0x00000000f5580000)
  object space 349696K, 99% used [0x00000000e0000000,0x00000000f557f040,0x00000000f5580000)
 Metaspace       used 53977K, committed 54912K, reserved 1097728K
  class space    used 5427K, committed 5824K, reserved 1048576K
}
Event: 487.823 GC heap after
{Heap after GC invocations=405 (full 307):
 PSYoungGen      total 46080K, used 25599K [0x00000000f5580000, 0x00000000f9780000, 0x0000000100000000)
  eden space 25600K, 99% used [0x00000000f5580000,0x00000000f6e7ffc0,0x00000000f6e80000)
  from space 20480K, 0% used [0x00000000f6e80000,0x00000000f6e80000,0x00000000f8280000)
  to   space 20480K, 0% used [0x00000000f8280000,0x00000000f8280000,0x00000000f9680000)
 ParOldGen       total 349696K, used 349692K [0x00000000e0000000, 0x00000000f5580000, 0x00000000f5580000)
  object space 349696K, 99% used [0x00000000e0000000,0x00000000f557f020,0x00000000f5580000)
 Metaspace       used 53977K, committed 54912K, reserved 1097728K
  class space    used 5427K, committed 5824K, reserved 1048576K
}
Event: 487.826 GC heap before
{Heap before GC invocations=406 (full 308):
 PSYoungGen      total 46080K, used 25599K [0x00000000f5580000, 0x00000000f9780000, 0x0000000100000000)
  eden space 25600K, 99% used [0x00000000f5580000,0x00000000f6e7fff0,0x00000000f6e80000)
  from space 20480K, 0% used [0x00000000f6e80000,0x00000000f6e80000,0x00000000f8280000)
  to   space 20480K, 0% used [0x00000000f8280000,0x00000000f8280000,0x00000000f9680000)
 ParOldGen       total 349696K, used 349692K [0x00000000e0000000, 0x00000000f5580000, 0x00000000f5580000)
  object space 349696K, 99% used [0x00000000e0000000,0x00000000f557f020,0x00000000f5580000)
 Metaspace       used 53977K, committed 54912K, reserved 1097728K
  class space    used 5427K, committed 5824K, reserved 1048576K
}
Event: 489.119 GC heap after
{Heap after GC invocations=406 (full 308):
 PSYoungGen      total 46080K, used 25599K [0x00000000f5580000, 0x00000000f9780000, 0x0000000100000000)
  eden space 25600K, 99% used [0x00000000f5580000,0x00000000f6e7ffd0,0x00000000f6e80000)
  from space 20480K, 0% used [0x00000000f8280000,0x00000000f8280000,0x00000000f9680000)
  to   space 20480K, 0% used [0x00000000f6e80000,0x00000000f6e80000,0x00000000f8280000)
 ParOldGen       total 349696K, used 349692K [0x00000000e0000000, 0x00000000f5580000, 0x00000000f5580000)
  object space 349696K, 99% used [0x00000000e0000000,0x00000000f557f008,0x00000000f5580000)
 Metaspace       used 53977K, committed 54912K, reserved 1097728K
  class space    used 5427K, committed 5824K, reserved 1048576K
}
Event: 489.120 GC heap before
{Heap before GC invocations=407 (full 309):
 PSYoungGen      total 46080K, used 25599K [0x00000000f5580000, 0x00000000f9780000, 0x0000000100000000)
  eden space 25600K, 99% used [0x00000000f5580000,0x00000000f6e7ffe8,0x00000000f6e80000)
  from space 20480K, 0% used [0x00000000f8280000,0x00000000f8280000,0x00000000f9680000)
  to   space 20480K, 0% used [0x00000000f6e80000,0x00000000f6e80000,0x00000000f8280000)
 ParOldGen       total 349696K, used 349692K [0x00000000e0000000, 0x00000000f5580000, 0x00000000f5580000)
  object space 349696K, 99% used [0x00000000e0000000,0x00000000f557f008,0x00000000f5580000)
 Metaspace       used 53977K, committed 54912K, reserved 1097728K
  class space    used 5427K, committed 5824K, reserved 1048576K
}
Event: 490.513 GC heap after
{Heap after GC invocations=407 (full 309):
 PSYoungGen      total 46080K, used 25599K [0x00000000f5580000, 0x00000000f9780000, 0x0000000100000000)
  eden space 25600K, 99% used [0x00000000f5580000,0x00000000f6e7ffe8,0x00000000f6e80000)
  from space 20480K, 0% used [0x00000000f6e80000,0x00000000f6e80000,0x00000000f8280000)
  to   space 20480K, 0% used [0x00000000f8280000,0x00000000f8280000,0x00000000f9680000)
 ParOldGen       total 349696K, used 349692K [0x00000000e0000000, 0x00000000f5580000, 0x00000000f5580000)
  object space 349696K, 99% used [0x00000000e0000000,0x00000000f557f008,0x00000000f5580000)
 Metaspace       used 53977K, committed 54912K, reserved 1097728K
  class space    used 5427K, committed 5824K, reserved 1048576K
}
Event: 490.513 GC heap before
{Heap before GC invocations=408 (full 310):
 PSYoungGen      total 46080K, used 25600K [0x00000000f5580000, 0x00000000f9780000, 0x0000000100000000)
  eden space 25600K, 100% used [0x00000000f5580000,0x00000000f6e80000,0x00000000f6e80000)
  from space 20480K, 0% used [0x00000000f6e80000,0x00000000f6e80000,0x00000000f8280000)
  to   space 20480K, 0% used [0x00000000f8280000,0x00000000f8280000,0x00000000f9680000)
 ParOldGen       total 349696K, used 349695K [0x00000000e0000000, 0x00000000f5580000, 0x00000000f5580000)
  object space 349696K, 99% used [0x00000000e0000000,0x00000000f557fc38,0x00000000f5580000)
 Metaspace       used 53977K, committed 54912K, reserved 1097728K
  class space    used 5427K, committed 5824K, reserved 1048576K
}
Event: 491.699 GC heap after
{Heap after GC invocations=408 (full 310):
 PSYoungGen      total 46080K, used 25599K [0x00000000f5580000, 0x00000000f9780000, 0x0000000100000000)
  eden space 25600K, 99% used [0x00000000f5580000,0x00000000f6e7ffd0,0x00000000f6e80000)
  from space 20480K, 0% used [0x00000000f8280000,0x00000000f8280000,0x00000000f9680000)
  to   space 20480K, 0% used [0x00000000f6e80000,0x00000000f6e80000,0x00000000f8280000)
 ParOldGen       total 349696K, used 349694K [0x00000000e0000000, 0x00000000f5580000, 0x00000000f5580000)
  object space 349696K, 99% used [0x00000000e0000000,0x00000000f557f998,0x00000000f5580000)
 Metaspace       used 53977K, committed 54912K, reserved 1097728K
  class space    used 5427K, committed 5824K, reserved 1048576K
}
Event: 491.700 GC heap before
{Heap before GC invocations=409 (full 311):
 PSYoungGen      total 46080K, used 25600K [0x00000000f5580000, 0x00000000f9780000, 0x0000000100000000)
  eden space 25600K, 100% used [0x00000000f5580000,0x00000000f6e80000,0x00000000f6e80000)
  from space 20480K, 0% used [0x00000000f8280000,0x00000000f8280000,0x00000000f9680000)
  to   space 20480K, 0% used [0x00000000f6e80000,0x00000000f6e80000,0x00000000f8280000)
 ParOldGen       total 349696K, used 349694K [0x00000000e0000000, 0x00000000f5580000, 0x00000000f5580000)
  object space 349696K, 99% used [0x00000000e0000000,0x00000000f557f998,0x00000000f5580000)
 Metaspace       used 53977K, committed 54912K, reserved 1097728K
  class space    used 5427K, committed 5824K, reserved 1048576K
}
Event: 492.987 GC heap after
{Heap after GC invocations=409 (full 311):
 PSYoungGen      total 46080K, used 25600K [0x00000000f5580000, 0x00000000f9780000, 0x0000000100000000)
  eden space 25600K, 100% used [0x00000000f5580000,0x00000000f6e80000,0x00000000f6e80000)
  from space 20480K, 0% used [0x00000000f6e80000,0x00000000f6e80000,0x00000000f8280000)
  to   space 20480K, 0% used [0x00000000f8280000,0x00000000f8280000,0x00000000f9680000)
 ParOldGen       total 349696K, used 349694K [0x00000000e0000000, 0x00000000f5580000, 0x00000000f5580000)
  object space 349696K, 99% used [0x00000000e0000000,0x00000000f557f998,0x00000000f5580000)
 Metaspace       used 53977K, committed 54912K, reserved 1097728K
  class space    used 5427K, committed 5824K, reserved 1048576K
}
Event: 492.989 GC heap before
{Heap before GC invocations=410 (full 312):
 PSYoungGen      total 46080K, used 25600K [0x00000000f5580000, 0x00000000f9780000, 0x0000000100000000)
  eden space 25600K, 100% used [0x00000000f5580000,0x00000000f6e80000,0x00000000f6e80000)
  from space 20480K, 0% used [0x00000000f6e80000,0x00000000f6e80000,0x00000000f8280000)
  to   space 20480K, 0% used [0x00000000f8280000,0x00000000f8280000,0x00000000f9680000)
 ParOldGen       total 349696K, used 349695K [0x00000000e0000000, 0x00000000f5580000, 0x00000000f5580000)
  object space 349696K, 99% used [0x00000000e0000000,0x00000000f557fcb8,0x00000000f5580000)
 Metaspace       used 53977K, committed 54912K, reserved 1097728K
  class space    used 5427K, committed 5824K, reserved 1048576K
}
Event: 494.278 GC heap after
{Heap after GC invocations=410 (full 312):
 PSYoungGen      total 46080K, used 25599K [0x00000000f5580000, 0x00000000f9780000, 0x0000000100000000)
  eden space 25600K, 99% used [0x00000000f5580000,0x00000000f6e7ffe8,0x00000000f6e80000)
  from space 20480K, 0% used [0x00000000f8280000,0x00000000f8280000,0x00000000f9680000)
  to   space 20480K, 0% used [0x00000000f6e80000,0x00000000f6e80000,0x00000000f8280000)
 ParOldGen       total 349696K, used 349694K [0x00000000e0000000, 0x00000000f5580000, 0x00000000f5580000)
  object space 349696K, 99% used [0x00000000e0000000,0x00000000f557fa58,0x00000000f5580000)
 Metaspace       used 53977K, committed 54912K, reserved 1097728K
  class space    used 5427K, committed 5824K, reserved 1048576K
}
Event: 494.278 GC heap before
{Heap before GC invocations=411 (full 313):
 PSYoungGen      total 46080K, used 25599K [0x00000000f5580000, 0x00000000f9780000, 0x0000000100000000)
  eden space 25600K, 99% used [0x00000000f5580000,0x00000000f6e7ffe8,0x00000000f6e80000)
  from space 20480K, 0% used [0x00000000f8280000,0x00000000f8280000,0x00000000f9680000)
  to   space 20480K, 0% used [0x00000000f6e80000,0x00000000f6e80000,0x00000000f8280000)
 ParOldGen       total 349696K, used 349694K [0x00000000e0000000, 0x00000000f5580000, 0x00000000f5580000)
  object space 349696K, 99% used [0x00000000e0000000,0x00000000f557fa58,0x00000000f5580000)
 Metaspace       used 53977K, committed 54912K, reserved 1097728K
  class space    used 5427K, committed 5824K, reserved 1048576K
}
Event: 495.482 GC heap after
{Heap after GC invocations=411 (full 313):
 PSYoungGen      total 46080K, used 25599K [0x00000000f5580000, 0x00000000f9780000, 0x0000000100000000)
  eden space 25600K, 99% used [0x00000000f5580000,0x00000000f6e7ff38,0x00000000f6e80000)
  from space 20480K, 0% used [0x00000000f6e80000,0x00000000f6e80000,0x00000000f8280000)
  to   space 20480K, 0% used [0x00000000f8280000,0x00000000f8280000,0x00000000f9680000)
 ParOldGen       total 349696K, used 349693K [0x00000000e0000000, 0x00000000f5580000, 0x00000000f5580000)
  object space 349696K, 99% used [0x00000000e0000000,0x00000000f557f7b0,0x00000000f5580000)
 Metaspace       used 53977K, committed 54912K, reserved 1097728K
  class space    used 5427K, committed 5824K, reserved 1048576K
}

Dll operation events (9 events):
Event: 0.001 Loaded shared library /nix/store/gpxl5qgg8kicmcvivwmybwjlpf7wh20l-graalvm17-ce-22.3.0/lib/libjava.so
Event: 0.027 Loaded shared library /nix/store/gpxl5qgg8kicmcvivwmybwjlpf7wh20l-graalvm17-ce-22.3.0/lib/libjsvml.so
Event: 0.299 Loaded shared library /nix/store/gpxl5qgg8kicmcvivwmybwjlpf7wh20l-graalvm17-ce-22.3.0/lib/libnio.so
Event: 0.303 Loaded shared library /nix/store/gpxl5qgg8kicmcvivwmybwjlpf7wh20l-graalvm17-ce-22.3.0/lib/libzip.so
Event: 0.306 Loaded shared library /nix/store/gpxl5qgg8kicmcvivwmybwjlpf7wh20l-graalvm17-ce-22.3.0/lib/libjvmcicompiler.so
Event: 0.779 Loaded shared library /nix/store/gpxl5qgg8kicmcvivwmybwjlpf7wh20l-graalvm17-ce-22.3.0/lib/libjimage.so
Event: 1.397 Loaded shared library /nix/store/gpxl5qgg8kicmcvivwmybwjlpf7wh20l-graalvm17-ce-22.3.0/lib/libnet.so
Event: 5.046 Loaded shared library /home/runner/.cache/jdt-language-server/config/org.eclipse.equinox.launcher/org.eclipse.equinox.launcher.gtk.linux.x86_64_1.2.400.v20211117-0650/eclipse_11600.so
Event: 14.296 Loaded shared library /nix/store/gpxl5qgg8kicmcvivwmybwjlpf7wh20l-graalvm17-ce-22.3.0/lib/libextnet.so

Deoptimization events (20 events):
Event: 61.886 Thread 0x00007f3a30484d80 DEOPT PACKING pc=0x00007f3a83a45685 sp=0x00007f3a477fe530
Event: 61.886 Thread 0x00007f3a30484d80 DEOPT UNPACKING pc=0x00007f3a83505325 sp=0x00007f3a477fda20 mode 0
Event: 61.889 Thread 0x00007f3a30484d80 DEOPT PACKING pc=0x00007f3a83a45685 sp=0x00007f3a477fe530
Event: 61.889 Thread 0x00007f3a30484d80 DEOPT UNPACKING pc=0x00007f3a83505325 sp=0x00007f3a477fda20 mode 0
Event: 61.892 Thread 0x00007f3a30484d80 DEOPT PACKING pc=0x00007f3a83a45685 sp=0x00007f3a477fe530
Event: 61.892 Thread 0x00007f3a30484d80 DEOPT UNPACKING pc=0x00007f3a83505325 sp=0x00007f3a477fda20 mode 0
Event: 61.896 Thread 0x00007f3a30484d80 DEOPT PACKING pc=0x00007f3a83a45685 sp=0x00007f3a477fe530
Event: 61.896 Thread 0x00007f3a30484d80 DEOPT UNPACKING pc=0x00007f3a83505325 sp=0x00007f3a477fda20 mode 0
Event: 61.908 Thread 0x00007f3a30484d80 DEOPT PACKING pc=0x00007f3a83a45685 sp=0x00007f3a477fe530
Event: 61.908 Thread 0x00007f3a30484d80 DEOPT UNPACKING pc=0x00007f3a83505325 sp=0x00007f3a477fda20 mode 0
Event: 61.910 Thread 0x00007f3a30484d80 DEOPT PACKING pc=0x00007f3a83a45685 sp=0x00007f3a477fe530
Event: 61.910 Thread 0x00007f3a30484d80 DEOPT UNPACKING pc=0x00007f3a83505325 sp=0x00007f3a477fda20 mode 0
Event: 61.975 Thread 0x00007f3a30484d80 DEOPT PACKING pc=0x00007f3a83a45685 sp=0x00007f3a477fe530
Event: 61.975 Thread 0x00007f3a30484d80 DEOPT UNPACKING pc=0x00007f3a83505325 sp=0x00007f3a477fda20 mode 0
Event: 61.979 Thread 0x00007f3a30484d80 DEOPT PACKING pc=0x00007f3a83a45685 sp=0x00007f3a477fe530
Event: 61.979 Thread 0x00007f3a30484d80 DEOPT UNPACKING pc=0x00007f3a83505325 sp=0x00007f3a477fda20 mode 0
Event: 477.990 Thread 0x00007f3a9c0b21e0 Uncommon trap: trap_request=0xffffffcd fr.pc=0x00007f3a8b141858 relative=0x0000000000000498
Event: 477.990 Thread 0x00007f3a9c0b21e0 Uncommon trap: reason=intrinsic_or_type_checked_inlining action=reinterpret pc=0x00007f3a8b141858 method=java.io.DataOutputStream.writeInt(I)V @ 0 jvmci
Event: 477.990 Thread 0x00007f3a9c0b21e0 DEOPT PACKING pc=0x00007f3a8b141858 sp=0x00007f3a80818000
Event: 477.990 Thread 0x00007f3a9c0b21e0 DEOPT UNPACKING pc=0x00007f3a83505325 sp=0x00007f3a808174d8 mode 3

Classes unloaded (20 events):
Event: 75.176 Thread 0x00007f3a9c0a1c10 Unloading class 0x0000000800ef4000 'jdk/internal/reflect/GeneratedConstructorAccessor8'
Event: 75.176 Thread 0x00007f3a9c0a1c10 Unloading class 0x0000000800d99000 'java/lang/invoke/LambdaForm$MH+0x0000000800d99000'
Event: 75.176 Thread 0x00007f3a9c0a1c10 Unloading class 0x0000000800d98c00 'java/lang/invoke/LambdaForm$MH+0x0000000800d98c00'
Event: 75.176 Thread 0x00007f3a9c0a1c10 Unloading class 0x0000000800d98800 'java/lang/invoke/LambdaForm$MH+0x0000000800d98800'
Event: 75.176 Thread 0x00007f3a9c0a1c10 Unloading class 0x0000000800d98400 'java/lang/invoke/LambdaForm$MH+0x0000000800d98400'
Event: 75.176 Thread 0x00007f3a9c0a1c10 Unloading class 0x0000000800d98000 'jdk/internal/reflect/GeneratedConstructorAccessor3'
Event: 75.176 Thread 0x00007f3a9c0a1c10 Unloading class 0x0000000800d06800 'java/lang/invoke/LambdaForm$MH+0x0000000800d06800'
Event: 75.176 Thread 0x00007f3a9c0a1c10 Unloading class 0x0000000800d06000 'java/lang/invoke/LambdaForm$MH+0x0000000800d06000'
Event: 75.176 Thread 0x00007f3a9c0a1c10 Unloading class 0x0000000800d05c00 'java/lang/invoke/LambdaForm$MH+0x0000000800d05c00'
Event: 75.176 Thread 0x00007f3a9c0a1c10 Unloading class 0x0000000800d05800 'java/lang/invoke/LambdaForm$MH+0x0000000800d05800'
Event: 75.176 Thread 0x00007f3a9c0a1c10 Unloading class 0x0000000800d05000 'java/lang/invoke/LambdaForm$MH+0x0000000800d05000'
Event: 75.176 Thread 0x00007f3a9c0a1c10 Unloading class 0x0000000800d04c00 'java/lang/invoke/LambdaForm$MH+0x0000000800d04c00'
Event: 75.176 Thread 0x00007f3a9c0a1c10 Unloading class 0x0000000800d04800 'java/lang/invoke/LambdaForm$MH+0x0000000800d04800'
Event: 75.176 Thread 0x00007f3a9c0a1c10 Unloading class 0x0000000800d04000 'java/lang/invoke/LambdaForm$MH+0x0000000800d04000'
Event: 75.176 Thread 0x00007f3a9c0a1c10 Unloading class 0x0000000800c1d000 'jdk/internal/reflect/GeneratedMethodAccessor5'
Event: 75.176 Thread 0x00007f3a9c0a1c10 Unloading class 0x0000000800c1cc00 'jdk/internal/reflect/GeneratedMethodAccessor4'
Event: 75.176 Thread 0x00007f3a9c0a1c10 Unloading class 0x0000000800c1c800 'jdk/internal/reflect/GeneratedMethodAccessor3'
Event: 75.176 Thread 0x00007f3a9c0a1c10 Unloading class 0x0000000800c1c400 'jdk/internal/reflect/GeneratedMethodAccessor2'
Event: 75.177 Thread 0x00007f3a9c0a1c10 Unloading class 0x0000000800c1c000 'jdk/internal/reflect/GeneratedMethodAccessor1'
Event: 75.177 Thread 0x00007f3a9c0a1c10 Unloading class 0x0000000800c01c00 'java/lang/invoke/LambdaForm$DMH+0x0000000800c01c00'

Classes redefined (0 events):
No events

Internal exceptions (20 events):
Event: 30.119 Thread 0x00007f3a18007280 Implicit null exception at 0x00007f3a8b0c12e9 to 0x00007f3a8b0c149b
Event: 30.220 Thread 0x00007f3a18007280 Exception <a 'java/lang/NoSuchMethodError'{0x00000000f57280e8}: 'int java.lang.invoke.DirectMethodHandle$Holder.invokeVirtual(java.lang.Object, java.lang.Object, java.lang.Object)'> (0x00000000f57280e8) 
thrown [src/hotspot/share/interpreter/linkResolver.cpp, line 758]
Event: 30.978 Thread 0x00007f3a00173bf0 Implicit null exception at 0x00007f3a8b0fe8a2 to 0x00007f3a8b0fec2c
Event: 31.291 Thread 0x00007f3a18007280 Exception <a 'sun/nio/fs/UnixException'{0x00000000f687fe60}> (0x00000000f687fe60) 
thrown [src/hotspot/share/prims/jni.cpp, line 516]
Event: 31.598 Thread 0x00007f3a18007280 Exception <a 'sun/nio/fs/UnixException'{0x00000000f59d64b0}> (0x00000000f59d64b0) 
thrown [src/hotspot/share/prims/jni.cpp, line 516]
Event: 31.692 Thread 0x00007f3a00173bf0 Exception <a 'java/lang/NoSuchMethodError'{0x00000000f677b4e8}: 'int java.lang.invoke.DirectMethodHandle$Holder.invokeStatic(java.lang.Object, java.lang.Object, java.lang.Object, int)'> (0x00000000f677b4e8) 
thrown [src/hotspot/share/interpreter/linkResolver.cpp, line 758]
Event: 31.892 Thread 0x00007f3a18007280 Exception <a 'sun/nio/fs/UnixException'{0x00000000f589bc78}> (0x00000000f589bc78) 
thrown [src/hotspot/share/prims/jni.cpp, line 516]
Event: 31.914 Thread 0x00007f3a18007280 Exception <a 'sun/nio/fs/UnixException'{0x00000000f5e57250}> (0x00000000f5e57250) 
thrown [src/hotspot/share/prims/jni.cpp, line 516]
Event: 32.081 Thread 0x00007f3a04000d70 Exception <a 'java/lang/NoSuchMethodError'{0x00000000f66aa4b0}: 'java.lang.Object java.lang.invoke.DirectMethodHandle$Holder.invokeStatic(java.lang.Object, java.lang.Object, java.lang.Object, long)'> (0x00000000f66aa4b0) 
thrown [src/hotspot/share/interpreter/linkResolver.cpp, line 758]
Event: 32.082 Thread 0x00007f3a04000d70 Exception <a 'java/lang/NoSuchMethodError'{0x00000000f66b37e8}: 'java.lang.Object java.lang.invoke.DirectMethodHandle$Holder.newInvokeSpecial(java.lang.Object, java.lang.Object, java.lang.Object, long)'> (0x00000000f66b37e8) 
thrown [src/hotspot/share/interpreter/linkResolver.cpp, line 758]
Event: 32.082 Thread 0x00007f3a04000d70 Exception <a 'java/lang/NoSuchMethodError'{0x00000000f66b8708}: 'java.lang.Object java.lang.invoke.DirectMethodHandle$Holder.invokeSpecial(java.lang.Object, java.lang.Object, java.lang.Object, java.lang.Object, long)'> (0x00000000f66b8708) 
thrown [src/hotspot/share/interpreter/linkResolver.cpp, line 758]
Event: 32.083 Thread 0x00007f3a04000d70 Exception <a 'java/lang/NoSuchMethodError'{0x00000000f66bce08}: 'java.lang.Object java.lang.invoke.Invokers$Holder.linkToTargetMethod(java.lang.Object, java.lang.Object, long, java.lang.Object)'> (0x00000000f66bce08) 
thrown [src/hotspot/share/interpreter/linkResolver.cpp, line 758]
Event: 32.177 Thread 0x00007f3a00172d20 Implicit null exception at 0x00007f3a8b0d30bf to 0x00007f3a8b0d3203
Event: 32.193 Thread 0x00007f3a001716c0 Implicit null exception at 0x00007f3a8b0d30bf to 0x00007f3a8b0d3203
Event: 33.476 Thread 0x00007f3a00173bf0 Exception <a 'java/lang/NoSuchMethodError'{0x00000000f5ebcc00}: 'java.lang.Object java.lang.invoke.DirectMethodHandle$Holder.invokeStatic(java.lang.Object, int, java.lang.Object, java.lang.Object, java.lang.Object, java.lang.Object)'> (0x00000000f5ebcc00) 
thrown [src/hotspot/share/interpreter/linkResolver.cpp, line 758]
Event: 33.479 Thread 0x00007f3a00173bf0 Exception <a 'java/lang/NoSuchMethodError'{0x00000000f5ecc988}: 'java.lang.Object java.lang.invoke.Invokers$Holder.linkToTargetMethod(int, java.lang.Object, java.lang.Object, java.lang.Object, java.lang.Object)'> (0x00000000f5ecc988) 
thrown [src/hotspot/share/interpreter/linkResolver.cpp, line 758]
Event: 33.692 Thread 0x00007f3a00172d20 Exception <a 'java/lang/NoSuchMethodError'{0x00000000f6408b98}: 'void java.lang.invoke.DirectMethodHandle$Holder.invokeSpecial(java.lang.Object, java.lang.Object, int)'> (0x00000000f6408b98) 
thrown [src/hotspot/share/interpreter/linkResolver.cpp, line 758]
Event: 33.693 Thread 0x00007f3a00171f90 Exception <a 'java/lang/NoSuchMethodError'{0x00000000f64811f0}: 'void java.lang.invoke.DirectMethodHandle$Holder.invokeSpecial(java.lang.Object, java.lang.Object, int)'> (0x00000000f64811f0) 
thrown [src/hotspot/share/interpreter/linkResolver.cpp, line 758]
Event: 35.979 Thread 0x00007f3a00172d20 Exception <a 'java/lang/NoSuchMethodError'{0x00000000f621dd28}: 'int java.lang.invoke.DirectMethodHandle$Holder.invokeSpecialIFC(java.lang.Object, java.lang.Object, java.lang.Object, java.lang.Object)'> (0x00000000f621dd28) 
thrown [src/hotspot/share/interpreter/linkResolver.cpp, line 758]
Event: 495.482 Thread 0x00007f3a9c0b21e0 Exception <a 'java/lang/OutOfMemoryError'{0x00000000e0003a70}> (0x00000000e0003a70) 
thrown [src/hotspot/share/gc/shared/memAllocator.cpp, line 136]

VM Operations (20 events):
Event: 481.688 Executing VM operation: ParallelGCFailedAllocation
Event: 482.930 Executing VM operation: ParallelGCFailedAllocation done
Event: 482.930 Executing VM operation: ParallelGCFailedAllocation
Event: 484.113 Executing VM operation: ParallelGCFailedAllocation done
Event: 484.113 Executing VM operation: ParallelGCFailedAllocation
Event: 485.226 Executing VM operation: ParallelGCFailedAllocation done
Event: 485.226 Executing VM operation: ParallelGCFailedAllocation
Event: 486.510 Executing VM operation: ParallelGCFailedAllocation done
Event: 486.510 Executing VM operation: ParallelGCFailedAllocation
Event: 487.823 Executing VM operation: ParallelGCFailedAllocation done
Event: 487.825 Executing VM operation: ParallelGCFailedAllocation
Event: 489.119 Executing VM operation: ParallelGCFailedAllocation done
Event: 489.120 Executing VM operation: ParallelGCFailedAllocation
Event: 490.513 Executing VM operation: ParallelGCFailedAllocation done
Event: 490.513 Executing VM operation: ParallelGCFailedAllocation
Event: 491.699 Executing VM operation: ParallelGCFailedAllocation done
Event: 491.700 Executing VM operation: ParallelGCFailedAllocation
Event: 492.987 Executing VM operation: ParallelGCFailedAllocation done
Event: 492.988 Executing VM operation: ParallelGCFailedAllocation
Event: 495.482 Executing VM operation: ParallelGCFailedAllocation done

Events (20 events):
Event: 48.395 Thread 0x00007f3a9c0b4b40 flushing nmethod 0x00007f3a847a1a10
Event: 48.395 Thread 0x00007f3a9c0b4b40 flushing nmethod 0x00007f3a847a2710
Event: 48.395 Thread 0x00007f3a9c0b4b40 flushing nmethod 0x00007f3a847a2d10
Event: 48.395 Thread 0x00007f3a9c0b4b40 flushing nmethod 0x00007f3a847a3390
Event: 48.395 Thread 0x00007f3a9c0b4b40 flushing nmethod 0x00007f3a847ac190
Event: 48.395 Thread 0x00007f3a9c0b4b40 flushing nmethod 0x00007f3a847ae090
Event: 48.395 Thread 0x00007f3a9c0b4b40 flushing nmethod 0x00007f3a847ae490
Event: 48.395 Thread 0x00007f3a9c0b4b40 flushing nmethod 0x00007f3a847b6590
Event: 48.395 Thread 0x00007f3a9c0b4b40 flushing nmethod 0x00007f3a847b6990
Event: 48.395 Thread 0x00007f3a9c0b4b40 flushing nmethod 0x00007f3a847f0010
Event: 48.395 Thread 0x00007f3a9c0b4b40 flushing nmethod 0x00007f3a847f6310
Event: 48.395 Thread 0x00007f3a9c0b4b40 flushing nmethod 0x00007f3a8480d890
Event: 48.395 Thread 0x00007f3a9c0b4b40 flushing nmethod 0x00007f3a84830590
Event: 61.546 Thread 0x00007f3a9c1fe5f0 Thread exited: 0x00007f3a9c1fe5f0
Event: 93.091 Thread 0x00007f3a180010d0 Thread exited: 0x00007f3a180010d0
Event: 94.510 Thread 0x00007f3a18007280 Thread exited: 0x00007f3a18007280
Event: 97.205 Thread 0x00007f3a0c0df3a0 Thread exited: 0x00007f3a0c0df3a0
Event: 110.526 Thread 0x00007f3a04000d70 Thread exited: 0x00007f3a04000d70
Event: 322.214 Thread 0x00007f3a180010d0 Thread added: 0x00007f3a180010d0
Event: 322.214 Protecting memory [0x00007f3a47f00000,0x00007f3a47f04000] with protection modes 0


Dynamic libraries:
e0000000-f5580000 rw-p 00000000 00:00 0 
f5580000-f9780000 rw-p 00000000 00:00 0 
f9780000-100000000 ---p 00000000 00:00 0 
800000000-800449000 rw-p 00001000 00:1912 4611686019135357769            /nix/store/gpxl5qgg8kicmcvivwmybwjlpf7wh20l-graalvm17-ce-22.3.0/lib/server/classes.jsa
800449000-800bc8000 r--p 0044a000 00:1912 4611686019135357769            /nix/store/gpxl5qgg8kicmcvivwmybwjlpf7wh20l-graalvm17-ce-22.3.0/lib/server/classes.jsa
800bc8000-800c00000 ---p 00000000 00:00 0 
800c00000-800c20000 rw-p 00000000 00:00 0 
800c20000-800c40000 rw-p 00000000 00:00 0 
800c40000-800cc0000 rw-p 00000000 00:00 0 
800cc0000-800d00000 rw-p 00000000 00:00 0 
800d00000-800dc0000 rw-p 00000000 00:00 0 
800dc0000-800e00000 rw-p 00000000 00:00 0 
800e00000-800f40000 rw-p 00000000 00:00 0 
800f40000-800fc0000 rw-p 00000000 00:00 0 
800fc0000-801000000 rw-p 00000000 00:00 0 
801000000-8011b0000 rw-p 00000000 00:00 0 
8011b0000-840c00000 ---p 00000000 00:00 0 
55b900717000-55b900718000 r-xp 00000000 00:1912 4611686019099417844      /nix/store/gpxl5qgg8kicmcvivwmybwjlpf7wh20l-graalvm17-ce-22.3.0/bin/.java-wrapped
55b900719000-55b90071a000 r--p 00001000 00:1912 4611686019099417844      /nix/store/gpxl5qgg8kicmcvivwmybwjlpf7wh20l-graalvm17-ce-22.3.0/bin/.java-wrapped
55b90071a000-55b90071b000 rw-p 00002000 00:1912 4611686019099417844      /nix/store/gpxl5qgg8kicmcvivwmybwjlpf7wh20l-graalvm17-ce-22.3.0/bin/.java-wrapped
55b90071b000-55b90071c000 rw-p 00004000 00:1912 4611686019099417844      /nix/store/gpxl5qgg8kicmcvivwmybwjlpf7wh20l-graalvm17-ce-22.3.0/bin/.java-wrapped
55b90071c000-55b90071d000 rw-p 00005000 00:1912 4611686019099417844      /nix/store/gpxl5qgg8kicmcvivwmybwjlpf7wh20l-graalvm17-ce-22.3.0/bin/.java-wrapped
55b9009a1000-55b9009e9000 rw-p 00000000 00:00 0                          [heap]
7f39d8000000-7f39d8052000 rw-p 00000000 00:00 0 
7f39d8052000-7f39dc000000 ---p 00000000 00:00 0 
7f39e0000000-7f39e0088000 rw-p 00000000 00:00 0 
7f39e0088000-7f39e4000000 ---p 00000000 00:00 0 
7f39e4000000-7f39e40ae000 rw-p 00000000 00:00 0 
7f39e40ae000-7f39e8000000 ---p 00000000 00:00 0 
7f39e8000000-7f39e80ad000 rw-p 00000000 00:00 0 
7f39e80ad000-7f39ec000000 ---p 00000000 00:00 0 
7f39ee4b3000-7f39f8000000 r--s 00000000 00:1912 4611686019135192581      /nix/store/gpxl5qgg8kicmcvivwmybwjlpf7wh20l-graalvm17-ce-22.3.0/lib/modules
7f39f8000000-7f39f806c000 rw-p 00000000 00:00 0 
7f39f806c000-7f39fc000000 ---p 00000000 00:00 0 
7f39fc000000-7f39fc021000 rw-p 00000000 00:00 0 
7f39fc021000-7f3a00000000 ---p 00000000 00:00 0 
7f3a00000000-7f3a00183000 rw-p 00000000 00:00 0 
7f3a00183000-7f3a04000000 ---p 00000000 00:00 0 
7f3a04000000-7f3a0411c000 rw-p 00000000 00:00 0 
7f3a0411c000-7f3a08000000 ---p 00000000 00:00 0 
7f3a08000000-7f3a08021000 rw-p 00000000 00:00 0 
7f3a08021000-7f3a0c000000 ---p 00000000 00:00 0 
7f3a0c000000-7f3a0c143000 rw-p 00000000 00:00 0 
7f3a0c143000-7f3a10000000 ---p 00000000 00:00 0 
7f3a10000000-7f3a10068000 rw-p 00000000 00:00 0 
7f3a10068000-7f3a14000000 ---p 00000000 00:00 0 
7f3a14000000-7f3a14021000 rw-p 00000000 00:00 0 
7f3a14021000-7f3a18000000 ---p 00000000 00:00 0 
7f3a18000000-7f3a182f6000 rw-p 00000000 00:00 0 
7f3a182f6000-7f3a1c000000 ---p 00000000 00:00 0 
7f3a1c000000-7f3a1c02e000 rw-p 00000000 00:00 0 
7f3a1c02e000-7f3a20000000 ---p 00000000 00:00 0 
7f3a20000000-7f3a20039000 rw-p 00000000 00:00 0 
7f3a20039000-7f3a24000000 ---p 00000000 00:00 0 
7f3a24000000-7f3a24021000 rw-p 00000000 00:00 0 
7f3a24021000-7f3a28000000 ---p 00000000 00:00 0 
7f3a28000000-7f3a28021000 rw-p 00000000 00:00 0 
7f3a28021000-7f3a2c000000 ---p 00000000 00:00 0 
7f3a2c600000-7f3a2c700000 ---p 00000000 00:00 0 
7f3a2c700000-7f3a2ccaf000 r--p 01122000 00:1912 4611686019135190040      /nix/store/gpxl5qgg8kicmcvivwmybwjlpf7wh20l-graalvm17-ce-22.3.0/lib/libjvmcicompiler.so
7f3a2ccaf000-7f3a2ce00000 r--p 00000000 00:00 0 
7f3a2ce00000-7f3a2ce3d000 rw-p 00000000 00:00 0 
7f3a2ce3d000-7f3a2d35d000 rw-p 0185f000 00:1912 4611686019135190040      /nix/store/gpxl5qgg8kicmcvivwmybwjlpf7wh20l-graalvm17-ce-22.3.0/lib/libjvmcicompiler.so
7f3a2d35d000-7f3a2d744000 r--p 01d7f000 00:1912 4611686019135190040      /nix/store/gpxl5qgg8kicmcvivwmybwjlpf7wh20l-graalvm17-ce-22.3.0/lib/libjvmcicompiler.so
7f3a2d800000-7f3a2d880000 rw-p 00000000 00:00 0 
7f3a2d880000-7f3a2dff0000 rw-p 00000000 00:00 0 
7f3a2dff0000-7f3a2e000000 ---p 00000000 00:00 0 
7f3a2e000000-7f3a2e300000 rw-p 00000000 00:00 0 
7f3a2e300000-7f3a2e800000 rw-p 00000000 00:00 0 
7f3a2e800000-7f3a2e900000 rw-p 00000000 00:00 0 
7f3a2e900000-7f3a2e9c0000 rw-p 00000000 00:00 0 
7f3a2e9c0000-7f3a2eb00000 rw-p 00000000 00:00 0 
7f3a2eb00000-7f3a2ec00000 rw-p 00000000 00:00 0 
7f3a2ec00000-7f3a2ed00000 rw-p 00000000 00:00 0 
7f3a2ed00000-7f3a2ee00000 rw-p 00000000 00:00 0 
7f3a2ee00000-7f3a2efc0000 rw-p 00000000 00:00 0 
7f3a2efc0000-7f3a2f000000 rw-p 00000000 00:00 0 
7f3a2f000000-7f3a2f100000 rw-p 00000000 00:00 0 
7f3a2f100000-7f3a2f200000 rw-p 00000000 00:00 0 
7f3a2f200000-7f3a2f7c0000 rw-p 00000000 00:00 0 
7f3a2f7c0000-7f3a2f800000 rw-p 00000000 00:00 0 
7f3a2f800000-7f3a2f900000 rw-p 00000000 00:00 0 
7f3a2f900000-7f3a2fa00000 rw-p 00000000 00:00 0 
7f3a2fa00000-7f3a2ff00000 rw-p 00000000 00:00 0 
7f3a2ff00000-7f3a30000000 rw-p 00000000 00:00 0 
7f3a30000000-7f3a308bc000 rw-p 00000000 00:00 0 
7f3a308bc000-7f3a34000000 ---p 00000000 00:00 0 
7f3a34000000-7f3a34046000 rw-p 00000000 00:00 0 
7f3a34046000-7f3a38000000 ---p 00000000 00:00 0 
7f3a38000000-7f3a38021000 rw-p 00000000 00:00 0 
7f3a38021000-7f3a3c000000 ---p 00000000 00:00 0 
7f3a3c000000-7f3a3c021000 rw-p 00000000 00:00 0 
7f3a3c021000-7f3a40000000 ---p 00000000 00:00 0 
7f3a40000000-7f3a40021000 rw-p 00000000 00:00 0 
7f3a40021000-7f3a44000000 ---p 00000000 00:00 0 
7f3a45200000-7f3a45210000 r-xp 00000000 00:190c 358                      /home/runner/.cache/jdt-language-server/config/org.eclipse.equinox.launcher/org.eclipse.equinox.launcher.gtk.linux.x86_64_1.2.400.v20211117-0650/eclipse_11600.so
7f3a45210000-7f3a4540f000 ---p 00010000 00:190c 358                      /home/runner/.cache/jdt-language-server/config/org.eclipse.equinox.launcher/org.eclipse.equinox.launcher.gtk.linux.x86_64_1.2.400.v20211117-0650/eclipse_11600.so
7f3a4540f000-7f3a45410000 r--p 0000f000 00:190c 358                      /home/runner/.cache/jdt-language-server/config/org.eclipse.equinox.launcher/org.eclipse.equinox.launcher.gtk.linux.x86_64_1.2.400.v20211117-0650/eclipse_11600.so
7f3a45410000-7f3a45411000 rw-p 00010000 00:190c 358                      /home/runner/.cache/jdt-language-server/config/org.eclipse.equinox.launcher/org.eclipse.equinox.launcher.gtk.linux.x86_64_1.2.400.v20211117-0650/eclipse_11600.so
7f3a46300000-7f3a46304000 ---p 00000000 00:00 0 
7f3a46304000-7f3a46400000 rw-p 00000000 00:00 0 
7f3a46500000-7f3a46504000 ---p 00000000 00:00 0 
7f3a46504000-7f3a46600000 rw-p 00000000 00:00 0 
7f3a46700000-7f3a46704000 ---p 00000000 00:00 0 
7f3a46704000-7f3a46800000 rw-p 00000000 00:00 0 
7f3a46900000-7f3a46904000 ---p 00000000 00:00 0 
7f3a46904000-7f3a46a00000 rw-p 00000000 00:00 0 
7f3a46b00000-7f3a46b04000 ---p 00000000 00:00 0 
7f3a46b04000-7f3a46c00000 rw-p 00000000 00:00 0 
7f3a46d00000-7f3a46d04000 ---p 00000000 00:00 0 
7f3a46d04000-7f3a46e00000 rw-p 00000000 00:00 0 
7f3a46f00000-7f3a46f04000 ---p 00000000 00:00 0 
7f3a46f04000-7f3a47000000 rw-p 00000000 00:00 0 
7f3a47100000-7f3a47104000 ---p 00000000 00:00 0 
7f3a47104000-7f3a47200000 rw-p 00000000 00:00 0 
7f3a47300000-7f3a47304000 ---p 00000000 00:00 0 
7f3a47304000-7f3a47400000 rw-p 00000000 00:00 0 
7f3a47500000-7f3a47504000 ---p 00000000 00:00 0 
7f3a47504000-7f3a47600000 rw-p 00000000 00:00 0 
7f3a47700000-7f3a47704000 ---p 00000000 00:00 0 
7f3a47704000-7f3a47800000 rw-p 00000000 00:00 0 
7f3a47900000-7f3a47904000 ---p 00000000 00:00 0 
7f3a47904000-7f3a47a00000 rw-p 00000000 00:00 0 
7f3a47b00000-7f3a47b04000 ---p 00000000 00:00 0 
7f3a47b04000-7f3a47c00000 rw-p 00000000 00:00 0 
7f3a47c00000-7f3a47c04000 ---p 00000000 00:00 0 
7f3a47c04000-7f3a47d00000 rw-p 00000000 00:00 0 
7f3a47d00000-7f3a47d04000 ---p 00000000 00:00 0 
7f3a47d04000-7f3a47e00000 rw-p 00000000 00:00 0 
7f3a47f00000-7f3a47f04000 ---p 00000000 00:00 0 
7f3a47f04000-7f3a48000000 rw-p 00000000 00:00 0 
7f3a48100000-7f3a48104000 ---p 00000000 00:00 0 
7f3a48104000-7f3a48200000 rw-p 00000000 00:00 0 
7f3a48300000-7f3a48304000 ---p 00000000 00:00 0 
7f3a48304000-7f3a48400000 rw-p 00000000 00:00 0 
7f3a48500000-7f3a48504000 ---p 00000000 00:00 0 
7f3a48504000-7f3a48600000 rw-p 00000000 00:00 0 
7f3a48700000-7f3a48704000 ---p 00000000 00:00 0 
7f3a48704000-7f3a48800000 rw-p 00000000 00:00 0 
7f3a48900000-7f3a48904000 ---p 00000000 00:00 0 
7f3a48904000-7f3a48a00000 rw-p 00000000 00:00 0 
7f3a49668000-7f3a49b00000 rw-p 00000000 00:00 0 
7f3a49c00000-7f3a4bd6a000 r-xp 00000000 00:1912 4611686019135190040      /nix/store/gpxl5qgg8kicmcvivwmybwjlpf7wh20l-graalvm17-ce-22.3.0/lib/libjvmcicompiler.so
7f3a4bd6a000-7f3a4bf69000 ---p 0216a000 00:1912 4611686019135190040      /nix/store/gpxl5qgg8kicmcvivwmybwjlpf7wh20l-graalvm17-ce-22.3.0/lib/libjvmcicompiler.so
7f3a4bf69000-7f3a4bf6a000 r--p 02169000 00:1912 4611686019135190040      /nix/store/gpxl5qgg8kicmcvivwmybwjlpf7wh20l-graalvm17-ce-22.3.0/lib/libjvmcicompiler.so
7f3a4bf6a000-7f3a4bf6c000 rw-p 0216a000 00:1912 4611686019135190040      /nix/store/gpxl5qgg8kicmcvivwmybwjlpf7wh20l-graalvm17-ce-22.3.0/lib/libjvmcicompiler.so
7f3a4bf6c000-7f3a4bf6d000 rw-p 00000000 00:00 0 
7f3a4bf6d000-7f3a4bf72000 rw-p 023c3000 00:1912 4611686019135190040      /nix/store/gpxl5qgg8kicmcvivwmybwjlpf7wh20l-graalvm17-ce-22.3.0/lib/libjvmcicompiler.so
7f3a4bfa9000-7f3a4bfad000 ---p 00000000 00:00 0 
7f3a4bfad000-7f3a4bfcb000 rw-p 00000000 00:00 0 
7f3a4bfcb000-7f3a4bfe0000 r-xp 00000000 00:1912 4611686019135192570      /nix/store/gpxl5qgg8kicmcvivwmybwjlpf7wh20l-graalvm17-ce-22.3.0/lib/libnet.so
7f3a4bfe0000-7f3a4bfe1000 ---p 00015000 00:1912 4611686019135192570      /nix/store/gpxl5qgg8kicmcvivwmybwjlpf7wh20l-graalvm17-ce-22.3.0/lib/libnet.so
7f3a4bfe1000-7f3a4bfe2000 r--p 00015000 00:1912 4611686019135192570      /nix/store/gpxl5qgg8kicmcvivwmybwjlpf7wh20l-graalvm17-ce-22.3.0/lib/libnet.so
7f3a4bfe2000-7f3a4bfe3000 rw-p 00016000 00:1912 4611686019135192570      /nix/store/gpxl5qgg8kicmcvivwmybwjlpf7wh20l-graalvm17-ce-22.3.0/lib/libnet.so
7f3a4bfe3000-7f3a4bfe6000 rw-p 0001b000 00:1912 4611686019135192570      /nix/store/gpxl5qgg8kicmcvivwmybwjlpf7wh20l-graalvm17-ce-22.3.0/lib/libnet.so
7f3a4bfe6000-7f3a4bff9000 r-xp 00000000 00:1912 4611686019135192571      /nix/store/gpxl5qgg8kicmcvivwmybwjlpf7wh20l-graalvm17-ce-22.3.0/lib/libnio.so
7f3a4bff9000-7f3a4bffa000 r--p 00012000 00:1912 4611686019135192571      /nix/store/gpxl5qgg8kicmcvivwmybwjlpf7wh20l-graalvm17-ce-22.3.0/lib/libnio.so
7f3a4bffa000-7f3a4bffb000 rw-p 00013000 00:1912 4611686019135192571      /nix/store/gpxl5qgg8kicmcvivwmybwjlpf7wh20l-graalvm17-ce-22.3.0/lib/libnio.so
7f3a4bffb000-7f3a4c000000 rw-p 00019000 00:1912 4611686019135192571      /nix/store/gpxl5qgg8kicmcvivwmybwjlpf7wh20l-graalvm17-ce-22.3.0/lib/libnio.so
7f3a4c000000-7f3a4c021000 rw-p 00000000 00:00 0 
7f3a4c021000-7f3a50000000 ---p 00000000 00:00 0 
7f3a50000000-7f3a50021000 rw-p 00000000 00:00 0 
7f3a50021000-7f3a54000000 ---p 00000000 00:00 0 
7f3a54000000-7f3a54061000 rw-p 00000000 00:00 0 
7f3a54061000-7f3a58000000 ---p 00000000 00:00 0 
7f3a58000000-7f3a58021000 rw-p 00000000 00:00 0 
7f3a58021000-7f3a5c000000 ---p 00000000 00:00 0 
7f3a5c000000-7f3a5c0d7000 rw-p 00000000 00:00 0 
7f3a5c0d7000-7f3a60000000 ---p 00000000 00:00 0 
7f3a60000000-7f3a60b8a000 rw-p 00000000 00:00 0 
7f3a60b8a000-7f3a64000000 ---p 00000000 00:00 0 
7f3a64000000-7f3a64021000 rw-p 00000000 00:00 0 
7f3a64021000-7f3a68000000 ---p 00000000 00:00 0 
7f3a68000000-7f3a68021000 rw-p 00000000 00:00 0 
7f3a68021000-7f3a6c000000 ---p 00000000 00:00 0 
7f3a6c000000-7f3a6c021000 rw-p 00000000 00:00 0 
7f3a6c021000-7f3a70000000 ---p 00000000 00:00 0 
7f3a70000000-7f3a70021000 rw-p 00000000 00:00 0 
7f3a70021000-7f3a74000000 ---p 00000000 00:00 0 
7f3a74000000-7f3a74021000 rw-p 00000000 00:00 0 
7f3a74021000-7f3a78000000 ---p 00000000 00:00 0 
7f3a78000000-7f3a78021000 rw-p 00000000 00:00 0 
7f3a78021000-7f3a7c000000 ---p 00000000 00:00 0 
7f3a7c000000-7f3a7c1cc000 rw-p 00000000 00:00 0 
7f3a7c1cc000-7f3a80000000 ---p 00000000 00:00 0 
7f3a80018000-7f3a80019000 ---p 00000000 00:00 0 
7f3a80019000-7f3a8011a000 rw-p 00000000 00:00 0 
7f3a8011a000-7f3a8011e000 ---p 00000000 00:00 0 
7f3a8011e000-7f3a8021a000 rw-p 00000000 00:00 0 
7f3a8021a000-7f3a8021e000 ---p 00000000 00:00 0 
7f3a8021e000-7f3a8031a000 rw-p 00000000 00:00 0 
7f3a8031a000-7f3a8031e000 ---p 00000000 00:00 0 
7f3a8031e000-7f3a8041a000 rw-p 00000000 00:00 0 
7f3a8041a000-7f3a8041e000 ---p 00000000 00:00 0 
7f3a8041e000-7f3a8061a000 rw-p 00000000 00:00 0 
7f3a8061a000-7f3a8061e000 ---p 00000000 00:00 0 
7f3a8061e000-7f3a8081a000 rw-p 00000000 00:00 0 
7f3a8081a000-7f3a8081e000 ---p 00000000 00:00 0 
7f3a8081e000-7f3a8091a000 rw-p 00000000 00:00 0 
7f3a8091a000-7f3a8091e000 ---p 00000000 00:00 0 
7f3a8091e000-7f3a80a1a000 rw-p 00000000 00:00 0 
7f3a80a1a000-7f3a80a1e000 ---p 00000000 00:00 0 
7f3a80a1e000-7f3a80b1a000 rw-p 00000000 00:00 0 
7f3a80b1a000-7f3a80e00000 r--p 00000000 00:1879 28444448                 /usr/lib/locale/locale-archive
7f3a80e00000-7f3a80e04000 ---p 00000000 00:00 0 
7f3a80e04000-7f3a80f00000 rw-p 00000000 00:00 0 
7f3a80f00000-7f3a80f04000 ---p 00000000 00:00 0 
7f3a80f04000-7f3a81400000 rw-p 00000000 00:00 0 
7f3a81400000-7f3a815e0000 rw-p 00000000 00:00 0 
7f3a815e0000-7f3a81600000 rw-p 00000000 00:00 0 
7f3a81600000-7f3a81700000 rw-p 00000000 00:00 0 
7f3a81700000-7f3a81800000 rw-p 00000000 00:00 0 
7f3a81810000-7f3a81811000 ---p 00000000 00:00 0 
7f3a81811000-7f3a81912000 rw-p 00000000 00:00 0 
7f3a81912000-7f3a819e0000 r-xp 00000000 00:1912 4611686019135190036      /nix/store/gpxl5qgg8kicmcvivwmybwjlpf7wh20l-graalvm17-ce-22.3.0/lib/libjsvml.so
7f3a819e0000-7f3a819e1000 r--p 000cd000 00:1912 4611686019135190036      /nix/store/gpxl5qgg8kicmcvivwmybwjlpf7wh20l-graalvm17-ce-22.3.0/lib/libjsvml.so
7f3a819e1000-7f3a819e2000 rw-p 000ce000 00:1912 4611686019135190036      /nix/store/gpxl5qgg8kicmcvivwmybwjlpf7wh20l-graalvm17-ce-22.3.0/lib/libjsvml.so
7f3a819e2000-7f3a832b0000 rw-p 00000000 00:00 0 
7f3a832b0000-7f3a832b1000 ---p 00000000 00:00 0 
7f3a832b1000-7f3a8345c000 rw-p 00000000 00:00 0 
7f3a8345c000-7f3a8347e000 rw-p 00000000 00:00 0 
7f3a8347e000-7f3a834b2000 ---p 00000000 00:00 0 
7f3a834b2000-7f3a834b3000 rw-p 00000000 00:00 0 
7f3a834b3000-7f3a83723000 rwxp 00000000 00:00 0 
7f3a83723000-7f3a83a42000 ---p 00000000 00:00 0 
7f3a83a42000-7f3a84842000 rwxp 00000000 00:00 0 
7f3a84842000-7f3a8af7a000 ---p 00000000 00:00 0 
7f3a8af7a000-7f3a8b1ea000 rwxp 00000000 00:00 0 
7f3a8b1ea000-7f3a924b3000 ---p 00000000 00:00 0 
7f3a924b3000-7f3a9c000000 r--s 00000000 00:1912 4611686019135192581      /nix/store/gpxl5qgg8kicmcvivwmybwjlpf7wh20l-graalvm17-ce-22.3.0/lib/modules
7f3a9c000000-7f3a9c609000 rw-p 00000000 00:00 0 
7f3a9c609000-7f3aa0000000 ---p 00000000 00:00 0 
7f3aa0003000-7f3aa0005000 r-xp 00000000 00:1912 4611686019135190017      /nix/store/gpxl5qgg8kicmcvivwmybwjlpf7wh20l-graalvm17-ce-22.3.0/lib/libextnet.so
7f3aa0005000-7f3aa0006000 r--p 00001000 00:1912 4611686019135190017      /nix/store/gpxl5qgg8kicmcvivwmybwjlpf7wh20l-graalvm17-ce-22.3.0/lib/libextnet.so
7f3aa0006000-7f3aa0007000 rw-p 00002000 00:1912 4611686019135190017      /nix/store/gpxl5qgg8kicmcvivwmybwjlpf7wh20l-graalvm17-ce-22.3.0/lib/libextnet.so
7f3aa0007000-7f3aa0008000 rw-p 00004000 00:1912 4611686019135190017      /nix/store/gpxl5qgg8kicmcvivwmybwjlpf7wh20l-graalvm17-ce-22.3.0/lib/libextnet.so
7f3aa0008000-7f3aa000f000 r-xp 00000000 00:1912 4611686019135192580      /nix/store/gpxl5qgg8kicmcvivwmybwjlpf7wh20l-graalvm17-ce-22.3.0/lib/libzip.so
7f3aa000f000-7f3aa0010000 ---p 00007000 00:1912 4611686019135192580      /nix/store/gpxl5qgg8kicmcvivwmybwjlpf7wh20l-graalvm17-ce-22.3.0/lib/libzip.so
7f3aa0010000-7f3aa0011000 r--p 00007000 00:1912 4611686019135192580      /nix/store/gpxl5qgg8kicmcvivwmybwjlpf7wh20l-graalvm17-ce-22.3.0/lib/libzip.so
7f3aa0011000-7f3aa0012000 rw-p 00008000 00:1912 4611686019135192580      /nix/store/gpxl5qgg8kicmcvivwmybwjlpf7wh20l-graalvm17-ce-22.3.0/lib/libzip.so
7f3aa0012000-7f3aa0014000 rw-p 0000b000 00:1912 4611686019135192580      /nix/store/gpxl5qgg8kicmcvivwmybwjlpf7wh20l-graalvm17-ce-22.3.0/lib/libzip.so
7f3aa0014000-7f3aa0023000 rw-p 00000000 00:00 0 
7f3aa0023000-7f3aa0109000 ---p 00000000 00:00 0 
7f3aa0109000-7f3aa0125000 rw-p 00000000 00:00 0 
7f3aa0125000-7f3aa01f4000 ---p 00000000 00:00 0 
7f3aa01f4000-7f3aa01f9000 rw-p 00000000 00:00 0 
7f3aa01f9000-7f3aa0200000 ---p 00000000 00:00 0 
7f3aa0200000-7f3aa0224000 r-xp 00000000 00:1912 4611686019135190028      /nix/store/gpxl5qgg8kicmcvivwmybwjlpf7wh20l-graalvm17-ce-22.3.0/lib/libjava.so
7f3aa0224000-7f3aa0225000 ---p 00024000 00:1912 4611686019135190028      /nix/store/gpxl5qgg8kicmcvivwmybwjlpf7wh20l-graalvm17-ce-22.3.0/lib/libjava.so
7f3aa0225000-7f3aa0226000 r--p 00024000 00:1912 4611686019135190028      /nix/store/gpxl5qgg8kicmcvivwmybwjlpf7wh20l-graalvm17-ce-22.3.0/lib/libjava.so
7f3aa0226000-7f3aa0227000 rw-p 00025000 00:1912 4611686019135190028      /nix/store/gpxl5qgg8kicmcvivwmybwjlpf7wh20l-graalvm17-ce-22.3.0/lib/libjava.so
7f3aa0227000-7f3aa0228000 rw-p 00000000 00:00 0 
7f3aa0228000-7f3aa022f000 rw-p 0002f000 00:1912 4611686019135190028      /nix/store/gpxl5qgg8kicmcvivwmybwjlpf7wh20l-graalvm17-ce-22.3.0/lib/libjava.so
7f3aa022f000-7f3aa0237000 rw-s 00000000 00:1874 351                      /tmp/hsperfdata_runner/30
7f3aa0237000-7f3aa0238000 ---p 00000000 00:00 0 
7f3aa0238000-7f3aa0239000 r--p 00000000 00:00 0 
7f3aa0239000-7f3aa023a000 rwxp 00000000 00:00 0 
7f3aa023a000-7f3aa0255000 r-xp 00000000 00:1912 4611686019135190032      /nix/store/gpxl5qgg8kicmcvivwmybwjlpf7wh20l-graalvm17-ce-22.3.0/lib/libjimage.so
7f3aa0255000-7f3aa0256000 ---p 0001b000 00:1912 4611686019135190032      /nix/store/gpxl5qgg8kicmcvivwmybwjlpf7wh20l-graalvm17-ce-22.3.0/lib/libjimage.so
7f3aa0256000-7f3aa0258000 r--p 0001b000 00:1912 4611686019135190032      /nix/store/gpxl5qgg8kicmcvivwmybwjlpf7wh20l-graalvm17-ce-22.3.0/lib/libjimage.so
7f3aa0258000-7f3aa0259000 rw-p 0001d000 00:1912 4611686019135190032      /nix/store/gpxl5qgg8kicmcvivwmybwjlpf7wh20l-graalvm17-ce-22.3.0/lib/libjimage.so
7f3aa0259000-7f3aa025a000 rw-p 00024000 00:1912 4611686019135190032      /nix/store/gpxl5qgg8kicmcvivwmybwjlpf7wh20l-graalvm17-ce-22.3.0/lib/libjimage.so
7f3aa025a000-7f3aa025e000 ---p 00000000 00:00 0 
7f3aa025e000-7f3aa035a000 rw-p 00000000 00:00 0 
7f3aa035a000-7f3aa0368000 r--p 00000000 00:1912 4611686019027979927      /nix/store/4nlgxhb09sdr51nc9hdm8az5b08vzkgx-glibc-2.35-163/lib/libm.so.6
7f3aa0368000-7f3aa03db000 r-xp 0000e000 00:1912 4611686019027979927      /nix/store/4nlgxhb09sdr51nc9hdm8az5b08vzkgx-glibc-2.35-163/lib/libm.so.6
7f3aa03db000-7f3aa0438000 r--p 00081000 00:1912 4611686019027979927      /nix/store/4nlgxhb09sdr51nc9hdm8az5b08vzkgx-glibc-2.35-163/lib/libm.so.6
7f3aa0438000-7f3aa0439000 r--p 000dd000 00:1912 4611686019027979927      /nix/store/4nlgxhb09sdr51nc9hdm8az5b08vzkgx-glibc-2.35-163/lib/libm.so.6
7f3aa0439000-7f3aa043a000 rw-p 000de000 00:1912 4611686019027979927      /nix/store/4nlgxhb09sdr51nc9hdm8az5b08vzkgx-glibc-2.35-163/lib/libm.so.6
7f3aa043a000-7f3aa043b000 r--p 00000000 00:1912 4611686019027979946      /nix/store/4nlgxhb09sdr51nc9hdm8az5b08vzkgx-glibc-2.35-163/lib/librt.so.1
7f3aa043b000-7f3aa043c000 r-xp 00001000 00:1912 4611686019027979946      /nix/store/4nlgxhb09sdr51nc9hdm8az5b08vzkgx-glibc-2.35-163/lib/librt.so.1
7f3aa043c000-7f3aa043d000 r--p 00002000 00:1912 4611686019027979946      /nix/store/4nlgxhb09sdr51nc9hdm8az5b08vzkgx-glibc-2.35-163/lib/librt.so.1
7f3aa043d000-7f3aa043e000 r--p 00002000 00:1912 4611686019027979946      /nix/store/4nlgxhb09sdr51nc9hdm8az5b08vzkgx-glibc-2.35-163/lib/librt.so.1
7f3aa043e000-7f3aa043f000 rw-p 00003000 00:1912 4611686019027979946      /nix/store/4nlgxhb09sdr51nc9hdm8az5b08vzkgx-glibc-2.35-163/lib/librt.so.1
7f3aa043f000-7f3aa1552000 r-xp 00000000 00:1912 4611686019135360866      /nix/store/gpxl5qgg8kicmcvivwmybwjlpf7wh20l-graalvm17-ce-22.3.0/lib/server/libjvm.so
7f3aa1552000-7f3aa1553000 ---p 01113000 00:1912 4611686019135360866      /nix/store/gpxl5qgg8kicmcvivwmybwjlpf7wh20l-graalvm17-ce-22.3.0/lib/server/libjvm.so
7f3aa1553000-7f3aa1608000 r--p 01113000 00:1912 4611686019135360866      /nix/store/gpxl5qgg8kicmcvivwmybwjlpf7wh20l-graalvm17-ce-22.3.0/lib/server/libjvm.so
7f3aa1608000-7f3aa163c000 rw-p 011c8000 00:1912 4611686019135360866      /nix/store/gpxl5qgg8kicmcvivwmybwjlpf7wh20l-graalvm17-ce-22.3.0/lib/server/libjvm.so
7f3aa163c000-7f3aa1698000 rw-p 00000000 00:00 0 
7f3aa1698000-7f3aa16c0000 r--p 00000000 00:1912 4611686019027979918      /nix/store/4nlgxhb09sdr51nc9hdm8az5b08vzkgx-glibc-2.35-163/lib/libc.so.6
7f3aa16c0000-7f3aa1836000 r-xp 00028000 00:1912 4611686019027979918      /nix/store/4nlgxhb09sdr51nc9hdm8az5b08vzkgx-glibc-2.35-163/lib/libc.so.6
7f3aa1836000-7f3aa188e000 r--p 0019e000 00:1912 4611686019027979918      /nix/store/4nlgxhb09sdr51nc9hdm8az5b08vzkgx-glibc-2.35-163/lib/libc.so.6
7f3aa188e000-7f3aa1892000 r--p 001f6000 00:1912 4611686019027979918      /nix/store/4nlgxhb09sdr51nc9hdm8az5b08vzkgx-glibc-2.35-163/lib/libc.so.6
7f3aa1892000-7f3aa1894000 rw-p 001fa000 00:1912 4611686019027979918      /nix/store/4nlgxhb09sdr51nc9hdm8az5b08vzkgx-glibc-2.35-163/lib/libc.so.6
7f3aa1894000-7f3aa18a3000 rw-p 00000000 00:00 0 
7f3aa18a3000-7f3aa18a4000 r--p 00000000 00:1912 4611686019027979923      /nix/store/4nlgxhb09sdr51nc9hdm8az5b08vzkgx-glibc-2.35-163/lib/libdl.so.2
7f3aa18a4000-7f3aa18a5000 r-xp 00001000 00:1912 4611686019027979923      /nix/store/4nlgxhb09sdr51nc9hdm8az5b08vzkgx-glibc-2.35-163/lib/libdl.so.2
7f3aa18a5000-7f3aa18a6000 r--p 00002000 00:1912 4611686019027979923      /nix/store/4nlgxhb09sdr51nc9hdm8az5b08vzkgx-glibc-2.35-163/lib/libdl.so.2
7f3aa18a6000-7f3aa18a7000 r--p 00002000 00:1912 4611686019027979923      /nix/store/4nlgxhb09sdr51nc9hdm8az5b08vzkgx-glibc-2.35-163/lib/libdl.so.2
7f3aa18a7000-7f3aa18a8000 rw-p 00003000 00:1912 4611686019027979923      /nix/store/4nlgxhb09sdr51nc9hdm8az5b08vzkgx-glibc-2.35-163/lib/libdl.so.2
7f3aa18a8000-7f3aa18a9000 r--p 00000000 00:1912 4611686019027979942      /nix/store/4nlgxhb09sdr51nc9hdm8az5b08vzkgx-glibc-2.35-163/lib/libpthread.so.0
7f3aa18a9000-7f3aa18aa000 r-xp 00001000 00:1912 4611686019027979942      /nix/store/4nlgxhb09sdr51nc9hdm8az5b08vzkgx-glibc-2.35-163/lib/libpthread.so.0
7f3aa18aa000-7f3aa18ab000 r--p 00002000 00:1912 4611686019027979942      /nix/store/4nlgxhb09sdr51nc9hdm8az5b08vzkgx-glibc-2.35-163/lib/libpthread.so.0
7f3aa18ab000-7f3aa18ac000 r--p 00002000 00:1912 4611686019027979942      /nix/store/4nlgxhb09sdr51nc9hdm8az5b08vzkgx-glibc-2.35-163/lib/libpthread.so.0
7f3aa18ac000-7f3aa18ad000 rw-p 00003000 00:1912 4611686019027979942      /nix/store/4nlgxhb09sdr51nc9hdm8az5b08vzkgx-glibc-2.35-163/lib/libpthread.so.0
7f3aa18ad000-7f3aa18bb000 r-xp 00000000 00:1912 4611686019135190033      /nix/store/gpxl5qgg8kicmcvivwmybwjlpf7wh20l-graalvm17-ce-22.3.0/lib/libjli.so
7f3aa18bb000-7f3aa18bc000 ---p 0000e000 00:1912 4611686019135190033      /nix/store/gpxl5qgg8kicmcvivwmybwjlpf7wh20l-graalvm17-ce-22.3.0/lib/libjli.so
7f3aa18bc000-7f3aa18bd000 r--p 0000e000 00:1912 4611686019135190033      /nix/store/gpxl5qgg8kicmcvivwmybwjlpf7wh20l-graalvm17-ce-22.3.0/lib/libjli.so
7f3aa18bd000-7f3aa18be000 rw-p 0000f000 00:1912 4611686019135190033      /nix/store/gpxl5qgg8kicmcvivwmybwjlpf7wh20l-graalvm17-ce-22.3.0/lib/libjli.so
7f3aa18be000-7f3aa18bf000 rw-p 00012000 00:1912 4611686019135190033      /nix/store/gpxl5qgg8kicmcvivwmybwjlpf7wh20l-graalvm17-ce-22.3.0/lib/libjli.so
7f3aa18bf000-7f3aa18c2000 r--p 00000000 00:1912 4611686019106210071      /nix/store/026hln0aq1hyshaxsdvhg0kmcm6yf45r-zlib-1.2.13/lib/libz.so.1.2.13
7f3aa18c2000-7f3aa18d4000 r-xp 00003000 00:1912 4611686019106210071      /nix/store/026hln0aq1hyshaxsdvhg0kmcm6yf45r-zlib-1.2.13/lib/libz.so.1.2.13
7f3aa18d4000-7f3aa18db000 r--p 00015000 00:1912 4611686019106210071      /nix/store/026hln0aq1hyshaxsdvhg0kmcm6yf45r-zlib-1.2.13/lib/libz.so.1.2.13
7f3aa18db000-7f3aa18dc000 r--p 0001b000 00:1912 4611686019106210071      /nix/store/026hln0aq1hyshaxsdvhg0kmcm6yf45r-zlib-1.2.13/lib/libz.so.1.2.13
7f3aa18dc000-7f3aa18dd000 rw-p 0001c000 00:1912 4611686019106210071      /nix/store/026hln0aq1hyshaxsdvhg0kmcm6yf45r-zlib-1.2.13/lib/libz.so.1.2.13
7f3aa18dd000-7f3aa18df000 rw-p 00000000 00:00 0 
7f3aa18df000-7f3aa18e1000 r--p 00000000 00:1912 4611686019027979912      /nix/store/4nlgxhb09sdr51nc9hdm8az5b08vzkgx-glibc-2.35-163/lib/ld-linux-x86-64.so.2
7f3aa18e1000-7f3aa1908000 r-xp 00002000 00:1912 4611686019027979912      /nix/store/4nlgxhb09sdr51nc9hdm8az5b08vzkgx-glibc-2.35-163/lib/ld-linux-x86-64.so.2
7f3aa1908000-7f3aa1914000 r--p 00029000 00:1912 4611686019027979912      /nix/store/4nlgxhb09sdr51nc9hdm8az5b08vzkgx-glibc-2.35-163/lib/ld-linux-x86-64.so.2
7f3aa1914000-7f3aa1916000 r--p 00034000 00:1912 4611686019027979912      /nix/store/4nlgxhb09sdr51nc9hdm8az5b08vzkgx-glibc-2.35-163/lib/ld-linux-x86-64.so.2
7f3aa1916000-7f3aa1918000 rw-p 00036000 00:1912 4611686019027979912      /nix/store/4nlgxhb09sdr51nc9hdm8az5b08vzkgx-glibc-2.35-163/lib/ld-linux-x86-64.so.2
7ffe3242b000-7ffe32450000 rw-p 00000000 00:00 0                          [stack]
7ffe325a1000-7ffe325a5000 r--p 00000000 00:00 0                          [vvar]
7ffe325a5000-7ffe325a7000 r-xp 00000000 00:00 0                          [vdso]
ffffffffff600000-ffffffffff601000 --xp 00000000 00:00 0                  [vsyscall]


VM Arguments:
jvm_args: -XX:ThreadPriorityPolicy=1 -XX:+UnlockExperimentalVMOptions -XX:+EnableJVMCIProduct -XX:JVMCIThreadsPerNativeLibraryRuntime=1 -XX:-UnlockExperimentalVMOptions -Declipse.application=org.eclipse.jdt.ls.core.id1 -Dosgi.bundles.defaultStartLevel=4 -Declipse.product=org.eclipse.jdt.ls.core.product -Dlog.level=ALL -Xverify:none -XX:+UseParallelGC -XX:GCTimeRatio=4 -XX:AdaptiveSizePolicyWeight=90 -Dsun.zip.disableMemoryMapping=true -Xmx512m -Xms100m 
java_command: /nix/store/m6gcpi1ii6rghy04cjwjddcavv7i90df-jdt-language-server-1.9.0/share/java/plugins/org.eclipse.equinox.launcher_1.6.400.v20210924-0641.jar --add-modules=ALL-SYSTEM --add-opens java.base/java.util=ALL-UNNAMED --add-opens java.base/java.lang=ALL-UNNAMED -configuration /home/runner/.cache/jdt-language-server/config -data /home/runner/.cache/jdt-language-server/data/home/runner/Unit-9-Project
java_class_path (initial): /nix/store/m6gcpi1ii6rghy04cjwjddcavv7i90df-jdt-language-server-1.9.0/share/java/plugins/org.eclipse.equinox.launcher_1.6.400.v20210924-0641.jar
Launcher Type: SUN_STANDARD

[Global flags]
    uintx AdaptiveSizePolicyWeight                 = 90                                        {product} {command line}
     intx CICompilerCount                          = 2                                         {product} {ergonomic}
     bool EnableJVMCIProduct                       = true                                {JVMCI product} {jimage}
    uintx GCTimeRatio                              = 4                                         {product} {command line}
   size_t InitialHeapSize                          = 104857600                                 {product} {command line}
     uint JVMCIThreadsPerNativeLibraryRuntime      = 1                                   {JVMCI product} {jimage}
   size_t MaxHeapSize                              = 536870912                                 {product} {command line}
   size_t MaxNewSize                               = 178782208                                 {product} {ergonomic}
   size_t MinHeapDeltaBytes                        = 524288                                    {product} {ergonomic}
   size_t MinHeapSize                              = 104857600                                 {product} {command line}
   size_t NewSize                                  = 34603008                                  {product} {ergonomic}
    uintx NonNMethodCodeHeapSize                   = 5826188                                {pd product} {ergonomic}
    uintx NonProfiledCodeHeapSize                  = 122916026                              {pd product} {ergonomic}
   size_t OldSize                                  = 70254592                                  {product} {ergonomic}
    uintx ProfiledCodeHeapSize                     = 122916026                              {pd product} {ergonomic}
    uintx ReservedCodeCacheSize                    = 251658240                              {pd product} {ergonomic}
     bool SegmentedCodeCache                       = true                                      {product} {ergonomic}
   size_t SoftMaxHeapSize                          = 536870912                              {manageable} {ergonomic}
     intx ThreadPriorityPolicy                     = 1                                         {product} {jimage}
     bool UseCompressedClassPointers               = true                           {product lp64_product} {ergonomic}
     bool UseCompressedOops                        = true                           {product lp64_product} {ergonomic}
     bool UseParallelGC                            = true                                      {product} {command line}

Logging:
Log output configuration:
 #0: stdout all=warning uptime,level,tags
 #1: stderr all=off uptime,level,tags

Environment Variables:
JAVA_HOME=/nix/store/gpxl5qgg8kicmcvivwmybwjlpf7wh20l-graalvm17-ce-22.3.0
PATH=/nix/store/1d6ian3r8kdzspw8hacjhl3xkp40g1lj-binutils-wrapper-2.39/bin:/nix/store/dq0xwmsk1g0i2ayg6pb7y87na2knzylh-gcc-wrapper-11.3.0/bin:/nix/store/bap4d0lpcrhpwmpb8ayjcgkmvfj62lnq-bash-interactive-5.1-p16/bin:/nix/store/pr5n59mb4jzmfx6kanwxly0l07p861fg-patchelf-0.15.0/bin:/nix/store/1gf2flfqnpqbr1b4p4qz2f72y42bs56r-gcc-11.3.0/bin:/nix/store/57xv61c5zi8pphjbcwxxjlgc34p61ic9-glibc-2.35-163-bin/bin:/nix/store/a7gvj343m05j2s32xcnwr35v31ynlypr-coreutils-9.1/bin:/nix/store/039g378vc3pc3dvi9dzdlrd0i4q93qwf-binutils-2.39/bin:/nix/store/gpxl5qgg8kicmcvivwmybwjlpf7wh20l-graalvm17-ce-22.3.0/bin:/nix/store/6z9ag3ihc8mq2hzsw48lhbznvzny65nz-apache-maven-3.8.6/bin:/nix/store/m6gcpi1ii6rghy04cjwjddcavv7i90df-jdt-language-server-1.9.0/bin:/nix/store/84xs5alhs01zrbr4ywm05kxbjbp5590l-java-debug/bin:/nix/store/mydc6f4k2z73xlcz7ilif3v2lcaiqvza-findutils-4.9.0/bin:/nix/store/j9p3g8472iijd50vhdprx0nmk2fqn5gv-diffutils-3.8/bin:/nix/store/89zs7rms6x00xfq4dq6m7mjnhkr8a6r4-gnused-4.8/bin:/nix/store/86bp03jkmsl6f92w0yzg4s59g5mhxwmy-gnugrep-3.7/bin:/nix/store/hwcdqw4jrjnd37wxqgsd47hd0j8bnj09-gawk-5.1.1/bin:/nix/store/cfbhw8r8ags41vwqaz47r583d0p4h4a1-gnutar-1.34/bin:/nix/store/p3m1ndl1lapwrlh698bnb5lvvxh67378-gzip-1.12/bin:/nix/store/a8mhcagrsly7c7mpjrpsnaahk4aax056-bzip2-1.0.8-bin/bin:/nix/store/mblgz65m3zv9x548a3d5m96fj2pbwr09-gnumake-4.3/bin:/nix/store/dsd5gz46hdbdk2rfdimqddhq6m8m8fqs-bash-5.1-p16/bin:/nix/store/v7ljksji50mg3w61dykaa3n3y79n6nil-patch-2.7.6/bin:/nix/store/zlcnmqq14jz5x9439jf937mvayyl63da-xz-5.2.7-bin/bin:/nix/store/y6aj732zm9m87c82fpvf103a1xb22blp-file-5.43/bin:/nix/store/i4kzir3m7mrisxmf5xvlnkw01x4qaqr4-prybar-elisp-0.0.0-e0d9a52/bin:/nix/store/lwwivxf6h7x3cvxp9zv8sj0mv7dak99r-prybar-lua-0.0.0-e0d9a52/bin:/nix/store/gxj28g1cg4hq3qanmjv07156h800qr58-prybar-python3-0.0.0-e0d9a52/bin:/nix/store/hshkjnxrgidigf8x75vg6lqng2xlx9i3-prybar-sqlite-0.0.0-e0d9a52/bin:/nix/store/c4w01bpjgyy5ixmwdk8m1pw87zq4sl26-prybar-tcl-0.0.0-e0d9a52/bin:/nix/store/hpbvrlwd5viqmvcaisb3x0118i913a9n-st
LD_LIBRARY_PATH=/nix/store/a4pff549sk2idnkpzk5nsfps3mdkdnvm-cups-2.4.2-lib/lib:/nix/store/72mqxxhh3cy5yifh92wh2yb8cl2hikyy-cairo-1.16.0/lib:/nix/store/2k366jrbsra97gjfxwvrhvixjfxdach5-glib-2.74.1/lib:/nix/store/2j2znigd8ak37rlwh9khz0ry3clqlw1l-gtk+3-3.24.34/lib:/nix/store/hisqvx32cd57apbpcsnkpx6k3549wql1-libglvnd-1.4.0/lib:/nix/store/p36pgcv991mq5srvg765b78yqpxvk3qs-mesa-21.3.3-drivers/lib:/nix/store/mav4251if1ahjq5vkpwycyyvnmy459c4-pulseaudio-14.2/lib
DISPLAY=:0
LANG=en_US.UTF-8

Signal Handlers:
   SIGSEGV: crash_handler in libjvm.so, mask=11100100010111111101111111111110, flags=SA_RESTART|SA_SIGINFO
    SIGBUS: crash_handler in libjvm.so, mask=11100100010111111101111111111110, flags=SA_RESTART|SA_SIGINFO
    SIGFPE: crash_handler in libjvm.so, mask=11100100010111111101111111111110, flags=SA_RESTART|SA_SIGINFO
   SIGPIPE: IsolateEnterStub_IgnoreSIGPIPEStartupHook_noopSignalHandler_8f19bff2f35b5f630d83b364d6b2339320d4ec70_216e8361c6bc87a8f89f58cc10d3b2fd4415bf87 in libjvmcicompiler.so, mask=00000000000000000000000000000000, flags=SA_RESTART
  *** Handler was modified!
  *** Expected: javaSignalHandler in libjvm.so, mask=11100100110111111111111111111110, flags=SA_RESTART|SA_SIGINFO
   SIGXFSZ: javaSignalHandler in libjvm.so, mask=11100100010111111101111111111110, flags=SA_RESTART|SA_SIGINFO
    SIGILL: crash_handler in libjvm.so, mask=11100100010111111101111111111110, flags=SA_RESTART|SA_SIGINFO
   SIGUSR2: SR_handler in libjvm.so, mask=00000000000000000000000000000000, flags=SA_RESTART|SA_SIGINFO
    SIGHUP: UserHandler in libjvm.so, mask=11100100010111111101111111111110, flags=SA_RESTART|SA_SIGINFO
    SIGINT: UserHandler in libjvm.so, mask=11100100010111111101111111111110, flags=SA_RESTART|SA_SIGINFO
   SIGTERM: UserHandler in libjvm.so, mask=11100100010111111101111111111110, flags=SA_RESTART|SA_SIGINFO
   SIGQUIT: UserHandler in libjvm.so, mask=11100100010111111101111111111110, flags=SA_RESTART|SA_SIGINFO
  *** Handler was modified!
  *** Expected: javaSignalHandler in libjvm.so, mask=11100100110111111111111111111110, flags=SA_RESTART|SA_SIGINFO
   SIGTRAP: crash_handler in libjvm.so, mask=11100100010111111101111111111110, flags=SA_RESTART|SA_SIGINFO


---------------  S Y S T E M  ---------------

OS:
DISTRIB_ID=Ubuntu
DISTRIB_RELEASE=20.04
DISTRIB_CODENAME=focal
DISTRIB_DESCRIPTION="Ubuntu 20.04.2 LTS"
uname: Linux 5.19.0-1022-gcp #24~22.04.1-Ubuntu SMP Sun Apr 23 09:51:08 UTC 2023 x86_64
OS uptime: 0 days 10:27 hours
libc: glibc 2.35 NPTL 2.35 
rlimit (soft/hard): STACK 8192k/infinity , CORE infinity/infinity , NPROC infinity/infinity , NOFILE 5242/5242 , AS infinity/infinity , CPU infinity/infinity , DATA infinity/infinity , FSIZE infinity/infinity , MEMLOCK 8192k/8192k
load average: 16.64 17.40 18.40

/proc/meminfo:
MemTotal:       65852256 kB
MemFree:        10001596 kB
MemAvailable:   36153560 kB
Buffers:         3187744 kB
Cached:         21620700 kB
SwapCached:            0 kB
Active:         12201472 kB
Inactive:       39505648 kB
Active(anon):      14736 kB
Inactive(anon): 26762632 kB
Active(file):   12186736 kB
Inactive(file): 12743016 kB
Unevictable:       56320 kB
Mlocked:           56320 kB
SwapTotal:             0 kB
SwapFree:              0 kB
Zswap:                 0 kB
Zswapped:              0 kB
Dirty:             27748 kB
Writeback:             0 kB
AnonPages:      24231360 kB
Mapped:          2099416 kB
Shmem:             42324 kB
KReclaimable:    1948812 kB
Slab:            3083100 kB
SReclaimable:    1948812 kB
SUnreclaim:      1134288 kB
KernelStack:      420608 kB
PageTables:       189204 kB
NFS_Unstable:          0 kB
Bounce:                0 kB
WritebackTmp:          0 kB
CommitLimit:    32926128 kB
Committed_AS:   70095964 kB
VmallocTotal:   34359738367 kB
VmallocUsed:      461464 kB
VmallocChunk:          0 kB
Percpu:            57536 kB
HardwareCorrupted:     0 kB
AnonHugePages:   7081984 kB
ShmemHugePages:        0 kB
ShmemPmdMapped:        0 kB
FileHugePages:         0 kB
FilePmdMapped:         0 kB
HugePages_Total:       0
HugePages_Free:        0
HugePages_Rsvd:        0
HugePages_Surp:        0
Hugepagesize:       2048 kB
Hugetlb:               0 kB
DirectMap4k:     5987128 kB
DirectMap2M:    50632704 kB
DirectMap1G:    12582912 kB

/sys/kernel/mm/transparent_hugepage/enabled: always [madvise] never
/sys/kernel/mm/transparent_hugepage/defrag (defrag/compaction efforts parameter): always defer defer+madvise [madvise] never

Process Memory:
Virtual Size: 4713564K (peak: 4808648K)
Resident Set Size: 756588K (peak: 788024K) (anon: 559468K, file: 197120K, shmem: 0K)
Swapped out: 0K
C-Heap outstanding allocations: 40482K, retained: 16145K
glibc malloc tunables: (default)

/proc/sys/kernel/threads-max (system-wide limit on the number of threads): 514406
/proc/sys/vm/max_map_count (maximum number of memory map areas a process may have): 65530
/proc/sys/kernel/pid_max (system-wide limit on number of process identifiers): 4194304

container (cgroup) information:
container_type: cgroupv1
cpu_cpuset_cpus: 2-7
cpu_memory_nodes: 0
active_processor_count: 1
cpu_quota: 50000
cpu_period: 100000
cpu_shares: 512
memory_limit_in_bytes: 1048576 k
memory_and_swap_limit_in_bytes: 1048576 k
memory_soft_limit_in_bytes: 524288 k
memory_usage_in_bytes: 597260 k
memory_max_usage_in_bytes: 622124 k
maximum number of tasks: 1000
current number of tasks: 45

KVM virtualization detected
Steal ticks since vm start: 0
Steal ticks percentage since vm start:  0.000

CPU: total 8 (initial active 1) (8 cores per cpu, 2 threads per core) family 23 model 49 stepping 0 microcode 0xffffffff, cx8, cmov, fxsr, ht, mmx, 3dnowpref, sse, sse2, sse3, ssse3, sse4a, sse4.1, sse4.2, popcnt, lzcnt, tsc, tscinvbit, avx, avx2, aes, clmul, bmi1, bmi2, adx, sha, fma, vzeroupper, clflush, clflushopt, hv
CPU Model and flags from /proc/cpuinfo:
model name	: AMD EPYC 7B12
flags		: fpu vme de pse tsc msr pae mce cx8 apic sep mtrr pge mca cmov pat pse36 clflush mmx fxsr sse sse2 ht syscall nx mmxext fxsr_opt pdpe1gb rdtscp lm constant_tsc rep_good nopl nonstop_tsc cpuid extd_apicid tsc_known_freq pni pclmulqdq ssse3 fma cx16 sse4_1 sse4_2 movbe popcnt aes xsave avx f16c rdrand hypervisor lahf_lm cmp_legacy cr8_legacy abm sse4a misalignsse 3dnowprefetch osvw topoext ssbd ibrs ibpb stibp vmmcall fsgsbase tsc_adjust bmi1 avx2 smep bmi2 rdseed adx smap clflushopt clwb sha_ni xsaveopt xsavec xgetbv1 clzero xsaveerptr arat npt nrip_save umip rdpid

Online cpus: 0-7
Offline cpus: 
BIOS frequency limitation: <Not Available>
Frequency switch latency (ns): <Not Available>
Available cpu frequencies: <Not Available>
Current governor: <Not Available>
Core performance/turbo boost: <Not Available>

Memory: 4k page, physical 1048576k(451304k free), swap 0k(0k free)
Page Sizes: 4k

vm_info: OpenJDK 64-Bit Server VM (17.0.5+8-jvmci-22.3-b08) for linux-amd64 JRE (17.0.5+8-jvmci-22.3-b08), built on Oct 19 2022 09:01:27 by "buildslave" with gcc 10.3.0

END.
