#
# A fatal error has been detected by the Java Runtime Environment:
#
#  Internal Error (jvmciRuntime.cpp:1609), pid=20, tid=35
#  fatal error: Fatal exception in JVMCI: Error calling jdk.vm.ci.services.Services.serializeSavedProperties
#
# JRE version: OpenJDK Runtime Environment GraalVM CE 22.3.0 (17.0.5+8) (build 17.0.5+8-jvmci-22.3-b08)
# Java VM: OpenJDK 64-Bit Server VM GraalVM CE 22.3.0 (17.0.5+8-jvmci-22.3-b08, mixed mode, sharing, tiered, jvmci, jvmci compiler, compressed oops, compressed class ptrs, parallel gc, linux-amd64)
# Problematic frame:
# V  [libjvm.so+0x972714]  JVMCIRuntime::fatal_exception(JVMCIEnv*, char const*)+0x74
#
# Core dump will be written. Default location: Core dumps may be processed with "/usr/share/apport/apport -p%p -s%s -c%c -d%d -P%P -u%u -g%g -- %E" (or dumping to /home/runner/Unit-9-Project/core.20)
#
# If you would like to submit a bug report, please visit:
#   https://github.com/oracle/graal/issues
#

---------------  S U M M A R Y ------------

Command Line: -XX:ThreadPriorityPolicy=1 -XX:+UnlockExperimentalVMOptions -XX:+EnableJVMCIProduct -XX:JVMCIThreadsPerNativeLibraryRuntime=1 -XX:-UnlockExperimentalVMOptions -Declipse.application=org.eclipse.jdt.ls.core.id1 -Dosgi.bundles.defaultStartLevel=4 -Declipse.product=org.eclipse.jdt.ls.core.product -Dlog.level=ALL -Xverify:none -XX:+UseParallelGC -XX:GCTimeRatio=4 -XX:AdaptiveSizePolicyWeight=90 -Dsun.zip.disableMemoryMapping=true -Xmx512m -Xms100m /nix/store/m6gcpi1ii6rghy04cjwjddcavv7i90df-jdt-language-server-1.9.0/share/java/plugins/org.eclipse.equinox.launcher_1.6.400.v20210924-0641.jar --add-modules=ALL-SYSTEM --add-opens java.base/java.util=ALL-UNNAMED --add-opens java.base/java.lang=ALL-UNNAMED -configuration /home/runner/.cache/jdt-language-server/config -data /home/runner/.cache/jdt-language-server/data/home/runner/Unit-9-Project

Host: AMD EPYC 7B12, 8 cores, 1G, Ubuntu 20.04.2 LTS
Time: Thu Jun  1 17:31:14 2023 UTC elapsed time: 477.031693 seconds (0d 0h 7m 57s)

---------------  T H R E A D  ---------------

Current thread (0x00007fdd5c0b21e0):  JavaThread "JVMCI-native CompilerThread0" daemon [_thread_in_vm, id=35, stack(0x00007fdd6031a000,0x00007fdd6051a000)]


Current CompileTask:
JVMCI-native: 477031 7326       4       java.util.zip.ZipFile$InflaterCleanupAction::run (12 bytes)

Stack: [0x00007fdd6031a000,0x00007fdd6051a000],  sp=0x00007fdd60518380,  free space=2040k
Native frames: (J=compiled Java code, j=interpreted, Vv=VM code, C=native code)
V  [libjvm.so+0x972714]  JVMCIRuntime::fatal_exception(JVMCIEnv*, char const*)+0x74
V  [libjvm.so+0x93e2fe]  JVMCIEnv::copy_saved_properties()+0x14e
V  [libjvm.so+0x9732a9]  JVMCIRuntime::initialize(JVMCIEnv*)+0xb19
V  [libjvm.so+0x9738a2]  JVMCIRuntime::get_HotSpotJVMCIRuntime(JVMCIEnv*)+0x12
V  [libjvm.so+0x9749f2]  JVMCIRuntime::compile_method(JVMCIEnv*, JVMCICompiler*, methodHandle const&, int)+0xd2
V  [libjvm.so+0x5b0d20]  CompileBroker::invoke_compiler_on_method(CompileTask*)+0x1470
V  [libjvm.so+0x5b12e8]  CompileBroker::compiler_thread_loop()+0x528
V  [libjvm.so+0xd82460]  JavaThread::thread_main_inner()+0xd0
V  [libjvm.so+0xd85a40]  Thread::call_run()+0xc0
V  [libjvm.so+0xbdb1e1]  thread_native_entry(Thread*)+0xe1

Register to memory mapping:

RAX=0x00007fdd634b2000 points into unknown readable memory: 0x0000000000000058 | 58 00 00 00 00 00 00 00
RBX=0x00007fdd645ad398: <offset 0x0000000000ef5398> in /nix/store/gpxl5qgg8kicmcvivwmybwjlpf7wh20l-graalvm17-ce-22.3.0/lib/server/libjvm.so at 0x00007fdd636b8000
RCX=0x00007fdd645651e8: <offset 0x0000000000ead1e8> in /nix/store/gpxl5qgg8kicmcvivwmybwjlpf7wh20l-graalvm17-ce-22.3.0/lib/server/libjvm.so at 0x00007fdd636b8000
RDX=0x0000000000000649 is an unknown value
RSP=0x00007fdd60518380 is pointing into the stack for thread: 0x00007fdd5c0b21e0
RBP=0x00007fdd605183a0 is pointing into the stack for thread: 0x00007fdd5c0b21e0
RSI=0x00007fdd645adc48: <offset 0x0000000000ef5c48> in /nix/store/gpxl5qgg8kicmcvivwmybwjlpf7wh20l-graalvm17-ce-22.3.0/lib/server/libjvm.so at 0x00007fdd636b8000
RDI=0x00000000e0000000 is an oop: java.lang.String 
{0x00000000e0000000} - klass: 'java/lang/String'
 - string: "resolution"
R8 =0x00007fdd645ad398: <offset 0x0000000000ef5398> in /nix/store/gpxl5qgg8kicmcvivwmybwjlpf7wh20l-graalvm17-ce-22.3.0/lib/server/libjvm.so at 0x00007fdd636b8000
R9 =0x00007fdd60518330 is pointing into the stack for thread: 0x00007fdd5c0b21e0
R10=0x00007fdd60519948 is pointing into the stack for thread: 0x00007fdd5c0b21e0
R11=0x0000000000000293 is an unknown value
R12=0x0 is NULL
R13=0x00007fdd5c0b21e0 is a thread
R14=0x00007fdd5c000b80 points into unknown readable memory: 0x00007fdd647dea38 | 38 ea 7d 64 dd 7f 00 00
R15=0x00007fdd648ece40: <offset 0x0000000001234e40> in /nix/store/gpxl5qgg8kicmcvivwmybwjlpf7wh20l-graalvm17-ce-22.3.0/lib/server/libjvm.so at 0x00007fdd636b8000


Registers:
RAX=0x00007fdd634b2000, RBX=0x00007fdd645ad398, RCX=0x00007fdd645651e8, RDX=0x0000000000000649
RSP=0x00007fdd60518380, RBP=0x00007fdd605183a0, RSI=0x00007fdd645adc48, RDI=0x00000000e0000000
R8 =0x00007fdd645ad398, R9 =0x00007fdd60518330, R10=0x00007fdd60519948, R11=0x0000000000000293
R12=0x0000000000000000, R13=0x00007fdd5c0b21e0, R14=0x00007fdd5c000b80, R15=0x00007fdd648ece40
RIP=0x00007fdd6402a714, EFLAGS=0x0000000000010206, CSGSFS=0x002b000000000033, ERR=0x0000000000000006
  TRAPNO=0x000000000000000e

Top of Stack: (sp=0x00007fdd60518380)
0x00007fdd60518380:   00007fdd60518940 00007fdd5c0b21e0
0x00007fdd60518390:   00007fdd61e438c8 0000000800c409d8
0x00007fdd605183a0:   00007fdd60518500 00007fdd63ff62fe
0x00007fdd605183b0:   00007fdd605183e0 00007fdd60518440 

Instructions: (pc=0x00007fdd6402a714)
0x00007fdd6402a614:   30 e8 f6 cf e8 ff 4c 89 e7 e8 2e 48 d1 ff 84 db
0x00007fdd6402a624:   75 2a 4d 85 ed 74 04 4d 8b 6d 00 48 83 c4 08 44
0x00007fdd6402a634:   89 f9 4c 89 f2 4c 89 ee 5b 4c 89 e7 41 5c 41 5d
0x00007fdd6402a644:   41 5e 41 5f 5d e9 e2 47 d1 ff 66 90 48 83 c4 08
0x00007fdd6402a654:   5b 41 5c 41 5d 41 5e 41 5f 5d c3 90 31 d2 be 08
0x00007fdd6402a664:   00 00 00 4c 89 ff e8 b1 78 a3 ff 49 89 c5 e9 37
0x00007fdd6402a674:   ff ff ff 66 0f 1f 84 00 00 00 00 00 48 8b 7a 08
0x00007fdd6402a684:   e9 6d ff ff ff 0f 1f 80 00 00 00 00 e8 5b 48 0a
0x00007fdd6402a694:   00 84 c0 75 89 e9 6a ff ff ff 66 90 55 48 89 e5
0x00007fdd6402a6a4:   41 56 41 55 41 54 49 89 fc 53 48 89 f3 66 48 8d
0x00007fdd6402a6b4:   3d 27 5e 85 00 66 66 48 e8 df 43 8d ff 4c 8b 28
0x00007fdd6402a6c4:   8b 05 be 72 8a 00 85 c0 75 14 ba 01 00 00 00 48
0x00007fdd6402a6d4:   8d 0d ae 72 8a 00 f0 0f b1 11 85 c0 74 4e be c8
0x00007fdd6402a6e4:   00 00 00 4c 89 ef e8 01 0b 41 00 48 8d 05 12 ac
0x00007fdd6402a6f4:   85 00 49 89 d8 48 8d 0d e8 aa 53 00 ba 49 06 00
0x00007fdd6402a704:   00 48 8d 35 3c 35 58 00 bf 00 00 00 e0 48 8b 00
0x00007fdd6402a714:   c6 00 58 31 c0 e8 e2 91 c6 ff 5b 41 5c 41 5d 41
0x00007fdd6402a724:   5e 5d e9 55 34 26 00 0f 1f 44 00 00 48 8d 05 81
0x00007fdd6402a734:   a3 8b 00 48 89 df 4c 8b 30 e8 9e 43 8d ff 48 89
0x00007fdd6402a744:   de 48 89 c2 49 8b 06 4c 89 f7 ff 50 08 4c 89 f7
0x00007fdd6402a754:   e8 a7 5c 27 00 4d 85 e4 74 12 be 01 00 00 00 4c
0x00007fdd6402a764:   89 e7 e8 35 43 fc ff eb 82 0f 1f 00 be 01 00 00
0x00007fdd6402a774:   00 4c 89 ef e8 d3 fd ff ff e9 6d ff ff ff 66 66
0x00007fdd6402a784:   2e 0f 1f 84 00 00 00 00 00 0f 1f 00 55 48 89 e5
0x00007fdd6402a794:   41 57 41 56 41 55 41 54 53 48 81 ec 08 02 00 00
0x00007fdd6402a7a4:   64 48 8b 04 25 28 00 00 00 48 89 45 c8 8b 07 83
0x00007fdd6402a7b4:   f8 02 0f 84 11 04 00 00 4c 8b 6f 18 49 89 ff 49
0x00007fdd6402a7c4:   89 f4 4d 85 ed 74 14 4c 89 ef e8 5d 57 22 00 41
0x00007fdd6402a7d4:   8b 07 83 f8 02 0f 84 19 04 00 00 48 8d 1d 9a 06
0x00007fdd6402a7e4:   8a 00 4c 8d 35 0b 3c 58 00 eb 38 90 48 85 d2 7f
0x00007fdd6402a7f4:   0d 48 8d 05 b4 c0 85 00 48 83 38 00 7e 0e 41 8b
0x00007fdd6402a804:   77 2c 4c 89 f7 31 c0 e8 a0 b2 f7 ff 49 8b 7f 18 


Stack slot to memory mapping:
stack at sp + 0 slots: 0x00007fdd60518940 is pointing into the stack for thread: 0x00007fdd5c0b21e0
stack at sp + 1 slots: 0x00007fdd5c0b21e0 is a thread
stack at sp + 2 slots: 0x00007fdd61e438c8 points into unknown readable memory: 0x65730018e552ffff | ff ff 52 e5 18 00 73 65
stack at sp + 3 slots: 0x0000000800c409d8 is a pointer to class: 
jdk.vm.ci.services.Services {0x0000000800c409d8}
 - instance size:     2
 - klass size:        65
 - access:            public final synchronized 
 - state:             fully_initialized
 - name:              'jdk/vm/ci/services/Services'
 - super:             'java/lang/Object'
 - sub:               
 - arrays:            NULL
 - methods:           Array<T>(0x00007fdd60c3c720)
 - method ordering:   Array<T>(0x0000000800928960)
 - default_methods:   Array<T>(0x0000000000000000)
 - local interfaces:  Array<T>(0x00000008005ce810)
 - trans. interfaces: Array<T>(0x00000008005ce810)
 - constants:         constant pool [427] {0x00007fdd60c3b800} for 'jdk/vm/ci/services/Services' cache=0x00007fdd60c3d9f0
 - class loader data:  loader data: 0x00007fdd5c0283f0 of 'bootstrap'
 - source file:       'Services.java'
 - class annotations:       Array<T>(0x0000000000000000)
 - class type annotations:  Array<T>(0x0000000000000000)
 - field annotations:       Array<T>(0x0000000000000000)
 - field type annotations:  Array<T>(0x0000000000000000)
 - inner classes:     Array<T>(0x00007fdd60c3d9c0)
 - nest members:     Array<T>(0x00007fdd60c3d9e0)
 - permitted subclasses:     Array<T>(0x00000008005ce7a0)
 - java mirror:       a 'java/lang/Class'{0x00000000e014bc58} = 'jdk/vm/ci/services/Services'
 - vtable length      5  (start addr: 0x0000000800c40ba8)
 - itable length      2 (start addr: 0x0000000800c40bd0)
 - ---- static fields (3 words):
 - public static final 'IS_BUILDING_NATIVE_IMAGE' 'Z' @128 
 - public static final 'IS_IN_NATIVE_IMAGE' 'Z' @129 
 - private static volatile 'savedProperties' 'Ljava/util/Map;' @112 
 - static final 'JVMCI_ENABLED' 'Z' @130 
 - private static final 'servicesCache' 'Ljava/util/Map;' @116 
 - private static final 'MAX_UNICODE_IN_UTF8_LENGTH' 'I' @120 
 - private static final 'MAX_UTF8_PROPERTY_STRING_LENGTH' 'I' @124 
 - ---- non-static fields (0 words):
 - non-static oop maps: 
stack at sp + 4 slots: 0x00007fdd60518500 is pointing into the stack for thread: 0x00007fdd5c0b21e0
stack at sp + 5 slots: 0x00007fdd63ff62fe: <offset 0x000000000093e2fe> in /nix/store/gpxl5qgg8kicmcvivwmybwjlpf7wh20l-graalvm17-ce-22.3.0/lib/server/libjvm.so at 0x00007fdd636b8000
stack at sp + 6 slots: 0x00007fdd605183e0 is pointing into the stack for thread: 0x00007fdd5c0b21e0
stack at sp + 7 slots: 0x00007fdd60518440 is pointing into the stack for thread: 0x00007fdd5c0b21e0


---------------  P R O C E S S  ---------------

Threads class SMR info:
_java_thread_list=0x00007fdcd005c0c0, length=26, elements={
0x00007fdd5c026690, 0x00007fdd5c0a64d0, 0x00007fdd5c0a7910, 0x00007fdd5c0ae050,
0x00007fdd5c0af400, 0x00007fdd5c0b07f0, 0x00007fdd5c0b21e0, 0x00007fdd5c0b36f0,
0x00007fdd5c0b4b40, 0x00007fdd5c0df980, 0x00007fdd5c127f00, 0x00007fdd5c333f30,
0x00007fdd5c367180, 0x00007fdd5c369ac0, 0x00007fdd5c62efb0, 0x00007fdcf4017150,
0x00007fdcf42a2030, 0x00007fdcf4304970, 0x00007fdcf4480f40, 0x00007fdcf45ef710,
0x00007fdd5c4967e0, 0x00007fdcdc007280, 0x00007fdd5c3976d0, 0x00007fdcc41a42b0,
0x00007fdcc41a2b30, 0x00007fdcd0001130
}

Java Threads: ( => current thread )
  0x00007fdd5c026690 JavaThread "main" [_thread_blocked, id=27, stack(0x00007fdd634d3000,0x00007fdd635d3000)]
  0x00007fdd5c0a64d0 JavaThread "Reference Handler" daemon [_thread_blocked, id=30, stack(0x00007fdd614ea000,0x00007fdd615ea000)]
  0x00007fdd5c0a7910 JavaThread "Finalizer" daemon [_thread_blocked, id=31, stack(0x00007fdd60b00000,0x00007fdd60c00000)]
  0x00007fdd5c0ae050 JavaThread "Signal Dispatcher" daemon [_thread_blocked, id=32, stack(0x00007fdd6071a000,0x00007fdd6081a000)]
  0x00007fdd5c0af400 JavaThread "Service Thread" daemon [_thread_blocked, id=33, stack(0x00007fdd6061a000,0x00007fdd6071a000)]
  0x00007fdd5c0b07f0 JavaThread "Monitor Deflation Thread" daemon [_thread_blocked, id=34, stack(0x00007fdd6051a000,0x00007fdd6061a000)]
=>0x00007fdd5c0b21e0 JavaThread "JVMCI-native CompilerThread0" daemon [_thread_in_vm, id=35, stack(0x00007fdd6031a000,0x00007fdd6051a000)]
  0x00007fdd5c0b36f0 JavaThread "C1 CompilerThread0" daemon [_thread_blocked, id=36, stack(0x00007fdd6011a000,0x00007fdd6031a000)]
  0x00007fdd5c0b4b40 JavaThread "Sweeper thread" daemon [_thread_blocked, id=37, stack(0x00007fdd6001a000,0x00007fdd6011a000)]
  0x00007fdd5c0df980 JavaThread "Common-Cleaner" daemon [_thread_blocked, id=38, stack(0x00007fdd433b3000,0x00007fdd434b3000)]
  0x00007fdd5c127f00 JavaThread "Notification Thread" daemon [_thread_blocked, id=39, stack(0x00007fdd432b3000,0x00007fdd433b3000)]
  0x00007fdd5c333f30 JavaThread "Active Thread: Equinox Container: 078b7f88-8184-4360-b658-7c15908f8ff8" [_thread_blocked, id=44, stack(0x00007fdd40d00000,0x00007fdd40e00000)]
  0x00007fdd5c367180 JavaThread "Framework Event Dispatcher: Equinox Container: 078b7f88-8184-4360-b658-7c15908f8ff8" daemon [_thread_blocked, id=45, stack(0x00007fdd40b00000,0x00007fdd40c00000)]
  0x00007fdd5c369ac0 JavaThread "Start Level: Equinox Container: 078b7f88-8184-4360-b658-7c15908f8ff8" daemon [_thread_blocked, id=46, stack(0x00007fdd40900000,0x00007fdd40a00000)]
  0x00007fdd5c62efb0 JavaThread "Refresh Thread: Equinox Container: 078b7f88-8184-4360-b658-7c15908f8ff8" daemon [_thread_blocked, id=47, stack(0x00007fdd40700000,0x00007fdd40800000)]
  0x00007fdcf4017150 JavaThread "SCR Component Actor" daemon [_thread_blocked, id=48, stack(0x00007fdd40500000,0x00007fdd40600000)]
  0x00007fdcf42a2030 JavaThread "Worker-JM" [_thread_blocked, id=50, stack(0x00007fdd40100000,0x00007fdd40200000)]
  0x00007fdcf4304970 JavaThread "Worker-0: Periodic workspace save." [_thread_blocked, id=51, stack(0x00007fdd0ad00000,0x00007fdd0ae00000)]
  0x00007fdcf4480f40 JavaThread "Java indexing" daemon [_thread_blocked, id=53, stack(0x00007fdd0a900000,0x00007fdd0aa00000)]
  0x00007fdcf45ef710 JavaThread "Bundle File Closer" daemon [_thread_blocked, id=54, stack(0x00007fdd0a700000,0x00007fdd0a800000)]
  0x00007fdd5c4967e0 JavaThread "pool-3-thread-1" [_thread_blocked, id=55, stack(0x00007fdd0a500000,0x00007fdd0a600000)]
  0x00007fdcdc007280 JavaThread "Worker-2: Compacting resource model" [_thread_blocked, id=56, stack(0x00007fdd0a300000,0x00007fdd0a400000)]
  0x00007fdd5c3976d0 JavaThread "pool-2-thread-1" [_thread_blocked, id=57, stack(0x00007fdd0a100000,0x00007fdd0a200000)]
  0x00007fdcc41a42b0 JavaThread "Thread-4" [_thread_blocked, id=66, stack(0x00007fdd09e00000,0x00007fdd09f00000)]
  0x00007fdcc41a2b30 JavaThread "Thread-6" [_thread_blocked, id=118, stack(0x00007fdd0ab00000,0x00007fdd0ac00000)]
  0x00007fdcd0001130 JavaThread "Worker-5" [_thread_blocked, id=119, stack(0x00007fdd09d00000,0x00007fdd09e00000)]

Other Threads:
  0x00007fdd5c0a1c10 VMThread "VM Thread" [stack: 0x00007fdd615ec000,0x00007fdd616ec000] [id=29] _threads_hazard_ptr=0x00007fdcd005c0c0
  0x00007fdd5c129c90 WatcherThread [stack: 0x00007fdd431b3000,0x00007fdd432b3000] [id=40]
  0x00007fdd5c03df30 GCTaskThread "GC Thread#0" [stack: 0x00007fdd63096000,0x00007fdd63196000] [id=28]

Threads with active compile tasks:
JVMCI-native CompilerThread0   477112 7326       4       java.util.zip.ZipFile$InflaterCleanupAction::run (12 bytes)

VM state: synchronizing (normal execution)

VM Mutex/Monitor currently owned by a thread:  ([mutex/lock_event])
[0x00007fdd5c023840] Threads_lock - owner thread: 0x00007fdd5c0a1c10
[0x00007fdd5c023ff0] Heap_lock - owner thread: 0x00007fdd5c3976d0

OutOfMemory and StackOverflow Exception counts:
OutOfMemoryError java_heap_errors=5
LinkageErrors=51

Heap address: 0x00000000e0000000, size: 512 MB, Compressed Oops mode: 32-bit

CDS archive(s) mapped at: [0x0000000800000000-0x0000000800bc8000-0x0000000800bc8000), size 12353536, SharedBaseAddress: 0x0000000800000000, ArchiveRelocationMode: 0.
Compressed class space mapped at: 0x0000000800c00000-0x0000000840c00000, reserved size: 1073741824
Narrow klass base: 0x0000000800000000, Narrow klass shift: 0, Narrow klass range: 0x100000000

GC Precious Log:
 CPUs: 8 total, 1 available
 Memory: 1024M
 Large Page Support: Disabled
 NUMA Support: Disabled
 Compressed Oops: Enabled (32-bit)
 Alignments: Space 512K, Generation 512K, Heap 2M
 Heap Min Capacity: 100M
 Heap Initial Capacity: 100M
 Heap Max Capacity: 512M
 Pre-touch: Disabled
 Parallel Workers: 1

Heap:
 PSYoungGen      total 69120K, used 33792K [0x00000000f5580000, 0x00000000fbf80000, 0x0000000100000000)
  eden space 33792K, 100% used [0x00000000f5580000,0x00000000f7680000,0x00000000f7680000)
  from space 35328K, 0% used [0x00000000f9d00000,0x00000000f9d00000,0x00000000fbf80000)
  to   space 36864K, 0% used [0x00000000f7680000,0x00000000f7680000,0x00000000f9a80000)
 ParOldGen       total 349696K, used 349695K [0x00000000e0000000, 0x00000000f5580000, 0x00000000f5580000)
  object space 349696K, 99% used [0x00000000e0000000,0x00000000f557fff0,0x00000000f5580000)
 Metaspace       used 53929K, committed 54784K, reserved 1097728K
  class space    used 5448K, committed 5760K, reserved 1048576K

Card table byte_map: [0x00007fdd63196000,0x00007fdd63297000] _byte_map_base: 0x00007fdd62a96000

Marking Bits: (ParMarkBitMap*) 0x00007fdd648e64c0
 Begin Bits: [0x00007fdd61fe9000, 0x00007fdd627e9000)
 End Bits:   [0x00007fdd627e9000, 0x00007fdd62fe9000)

Polling page: 0x00007fdd634b0000

Metaspace:

Usage:
  Non-class:     47.35 MB used.
      Class:      5.32 MB used.
       Both:     52.67 MB used.

Virtual space:
  Non-class space:       48.00 MB reserved,      47.88 MB (>99%) committed,  6 nodes.
      Class space:        1.00 GB reserved,       5.62 MB ( <1%) committed,  1 nodes.
             Both:        1.05 GB reserved,      53.50 MB (  5%) committed. 

Chunk freelists:
   Non-Class:  177.00 KB
       Class:  2.36 MB
        Both:  2.53 MB

MaxMetaspaceSize: unlimited
CompressedClassSpaceSize: 1.00 GB
Initial GC threshold: 21.00 MB
Current GC threshold: 89.00 MB
CDS: on
MetaspaceReclaimPolicy: balanced
 - commit_granule_bytes: 65536.
 - commit_granule_words: 8192.
 - virtual_space_node_default_size: 1048576.
 - enlarge_chunks_in_place: 1.
 - new_chunks_are_fully_committed: 0.
 - uncommit_free_chunks: 1.
 - use_allocation_guard: 0.
 - handle_deallocations: 1.


Internal statistics:

num_allocs_failed_limit: 6.
num_arena_births: 380.
num_arena_deaths: 72.
num_vsnodes_births: 7.
num_vsnodes_deaths: 0.
num_space_committed: 855.
num_space_uncommitted: 0.
num_chunks_returned_to_freelist: 96.
num_chunks_taken_from_freelist: 2394.
num_chunk_merges: 35.
num_chunk_splits: 1571.
num_chunks_enlarged: 1030.
num_purges: 4.
num_inconsistent_stats: 0.

CodeHeap 'non-profiled nmethods': size=120036Kb used=2211Kb max_used=2232Kb free=117824Kb
 bounds [0x00007fdd4af7a000, 0x00007fdd4b1ea000, 0x00007fdd524b3000]
CodeHeap 'profiled nmethods': size=120032Kb used=11052Kb max_used=13542Kb free=108979Kb
 bounds [0x00007fdd43a42000, 0x00007fdd44782000, 0x00007fdd4af7a000]
CodeHeap 'non-nmethods': size=5692Kb used=1374Kb max_used=1392Kb free=4317Kb
 bounds [0x00007fdd434b3000, 0x00007fdd43723000, 0x00007fdd43a42000]
 total_blobs=6098 nmethods=5393 adapters=615
 compilation: enabled
              stopped_count=0, restarted_count=0
 full_count=0

JVMCI Events (20 events):
Event: 161.329 Thread 0x00007fdd5c0b21e0 destroyed JavaVM[2]@0x00007fdd0939e340 for JVMCI runtime 0
Event: 161.329 Thread 0x00007fdd5c0b21e0 compacted oop handles in JVMCI runtime 0 from 54 to 54
Event: 161.329 Thread 0x00007fdd5c0b21e0 releasing handles for JVMCI runtime 0: oop handles=54, metadata handles={total=96, live=91, blocks=39}
Event: 161.329 Thread 0x00007fdd5c0b21e0 detached from JVMCI runtime 0
Event: 295.002 Thread 0x00007fdd5c0b21e0 attached to JVMCI runtime 0
Event: 295.003 Thread 0x00007fdd5c0b21e0 created JavaVM[3]@0x00007fdd0939e340 for JVMCI runtime 0
Event: 295.003 Thread 0x00007fdd5c0b21e0 initializing JVMCI runtime 0
Event: 295.003 Thread 0x00007fdd5c0b21e0 done waiting for JavaVM references initialization in JVMCI runtime 0
Event: 300.849 Thread 0x00007fdd5c0b21e0 initialized JVMCI runtime 0
Event: 400.029 Thread 0x00007fdd5c0b21e0 detaching from JVMCI runtime 0: releasing idle compiler thread (0 other threads still attached)
Event: 400.029 Thread 0x00007fdd5c0b21e0 shutting down HotSpotJVMCIRuntime for JVMCI runtime 0
Event: 400.030 Thread 0x00007fdd5c0b21e0 shut down JVMCI runtime 0
Event: 401.605 Thread 0x00007fdd5c0b21e0 destroyed JavaVM[3]@0x00007fdd0939e340 for JVMCI runtime 0
Event: 401.605 Thread 0x00007fdd5c0b21e0 compacted oop handles in JVMCI runtime 0 from 64 to 64
Event: 401.605 Thread 0x00007fdd5c0b21e0 releasing handles for JVMCI runtime 0: oop handles=64, metadata handles={total=130, live=130, blocks=39}
Event: 401.605 Thread 0x00007fdd5c0b21e0 detached from JVMCI runtime 0
Event: 444.607 Thread 0x00007fdd5c0b21e0 attached to JVMCI runtime 0
Event: 444.615 Thread 0x00007fdd5c0b21e0 created JavaVM[4]@0x00007fdd0939e340 for JVMCI runtime 0
Event: 444.615 Thread 0x00007fdd5c0b21e0 initializing JVMCI runtime 0
Event: 444.615 Thread 0x00007fdd5c0b21e0 done waiting for JavaVM references initialization in JVMCI runtime 0

Compilation events (20 events):
Event: 373.038 Thread 0x00007fdd5c0b36f0 7322 %     3       java.net.URI::needsNormalization @ 123 (184 bytes)
Event: 377.328 Thread 0x00007fdd5c0b21e0 nmethod 7319 0x00007fdd4b17bd10 code [0x00007fdd4b17bf60, 0x00007fdd4b17cc70]
Event: 377.328 Thread 0x00007fdd5c0b21e0 7321       4       java.net.URI$Parser::scan (41 bytes)
Event: 391.030 Thread 0x00007fdd5c0b36f0 nmethod 7322% 0x00007fdd44705d10 code [0x00007fdd44706200, 0x00007fdd44708f90]
Event: 391.030 Thread 0x00007fdd5c0b36f0 7323       3       org.eclipse.core.internal.preferences.StringPool::add (59 bytes)
Event: 392.541 Thread 0x00007fdd5c0b36f0 nmethod 7323 0x00007fdd43f7c390 code [0x00007fdd43f7c580, 0x00007fdd43f7cf50]
Event: 398.511 Thread 0x00007fdd5c0b21e0 nmethod 7321 0x00007fdd4b17b590 code [0x00007fdd4b17b720, 0x00007fdd4b17ba88]
Event: 402.913 Thread 0x00007fdd5c0b36f0 7324   !   3       org.eclipse.jdt.ls.core.internal.CancellableProgressMonitor::isCanceled (33 bytes)
Event: 406.032 Thread 0x00007fdd5c0b36f0 nmethod 7324 0x00007fdd44422a10 code [0x00007fdd44422c20, 0x00007fdd444239e0]
Event: 439.734 Thread 0x00007fdd5c0b36f0 7325       3       java.lang.invoke.MethodHandle::<init> (37 bytes)
Event: 440.938 Thread 0x00007fdd5c0b36f0 nmethod 7325 0x00007fdd43c8a090 code [0x00007fdd43c8a2a0, 0x00007fdd43c8a790]
Event: 444.607 Thread 0x00007fdd5c0b21e0 7326       4       java.util.zip.ZipFile$InflaterCleanupAction::run (12 bytes)
Event: 452.652 Thread 0x00007fdd5c0b36f0 7327       3       java.lang.invoke.LambdaForm$DMH/0x0000000800d93400::invokeStatic (31 bytes)
Event: 453.945 Thread 0x00007fdd5c0b36f0 nmethod 7327 0x00007fdd43a5f090 code [0x00007fdd43a5f240, 0x00007fdd43a5f3f0]
Event: 455.240 Thread 0x00007fdd5c0b36f0 7328       3       java.util.Collections$SynchronizedCollection::<init> (24 bytes)
Event: 455.240 Thread 0x00007fdd5c0b36f0 nmethod 7328 0x00007fdd43f34c10 code [0x00007fdd43f34e00, 0x00007fdd43f354d0]
Event: 467.840 Thread 0x00007fdd5c0b36f0 7329       3       java.util.concurrent.ThreadPoolExecutor::runStateAtLeast (11 bytes)
Event: 467.840 Thread 0x00007fdd5c0b36f0 nmethod 7329 0x00007fdd43a7e510 code [0x00007fdd43a7e6a0, 0x00007fdd43a7e7f0]
Event: 477.024 Thread 0x00007fdd5c0b36f0 7330       3       jdk.internal.misc.Unsafe::putReferenceOpaque (9 bytes)
Event: 477.024 Thread 0x00007fdd5c0b36f0 nmethod 7330 0x00007fdd43b41c10 code [0x00007fdd43b41da0, 0x00007fdd43b41ed0]

GC Heap History (20 events):
Event: 461.635 GC heap before
{Heap before GC invocations=398 (full 273):
 PSYoungGen      total 69120K, used 33792K [0x00000000f5580000, 0x00000000fbf80000, 0x0000000100000000)
  eden space 33792K, 100% used [0x00000000f5580000,0x00000000f7680000,0x00000000f7680000)
  from space 35328K, 0% used [0x00000000f9d00000,0x00000000f9d00000,0x00000000fbf80000)
  to   space 36864K, 0% used [0x00000000f7680000,0x00000000f7680000,0x00000000f9a80000)
 ParOldGen       total 349696K, used 349695K [0x00000000e0000000, 0x00000000f5580000, 0x00000000f5580000)
  object space 349696K, 99% used [0x00000000e0000000,0x00000000f557fff8,0x00000000f5580000)
 Metaspace       used 53929K, committed 54784K, reserved 1097728K
  class space    used 5448K, committed 5760K, reserved 1048576K
}
Event: 462.825 GC heap after
{Heap after GC invocations=398 (full 273):
 PSYoungGen      total 70656K, used 33792K [0x00000000f5580000, 0x00000000fbf80000, 0x0000000100000000)
  eden space 33792K, 100% used [0x00000000f5580000,0x00000000f7680000,0x00000000f7680000)
  from space 36864K, 0% used [0x00000000f7680000,0x00000000f7680000,0x00000000f9a80000)
  to   space 35328K, 0% used [0x00000000f9d00000,0x00000000f9d00000,0x00000000fbf80000)
 ParOldGen       total 349696K, used 349695K [0x00000000e0000000, 0x00000000f5580000, 0x00000000f5580000)
  object space 349696K, 99% used [0x00000000e0000000,0x00000000f557ff50,0x00000000f5580000)
 Metaspace       used 53929K, committed 54784K, reserved 1097728K
  class space    used 5448K, committed 5760K, reserved 1048576K
}
Event: 462.825 GC heap before
{Heap before GC invocations=399 (full 274):
 PSYoungGen      total 70656K, used 33792K [0x00000000f5580000, 0x00000000fbf80000, 0x0000000100000000)
  eden space 33792K, 100% used [0x00000000f5580000,0x00000000f7680000,0x00000000f7680000)
  from space 36864K, 0% used [0x00000000f7680000,0x00000000f7680000,0x00000000f9a80000)
  to   space 35328K, 0% used [0x00000000f9d00000,0x00000000f9d00000,0x00000000fbf80000)
 ParOldGen       total 349696K, used 349696K [0x00000000e0000000, 0x00000000f5580000, 0x00000000f5580000)
  object space 349696K, 100% used [0x00000000e0000000,0x00000000f5580000,0x00000000f5580000)
 Metaspace       used 53929K, committed 54784K, reserved 1097728K
  class space    used 5448K, committed 5760K, reserved 1048576K
}
Event: 464.054 GC heap after
{Heap after GC invocations=399 (full 274):
 PSYoungGen      total 69120K, used 33792K [0x00000000f5580000, 0x00000000fbf80000, 0x0000000100000000)
  eden space 33792K, 100% used [0x00000000f5580000,0x00000000f7680000,0x00000000f7680000)
  from space 35328K, 0% used [0x00000000f9d00000,0x00000000f9d00000,0x00000000fbf80000)
  to   space 36864K, 0% used [0x00000000f7680000,0x00000000f7680000,0x00000000f9a80000)
 ParOldGen       total 349696K, used 349696K [0x00000000e0000000, 0x00000000f5580000, 0x00000000f5580000)
  object space 349696K, 100% used [0x00000000e0000000,0x00000000f5580000,0x00000000f5580000)
 Metaspace       used 53929K, committed 54784K, reserved 1097728K
  class space    used 5448K, committed 5760K, reserved 1048576K
}
Event: 464.054 GC heap before
{Heap before GC invocations=400 (full 275):
 PSYoungGen      total 69120K, used 33792K [0x00000000f5580000, 0x00000000fbf80000, 0x0000000100000000)
  eden space 33792K, 100% used [0x00000000f5580000,0x00000000f7680000,0x00000000f7680000)
  from space 35328K, 0% used [0x00000000f9d00000,0x00000000f9d00000,0x00000000fbf80000)
  to   space 36864K, 0% used [0x00000000f7680000,0x00000000f7680000,0x00000000f9a80000)
 ParOldGen       total 349696K, used 349696K [0x00000000e0000000, 0x00000000f5580000, 0x00000000f5580000)
  object space 349696K, 100% used [0x00000000e0000000,0x00000000f5580000,0x00000000f5580000)
 Metaspace       used 53929K, committed 54784K, reserved 1097728K
  class space    used 5448K, committed 5760K, reserved 1048576K
}
Event: 465.319 GC heap after
{Heap after GC invocations=400 (full 275):
 PSYoungGen      total 70656K, used 33792K [0x00000000f5580000, 0x00000000fbf80000, 0x0000000100000000)
  eden space 33792K, 100% used [0x00000000f5580000,0x00000000f7680000,0x00000000f7680000)
  from space 36864K, 0% used [0x00000000f7680000,0x00000000f7680000,0x00000000f9a80000)
  to   space 35328K, 0% used [0x00000000f9d00000,0x00000000f9d00000,0x00000000fbf80000)
 ParOldGen       total 349696K, used 349695K [0x00000000e0000000, 0x00000000f5580000, 0x00000000f5580000)
  object space 349696K, 99% used [0x00000000e0000000,0x00000000f557ffa8,0x00000000f5580000)
 Metaspace       used 53929K, committed 54784K, reserved 1097728K
  class space    used 5448K, committed 5760K, reserved 1048576K
}
Event: 465.320 GC heap before
{Heap before GC invocations=401 (full 276):
 PSYoungGen      total 70656K, used 33792K [0x00000000f5580000, 0x00000000fbf80000, 0x0000000100000000)
  eden space 33792K, 100% used [0x00000000f5580000,0x00000000f7680000,0x00000000f7680000)
  from space 36864K, 0% used [0x00000000f7680000,0x00000000f7680000,0x00000000f9a80000)
  to   space 35328K, 0% used [0x00000000f9d00000,0x00000000f9d00000,0x00000000fbf80000)
 ParOldGen       total 349696K, used 349695K [0x00000000e0000000, 0x00000000f5580000, 0x00000000f5580000)
  object space 349696K, 99% used [0x00000000e0000000,0x00000000f557ffe8,0x00000000f5580000)
 Metaspace       used 53929K, committed 54784K, reserved 1097728K
  class space    used 5448K, committed 5760K, reserved 1048576K
}
Event: 466.529 GC heap after
{Heap after GC invocations=401 (full 276):
 PSYoungGen      total 69120K, used 33792K [0x00000000f5580000, 0x00000000fbf80000, 0x0000000100000000)
  eden space 33792K, 100% used [0x00000000f5580000,0x00000000f7680000,0x00000000f7680000)
  from space 35328K, 0% used [0x00000000f9d00000,0x00000000f9d00000,0x00000000fbf80000)
  to   space 36864K, 0% used [0x00000000f7680000,0x00000000f7680000,0x00000000f9a80000)
 ParOldGen       total 349696K, used 349695K [0x00000000e0000000, 0x00000000f5580000, 0x00000000f5580000)
  object space 349696K, 99% used [0x00000000e0000000,0x00000000f557ffe8,0x00000000f5580000)
 Metaspace       used 53929K, committed 54784K, reserved 1097728K
  class space    used 5448K, committed 5760K, reserved 1048576K
}
Event: 466.529 GC heap before
{Heap before GC invocations=402 (full 277):
 PSYoungGen      total 69120K, used 33792K [0x00000000f5580000, 0x00000000fbf80000, 0x0000000100000000)
  eden space 33792K, 100% used [0x00000000f5580000,0x00000000f7680000,0x00000000f7680000)
  from space 35328K, 0% used [0x00000000f9d00000,0x00000000f9d00000,0x00000000fbf80000)
  to   space 36864K, 0% used [0x00000000f7680000,0x00000000f7680000,0x00000000f9a80000)
 ParOldGen       total 349696K, used 349695K [0x00000000e0000000, 0x00000000f5580000, 0x00000000f5580000)
  object space 349696K, 99% used [0x00000000e0000000,0x00000000f557ffe8,0x00000000f5580000)
 Metaspace       used 53929K, committed 54784K, reserved 1097728K
  class space    used 5448K, committed 5760K, reserved 1048576K
}
Event: 467.839 GC heap after
{Heap after GC invocations=402 (full 277):
 PSYoungGen      total 70656K, used 33792K [0x00000000f5580000, 0x00000000fbf80000, 0x0000000100000000)
  eden space 33792K, 100% used [0x00000000f5580000,0x00000000f7680000,0x00000000f7680000)
  from space 36864K, 0% used [0x00000000f7680000,0x00000000f7680000,0x00000000f9a80000)
  to   space 35328K, 0% used [0x00000000f9d00000,0x00000000f9d00000,0x00000000fbf80000)
 ParOldGen       total 349696K, used 349695K [0x00000000e0000000, 0x00000000f5580000, 0x00000000f5580000)
  object space 349696K, 99% used [0x00000000e0000000,0x00000000f557ffe8,0x00000000f5580000)
 Metaspace       used 53929K, committed 54784K, reserved 1097728K
  class space    used 5448K, committed 5760K, reserved 1048576K
}
Event: 467.841 GC heap before
{Heap before GC invocations=403 (full 278):
 PSYoungGen      total 70656K, used 33792K [0x00000000f5580000, 0x00000000fbf80000, 0x0000000100000000)
  eden space 33792K, 100% used [0x00000000f5580000,0x00000000f7680000,0x00000000f7680000)
  from space 36864K, 0% used [0x00000000f7680000,0x00000000f7680000,0x00000000f9a80000)
  to   space 35328K, 0% used [0x00000000f9d00000,0x00000000f9d00000,0x00000000fbf80000)
 ParOldGen       total 349696K, used 349695K [0x00000000e0000000, 0x00000000f5580000, 0x00000000f5580000)
  object space 349696K, 99% used [0x00000000e0000000,0x00000000f557ffe8,0x00000000f5580000)
 Metaspace       used 53929K, committed 54784K, reserved 1097728K
  class space    used 5448K, committed 5760K, reserved 1048576K
}
Event: 469.106 GC heap after
{Heap after GC invocations=403 (full 278):
 PSYoungGen      total 69120K, used 33791K [0x00000000f5580000, 0x00000000fbf80000, 0x0000000100000000)
  eden space 33792K, 99% used [0x00000000f5580000,0x00000000f767fff0,0x00000000f7680000)
  from space 35328K, 0% used [0x00000000f9d00000,0x00000000f9d00000,0x00000000fbf80000)
  to   space 36864K, 0% used [0x00000000f7680000,0x00000000f7680000,0x00000000f9a80000)
 ParOldGen       total 349696K, used 349694K [0x00000000e0000000, 0x00000000f5580000, 0x00000000f5580000)
  object space 349696K, 99% used [0x00000000e0000000,0x00000000f557fb50,0x00000000f5580000)
 Metaspace       used 53929K, committed 54784K, reserved 1097728K
  class space    used 5448K, committed 5760K, reserved 1048576K
}
Event: 469.107 GC heap before
{Heap before GC invocations=404 (full 279):
 PSYoungGen      total 69120K, used 33792K [0x00000000f5580000, 0x00000000fbf80000, 0x0000000100000000)
  eden space 33792K, 100% used [0x00000000f5580000,0x00000000f7680000,0x00000000f7680000)
  from space 35328K, 0% used [0x00000000f9d00000,0x00000000f9d00000,0x00000000fbf80000)
  to   space 36864K, 0% used [0x00000000f7680000,0x00000000f7680000,0x00000000f9a80000)
 ParOldGen       total 349696K, used 349695K [0x00000000e0000000, 0x00000000f5580000, 0x00000000f5580000)
  object space 349696K, 99% used [0x00000000e0000000,0x00000000f557ffe0,0x00000000f5580000)
 Metaspace       used 53929K, committed 54784K, reserved 1097728K
  class space    used 5448K, committed 5760K, reserved 1048576K
}
Event: 470.905 GC heap after
{Heap after GC invocations=404 (full 279):
 PSYoungGen      total 70656K, used 33792K [0x00000000f5580000, 0x00000000fbf80000, 0x0000000100000000)
  eden space 33792K, 100% used [0x00000000f5580000,0x00000000f7680000,0x00000000f7680000)
  from space 36864K, 0% used [0x00000000f7680000,0x00000000f7680000,0x00000000f9a80000)
  to   space 35328K, 0% used [0x00000000f9d00000,0x00000000f9d00000,0x00000000fbf80000)
 ParOldGen       total 349696K, used 349694K [0x00000000e0000000, 0x00000000f5580000, 0x00000000f5580000)
  object space 349696K, 99% used [0x00000000e0000000,0x00000000f557fba8,0x00000000f5580000)
 Metaspace       used 53929K, committed 54784K, reserved 1097728K
  class space    used 5448K, committed 5760K, reserved 1048576K
}
Event: 470.908 GC heap before
{Heap before GC invocations=405 (full 280):
 PSYoungGen      total 70656K, used 33792K [0x00000000f5580000, 0x00000000fbf80000, 0x0000000100000000)
  eden space 33792K, 100% used [0x00000000f5580000,0x00000000f7680000,0x00000000f7680000)
  from space 36864K, 0% used [0x00000000f7680000,0x00000000f7680000,0x00000000f9a80000)
  to   space 35328K, 0% used [0x00000000f9d00000,0x00000000f9d00000,0x00000000fbf80000)
 ParOldGen       total 349696K, used 349695K [0x00000000e0000000, 0x00000000f5580000, 0x00000000f5580000)
  object space 349696K, 99% used [0x00000000e0000000,0x00000000f557fef8,0x00000000f5580000)
 Metaspace       used 53929K, committed 54784K, reserved 1097728K
  class space    used 5448K, committed 5760K, reserved 1048576K
}
Event: 472.909 GC heap after
{Heap after GC invocations=405 (full 280):
 PSYoungGen      total 69120K, used 33792K [0x00000000f5580000, 0x00000000fbf80000, 0x0000000100000000)
  eden space 33792K, 100% used [0x00000000f5580000,0x00000000f7680000,0x00000000f7680000)
  from space 35328K, 0% used [0x00000000f9d00000,0x00000000f9d00000,0x00000000fbf80000)
  to   space 36864K, 0% used [0x00000000f7680000,0x00000000f7680000,0x00000000f9a80000)
 ParOldGen       total 349696K, used 349695K [0x00000000e0000000, 0x00000000f5580000, 0x00000000f5580000)
  object space 349696K, 99% used [0x00000000e0000000,0x00000000f557fcb8,0x00000000f5580000)
 Metaspace       used 53929K, committed 54784K, reserved 1097728K
  class space    used 5448K, committed 5760K, reserved 1048576K
}
Event: 472.910 GC heap before
{Heap before GC invocations=406 (full 281):
 PSYoungGen      total 69120K, used 33792K [0x00000000f5580000, 0x00000000fbf80000, 0x0000000100000000)
  eden space 33792K, 100% used [0x00000000f5580000,0x00000000f7680000,0x00000000f7680000)
  from space 35328K, 0% used [0x00000000f9d00000,0x00000000f9d00000,0x00000000fbf80000)
  to   space 36864K, 0% used [0x00000000f7680000,0x00000000f7680000,0x00000000f9a80000)
 ParOldGen       total 349696K, used 349695K [0x00000000e0000000, 0x00000000f5580000, 0x00000000f5580000)
  object space 349696K, 99% used [0x00000000e0000000,0x00000000f557fd70,0x00000000f5580000)
 Metaspace       used 53929K, committed 54784K, reserved 1097728K
  class space    used 5448K, committed 5760K, reserved 1048576K
}
Event: 475.039 GC heap after
{Heap after GC invocations=406 (full 281):
 PSYoungGen      total 70656K, used 33792K [0x00000000f5580000, 0x00000000fbf80000, 0x0000000100000000)
  eden space 33792K, 100% used [0x00000000f5580000,0x00000000f7680000,0x00000000f7680000)
  from space 36864K, 0% used [0x00000000f7680000,0x00000000f7680000,0x00000000f9a80000)
  to   space 35328K, 0% used [0x00000000f9d00000,0x00000000f9d00000,0x00000000fbf80000)
 ParOldGen       total 349696K, used 349695K [0x00000000e0000000, 0x00000000f5580000, 0x00000000f5580000)
  object space 349696K, 99% used [0x00000000e0000000,0x00000000f557fcb0,0x00000000f5580000)
 Metaspace       used 53929K, committed 54784K, reserved 1097728K
  class space    used 5448K, committed 5760K, reserved 1048576K
}
Event: 475.039 GC heap before
{Heap before GC invocations=407 (full 282):
 PSYoungGen      total 70656K, used 33792K [0x00000000f5580000, 0x00000000fbf80000, 0x0000000100000000)
  eden space 33792K, 100% used [0x00000000f5580000,0x00000000f7680000,0x00000000f7680000)
  from space 36864K, 0% used [0x00000000f7680000,0x00000000f7680000,0x00000000f9a80000)
  to   space 35328K, 0% used [0x00000000f9d00000,0x00000000f9d00000,0x00000000fbf80000)
 ParOldGen       total 349696K, used 349695K [0x00000000e0000000, 0x00000000f5580000, 0x00000000f5580000)
  object space 349696K, 99% used [0x00000000e0000000,0x00000000f557fcb0,0x00000000f5580000)
 Metaspace       used 53929K, committed 54784K, reserved 1097728K
  class space    used 5448K, committed 5760K, reserved 1048576K
}
Event: 477.023 GC heap after
{Heap after GC invocations=407 (full 282):
 PSYoungGen      total 69120K, used 33792K [0x00000000f5580000, 0x00000000fbf80000, 0x0000000100000000)
  eden space 33792K, 100% used [0x00000000f5580000,0x00000000f7680000,0x00000000f7680000)
  from space 35328K, 0% used [0x00000000f9d00000,0x00000000f9d00000,0x00000000fbf80000)
  to   space 36864K, 0% used [0x00000000f7680000,0x00000000f7680000,0x00000000f9a80000)
 ParOldGen       total 349696K, used 349695K [0x00000000e0000000, 0x00000000f5580000, 0x00000000f5580000)
  object space 349696K, 99% used [0x00000000e0000000,0x00000000f557fcb0,0x00000000f5580000)
 Metaspace       used 53929K, committed 54784K, reserved 1097728K
  class space    used 5448K, committed 5760K, reserved 1048576K
}

Dll operation events (9 events):
Event: 0.002 Loaded shared library /nix/store/gpxl5qgg8kicmcvivwmybwjlpf7wh20l-graalvm17-ce-22.3.0/lib/libjava.so
Event: 0.009 Loaded shared library /nix/store/gpxl5qgg8kicmcvivwmybwjlpf7wh20l-graalvm17-ce-22.3.0/lib/libjsvml.so
Event: 0.224 Loaded shared library /nix/store/gpxl5qgg8kicmcvivwmybwjlpf7wh20l-graalvm17-ce-22.3.0/lib/libnio.so
Event: 0.226 Loaded shared library /nix/store/gpxl5qgg8kicmcvivwmybwjlpf7wh20l-graalvm17-ce-22.3.0/lib/libjvmcicompiler.so
Event: 0.402 Loaded shared library /nix/store/gpxl5qgg8kicmcvivwmybwjlpf7wh20l-graalvm17-ce-22.3.0/lib/libzip.so
Event: 0.801 Loaded shared library /nix/store/gpxl5qgg8kicmcvivwmybwjlpf7wh20l-graalvm17-ce-22.3.0/lib/libjimage.so
Event: 1.222 Loaded shared library /nix/store/gpxl5qgg8kicmcvivwmybwjlpf7wh20l-graalvm17-ce-22.3.0/lib/libnet.so
Event: 4.501 Loaded shared library /home/runner/.cache/jdt-language-server/config/org.eclipse.equinox.launcher/org.eclipse.equinox.launcher.gtk.linux.x86_64_1.2.400.v20211117-0650/eclipse_11600.so
Event: 13.805 Loaded shared library /nix/store/gpxl5qgg8kicmcvivwmybwjlpf7wh20l-graalvm17-ce-22.3.0/lib/libextnet.so

Deoptimization events (20 events):
Event: 59.145 Thread 0x00007fdcf4480f40 DEOPT PACKING pc=0x00007fdd4457f4dd sp=0x00007fdd0a9fe530
Event: 59.145 Thread 0x00007fdcf4480f40 DEOPT UNPACKING pc=0x00007fdd43505325 sp=0x00007fdd0a9fda20 mode 0
Event: 59.204 Thread 0x00007fdcf4480f40 DEOPT PACKING pc=0x00007fdd4457f46c sp=0x00007fdd0a9fe530
Event: 59.204 Thread 0x00007fdcf4480f40 DEOPT UNPACKING pc=0x00007fdd43505325 sp=0x00007fdd0a9fda20 mode 0
Event: 59.215 Thread 0x00007fdcf4480f40 DEOPT PACKING pc=0x00007fdd4457f4dd sp=0x00007fdd0a9fe530
Event: 59.215 Thread 0x00007fdcf4480f40 DEOPT UNPACKING pc=0x00007fdd43505325 sp=0x00007fdd0a9fda20 mode 0
Event: 59.221 Thread 0x00007fdcf4480f40 DEOPT PACKING pc=0x00007fdd4457f4dd sp=0x00007fdd0a9fe530
Event: 59.221 Thread 0x00007fdcf4480f40 DEOPT UNPACKING pc=0x00007fdd43505325 sp=0x00007fdd0a9fda20 mode 0
Event: 59.222 Thread 0x00007fdcf4480f40 DEOPT PACKING pc=0x00007fdd4457f46c sp=0x00007fdd0a9fe530
Event: 59.222 Thread 0x00007fdcf4480f40 DEOPT UNPACKING pc=0x00007fdd43505325 sp=0x00007fdd0a9fda20 mode 0
Event: 59.224 Thread 0x00007fdcf4480f40 DEOPT PACKING pc=0x00007fdd4457f4dd sp=0x00007fdd0a9fe530
Event: 59.224 Thread 0x00007fdcf4480f40 DEOPT UNPACKING pc=0x00007fdd43505325 sp=0x00007fdd0a9fda20 mode 0
Event: 59.226 Thread 0x00007fdcf4480f40 DEOPT PACKING pc=0x00007fdd4457f4dd sp=0x00007fdd0a9fe530
Event: 59.226 Thread 0x00007fdcf4480f40 DEOPT UNPACKING pc=0x00007fdd43505325 sp=0x00007fdd0a9fda20 mode 0
Event: 59.228 Thread 0x00007fdcf4480f40 DEOPT PACKING pc=0x00007fdd4457f4dd sp=0x00007fdd0a9fe530
Event: 59.228 Thread 0x00007fdcf4480f40 DEOPT UNPACKING pc=0x00007fdd43505325 sp=0x00007fdd0a9fda20 mode 0
Event: 411.946 Thread 0x00007fdcc41a2b30 DEOPT PACKING pc=0x00007fdd4b09b420 sp=0x00007fdd0abfda70
Event: 411.946 Thread 0x00007fdcc41a2b30 DEOPT UNPACKING pc=0x00007fdd43505325 sp=0x00007fdd0abfce48 mode 1
Event: 469.106 Thread 0x00007fdcc41a2b30 DEOPT PACKING pc=0x00007fdd4b0a4c50 sp=0x00007fdd0abfdcb0
Event: 469.106 Thread 0x00007fdcc41a2b30 DEOPT UNPACKING pc=0x00007fdd43505325 sp=0x00007fdd0abfd148 mode 1

Classes unloaded (20 events):
Event: 67.806 Thread 0x00007fdd5c0a1c10 Unloading class 0x0000000800ef0000 'jdk/internal/reflect/GeneratedConstructorAccessor8'
Event: 67.806 Thread 0x00007fdd5c0a1c10 Unloading class 0x0000000800d99000 'java/lang/invoke/LambdaForm$MH+0x0000000800d99000'
Event: 67.806 Thread 0x00007fdd5c0a1c10 Unloading class 0x0000000800d98c00 'java/lang/invoke/LambdaForm$MH+0x0000000800d98c00'
Event: 67.806 Thread 0x00007fdd5c0a1c10 Unloading class 0x0000000800d98800 'java/lang/invoke/LambdaForm$MH+0x0000000800d98800'
Event: 67.806 Thread 0x00007fdd5c0a1c10 Unloading class 0x0000000800d98400 'java/lang/invoke/LambdaForm$MH+0x0000000800d98400'
Event: 67.806 Thread 0x00007fdd5c0a1c10 Unloading class 0x0000000800d98000 'jdk/internal/reflect/GeneratedConstructorAccessor3'
Event: 67.806 Thread 0x00007fdd5c0a1c10 Unloading class 0x0000000800d06800 'java/lang/invoke/LambdaForm$MH+0x0000000800d06800'
Event: 67.806 Thread 0x00007fdd5c0a1c10 Unloading class 0x0000000800d06000 'java/lang/invoke/LambdaForm$MH+0x0000000800d06000'
Event: 67.806 Thread 0x00007fdd5c0a1c10 Unloading class 0x0000000800d05c00 'java/lang/invoke/LambdaForm$MH+0x0000000800d05c00'
Event: 67.806 Thread 0x00007fdd5c0a1c10 Unloading class 0x0000000800d05800 'java/lang/invoke/LambdaForm$MH+0x0000000800d05800'
Event: 67.806 Thread 0x00007fdd5c0a1c10 Unloading class 0x0000000800d05000 'java/lang/invoke/LambdaForm$MH+0x0000000800d05000'
Event: 67.806 Thread 0x00007fdd5c0a1c10 Unloading class 0x0000000800d04c00 'java/lang/invoke/LambdaForm$MH+0x0000000800d04c00'
Event: 67.806 Thread 0x00007fdd5c0a1c10 Unloading class 0x0000000800d04800 'java/lang/invoke/LambdaForm$MH+0x0000000800d04800'
Event: 67.806 Thread 0x00007fdd5c0a1c10 Unloading class 0x0000000800d04000 'java/lang/invoke/LambdaForm$MH+0x0000000800d04000'
Event: 67.806 Thread 0x00007fdd5c0a1c10 Unloading class 0x0000000800c1d000 'jdk/internal/reflect/GeneratedMethodAccessor5'
Event: 67.806 Thread 0x00007fdd5c0a1c10 Unloading class 0x0000000800c1cc00 'jdk/internal/reflect/GeneratedMethodAccessor4'
Event: 67.806 Thread 0x00007fdd5c0a1c10 Unloading class 0x0000000800c1c800 'jdk/internal/reflect/GeneratedMethodAccessor3'
Event: 67.806 Thread 0x00007fdd5c0a1c10 Unloading class 0x0000000800c1c400 'jdk/internal/reflect/GeneratedMethodAccessor2'
Event: 67.806 Thread 0x00007fdd5c0a1c10 Unloading class 0x0000000800c1c000 'jdk/internal/reflect/GeneratedMethodAccessor1'
Event: 67.806 Thread 0x00007fdd5c0a1c10 Unloading class 0x0000000800c01c00 'java/lang/invoke/LambdaForm$DMH+0x0000000800c01c00'

Classes redefined (0 events):
No events

Internal exceptions (20 events):
Event: 30.033 Thread 0x00007fdcc8000ff0 Implicit null exception at 0x00007fdd4b0d3969 to 0x00007fdd4b0d3b1b
Event: 30.106 Thread 0x00007fdcc8000ff0 Exception <a 'java/lang/NoSuchMethodError'{0x00000000f5891370}: 'int java.lang.invoke.DirectMethodHandle$Holder.invokeVirtual(java.lang.Object, java.lang.Object, java.lang.Object)'> (0x00000000f5891370) 
thrown [src/hotspot/share/interpreter/linkResolver.cpp, line 758]
Event: 30.518 Thread 0x00007fdcc8000ff0 Exception <a 'sun/nio/fs/UnixException'{0x00000000f55b8de0}> (0x00000000f55b8de0) 
thrown [src/hotspot/share/prims/jni.cpp, line 516]
Event: 30.604 Thread 0x00007fdcc8000ff0 Exception <a 'sun/nio/fs/UnixException'{0x00000000f56d7710}> (0x00000000f56d7710) 
thrown [src/hotspot/share/prims/jni.cpp, line 516]
Event: 30.614 Thread 0x00007fdcc8000ff0 Exception <a 'sun/nio/fs/UnixException'{0x00000000f580e0b8}> (0x00000000f580e0b8) 
thrown [src/hotspot/share/prims/jni.cpp, line 516]
Event: 30.703 Thread 0x00007fdcc8000ff0 Exception <a 'sun/nio/fs/UnixException'{0x00000000f59517a8}> (0x00000000f59517a8) 
thrown [src/hotspot/share/prims/jni.cpp, line 516]
Event: 34.335 Thread 0x00007fdcc41a2b30 Exception <a 'java/lang/NoSuchMethodError'{0x00000000f5c29f70}: 'int java.lang.invoke.DirectMethodHandle$Holder.invokeStatic(java.lang.Object, java.lang.Object, java.lang.Object, int)'> (0x00000000f5c29f70) 
thrown [src/hotspot/share/interpreter/linkResolver.cpp, line 758]
Event: 34.861 Thread 0x00007fdcc41a42b0 Implicit null exception at 0x00007fdd4b0c96bf to 0x00007fdd4b0c9803
Event: 36.513 Thread 0x00007fdcc41a5f10 Exception <a 'java/lang/NoSuchMethodError'{0x00000000f5783068}: 'java.lang.Object java.lang.invoke.DirectMethodHandle$Holder.invokeStatic(java.lang.Object, int, java.lang.Object, java.lang.Object, java.lang.Object, java.lang.Object)'> (0x00000000f5783068) 
thrown [src/hotspot/share/interpreter/linkResolver.cpp, line 758]
Event: 37.322 Thread 0x00007fdcc41a3820 Exception <a 'java/lang/NoSuchMethodError'{0x00000000f5759578}: 'void java.lang.invoke.DirectMethodHandle$Holder.invokeSpecial(java.lang.Object, java.lang.Object, int)'> (0x00000000f5759578) 
thrown [src/hotspot/share/interpreter/linkResolver.cpp, line 758]
Event: 37.434 Thread 0x00007fdcc41a2b30 Implicit null exception at 0x00007fdd4b10de30 to 0x00007fdd4b10e07a
Event: 38.315 Thread 0x00007fdcc41a5f10 Exception <a 'java/lang/NoSuchMethodError'{0x00000000f59e4288}: 'int java.lang.invoke.DirectMethodHandle$Holder.invokeSpecialIFC(java.lang.Object, java.lang.Object, java.lang.Object, java.lang.Object)'> (0x00000000f59e4288) 
thrown [src/hotspot/share/interpreter/linkResolver.cpp, line 758]
Event: 47.120 Thread 0x00007fdcf4480f40 Implicit null exception at 0x00007fdd4b1594b5 to 0x00007fdd4b1599de
Event: 411.946 Thread 0x00007fdcc41a2b30 Exception <a 'java/lang/OutOfMemoryError'{0x00000000e0004378}> (0x00000000e0004378) 
thrown [src/hotspot/share/gc/shared/memAllocator.cpp, line 136]
Event: 428.954 Thread 0x00007fdd5c3976d0 Exception <a 'java/lang/OutOfMemoryError'{0x00000000e0004648}> (0x00000000e0004648) 
thrown [src/hotspot/share/gc/shared/memAllocator.cpp, line 136]
Event: 428.954 Thread 0x00007fdd5c3976d0 Exception <a 'java/lang/reflect/InvocationTargetException'{0x00000000f557f640}> (0x00000000f557f640) 
thrown [src/hotspot/share/runtime/reflection.cpp, line 1119]
Event: 467.840 Thread 0x00007fdcc41a2b30 Exception <a 'java/lang/OutOfMemoryError'{0x00000000e0004c38}> (0x00000000e0004c38) 
thrown [src/hotspot/share/gc/shared/memAllocator.cpp, line 136]
Event: 469.106 Thread 0x00007fdcc41a2b30 Exception <a 'java/lang/reflect/InvocationTargetException'{0x00000000f557fb50}> (0x00000000f557fb50) 
thrown [src/hotspot/share/runtime/reflection.cpp, line 1119]
Event: 469.106 Thread 0x00007fdcc41a2b30 Exception <a 'java/lang/OutOfMemoryError'{0x00000000e0004c38}> (0x00000000e0004c38) 
thrown [src/hotspot/share/prims/jni.cpp, line 516]
Event: 477.024 Thread 0x00007fdd5c0b21e0 Exception <a 'java/lang/OutOfMemoryError'{0x00000000e0004c38}> (0x00000000e0004c38) 
thrown [src/hotspot/share/gc/shared/memAllocator.cpp, line 136]

VM Operations (20 events):
Event: 457.837 Executing VM operation: ParallelGCFailedAllocation
Event: 459.161 Executing VM operation: ParallelGCFailedAllocation done
Event: 459.161 Executing VM operation: ParallelGCFailedAllocation
Event: 460.440 Executing VM operation: ParallelGCFailedAllocation done
Event: 460.440 Executing VM operation: ParallelGCFailedAllocation
Event: 461.634 Executing VM operation: ParallelGCFailedAllocation done
Event: 461.635 Executing VM operation: ParallelGCFailedAllocation
Event: 462.825 Executing VM operation: ParallelGCFailedAllocation done
Event: 462.825 Executing VM operation: ParallelGCFailedAllocation
Event: 465.319 Executing VM operation: ParallelGCFailedAllocation done
Event: 465.319 Executing VM operation: ParallelGCFailedAllocation
Event: 467.840 Executing VM operation: ParallelGCFailedAllocation done
Event: 467.840 Executing VM operation: ParallelGCFailedAllocation
Event: 469.106 Executing VM operation: ParallelGCFailedAllocation done
Event: 469.106 Executing VM operation: ParallelGCFailedAllocation
Event: 470.905 Executing VM operation: ParallelGCFailedAllocation done
Event: 470.906 Executing VM operation: ParallelGCFailedAllocation
Event: 472.909 Executing VM operation: ParallelGCFailedAllocation done
Event: 472.909 Executing VM operation: ParallelGCFailedAllocation
Event: 477.024 Executing VM operation: ParallelGCFailedAllocation done

Events (20 events):
Event: 106.126 Thread 0x00007fdcc8000ff0 Thread exited: 0x00007fdcc8000ff0
Event: 106.126 Thread 0x00007fdcdc0010d0 Thread exited: 0x00007fdcdc0010d0
Event: 270.823 Thread 0x00007fdcc41a2b30 Thread added: 0x00007fdcc41a2b30
Event: 270.823 Protecting memory [0x00007fdd0ab00000,0x00007fdd0ab04000] with protection modes 0
Event: 310.308 Thread 0x00007fdcd0001130 Thread added: 0x00007fdcd0001130
Event: 310.308 Protecting memory [0x00007fdd09d00000,0x00007fdd09d04000] with protection modes 0
Event: 431.344 loading class java/util/concurrent/CompletionException
Event: 434.948 loading class java/util/concurrent/CompletionException done
Event: 437.357 loading class java/util/concurrent/CancellationException
Event: 437.357 loading class java/util/concurrent/CancellationException done
Event: 445.948 loading class java/util/logging/LogRecord
Event: 445.948 loading class java/util/logging/LogRecord done
Event: 449.732 loading class java/util/logging/ConsoleHandler
Event: 449.733 loading class java/util/logging/StreamHandler
Event: 449.733 loading class java/util/logging/StreamHandler done
Event: 449.733 loading class java/util/logging/ConsoleHandler done
Event: 449.733 loading class java/util/logging/SimpleFormatter
Event: 449.733 loading class java/util/logging/Formatter
Event: 449.733 loading class java/util/logging/Formatter done
Event: 449.733 loading class java/util/logging/SimpleFormatter done


Dynamic libraries:
e0000000-f5580000 rw-p 00000000 00:00 0 
f5580000-fbf80000 rw-p 00000000 00:00 0 
fbf80000-100000000 ---p 00000000 00:00 0 
800000000-800449000 rw-p 00001000 00:16f0 4611686019135357769            /nix/store/gpxl5qgg8kicmcvivwmybwjlpf7wh20l-graalvm17-ce-22.3.0/lib/server/classes.jsa
800449000-800bc8000 r--p 0044a000 00:16f0 4611686019135357769            /nix/store/gpxl5qgg8kicmcvivwmybwjlpf7wh20l-graalvm17-ce-22.3.0/lib/server/classes.jsa
800bc8000-800c00000 ---p 00000000 00:00 0 
800c00000-800c20000 rw-p 00000000 00:00 0 
800c20000-800c40000 rw-p 00000000 00:00 0 
800c40000-800cc0000 rw-p 00000000 00:00 0 
800cc0000-800d00000 rw-p 00000000 00:00 0 
800d00000-800dc0000 rw-p 00000000 00:00 0 
800dc0000-800e00000 rw-p 00000000 00:00 0 
800e00000-800f40000 rw-p 00000000 00:00 0 
800f40000-800fc0000 rw-p 00000000 00:00 0 
800fc0000-800ff0000 rw-p 00000000 00:00 0 
800ff0000-801000000 ---p 00000000 00:00 0 
801000000-8011b0000 rw-p 00000000 00:00 0 
8011b0000-840c00000 ---p 00000000 00:00 0 
556f2a092000-556f2a093000 r-xp 00000000 00:16f0 4611686019099417844      /nix/store/gpxl5qgg8kicmcvivwmybwjlpf7wh20l-graalvm17-ce-22.3.0/bin/.java-wrapped
556f2a094000-556f2a095000 r--p 00001000 00:16f0 4611686019099417844      /nix/store/gpxl5qgg8kicmcvivwmybwjlpf7wh20l-graalvm17-ce-22.3.0/bin/.java-wrapped
556f2a095000-556f2a096000 rw-p 00002000 00:16f0 4611686019099417844      /nix/store/gpxl5qgg8kicmcvivwmybwjlpf7wh20l-graalvm17-ce-22.3.0/bin/.java-wrapped
556f2a096000-556f2a097000 rw-p 00004000 00:16f0 4611686019099417844      /nix/store/gpxl5qgg8kicmcvivwmybwjlpf7wh20l-graalvm17-ce-22.3.0/bin/.java-wrapped
556f2a097000-556f2a098000 rw-p 00005000 00:16f0 4611686019099417844      /nix/store/gpxl5qgg8kicmcvivwmybwjlpf7wh20l-graalvm17-ce-22.3.0/bin/.java-wrapped
556f2ad35000-556f2ad7d000 rw-p 00000000 00:00 0                          [heap]
7fdca4000000-7fdca4117000 rw-p 00000000 00:00 0 
7fdca4117000-7fdca8000000 ---p 00000000 00:00 0 
7fdca8000000-7fdca8065000 rw-p 00000000 00:00 0 
7fdca8065000-7fdcac000000 ---p 00000000 00:00 0 
7fdcac000000-7fdcac069000 rw-p 00000000 00:00 0 
7fdcac069000-7fdcb0000000 ---p 00000000 00:00 0 
7fdcb24b3000-7fdcbc000000 r--s 00000000 00:16f0 4611686019135192581      /nix/store/gpxl5qgg8kicmcvivwmybwjlpf7wh20l-graalvm17-ce-22.3.0/lib/modules
7fdcbc000000-7fdcbc04a000 rw-p 00000000 00:00 0 
7fdcbc04a000-7fdcc0000000 ---p 00000000 00:00 0 
7fdcc0000000-7fdcc00d2000 rw-p 00000000 00:00 0 
7fdcc00d2000-7fdcc4000000 ---p 00000000 00:00 0 
7fdcc4000000-7fdcc41b5000 rw-p 00000000 00:00 0 
7fdcc41b5000-7fdcc8000000 ---p 00000000 00:00 0 
7fdcc8000000-7fdcc80f5000 rw-p 00000000 00:00 0 
7fdcc80f5000-7fdccc000000 ---p 00000000 00:00 0 
7fdccc000000-7fdccc021000 rw-p 00000000 00:00 0 
7fdccc021000-7fdcd0000000 ---p 00000000 00:00 0 
7fdcd0000000-7fdcd0114000 rw-p 00000000 00:00 0 
7fdcd0114000-7fdcd4000000 ---p 00000000 00:00 0 
7fdcd4000000-7fdcd4051000 rw-p 00000000 00:00 0 
7fdcd4051000-7fdcd8000000 ---p 00000000 00:00 0 
7fdcd8000000-7fdcd8021000 rw-p 00000000 00:00 0 
7fdcd8021000-7fdcdc000000 ---p 00000000 00:00 0 
7fdcdc000000-7fdcdc06c000 rw-p 00000000 00:00 0 
7fdcdc06c000-7fdce0000000 ---p 00000000 00:00 0 
7fdce0000000-7fdce030a000 rw-p 00000000 00:00 0 
7fdce030a000-7fdce4000000 ---p 00000000 00:00 0 
7fdce4000000-7fdce4077000 rw-p 00000000 00:00 0 
7fdce4077000-7fdce8000000 ---p 00000000 00:00 0 
7fdce8000000-7fdce8021000 rw-p 00000000 00:00 0 
7fdce8021000-7fdcec000000 ---p 00000000 00:00 0 
7fdcec000000-7fdcec021000 rw-p 00000000 00:00 0 
7fdcec021000-7fdcf0000000 ---p 00000000 00:00 0 
7fdcf0800000-7fdcf0ff0000 rw-p 00000000 00:00 0 
7fdcf0ff0000-7fdcf1000000 ---p 00000000 00:00 0 
7fdcf1400000-7fdcf1700000 rw-p 00000000 00:00 0 
7fdcf1700000-7fdcf17f0000 rw-p 00000000 00:00 0 
7fdcf17f0000-7fdcf1800000 ---p 00000000 00:00 0 
7fdcf1800000-7fdcf1c00000 rw-p 00000000 00:00 0 
7fdcf1c00000-7fdcf1cc0000 rw-p 00000000 00:00 0 
7fdcf1cc0000-7fdcf1d00000 rw-p 00000000 00:00 0 
7fdcf1d00000-7fdcf1f00000 rw-p 00000000 00:00 0 
7fdcf1f00000-7fdcf2200000 rw-p 00000000 00:00 0 
7fdcf2200000-7fdcf2400000 rw-p 00000000 00:00 0 
7fdcf2400000-7fdcf2500000 rw-p 00000000 00:00 0 
7fdcf2500000-7fdcf2600000 rw-p 00000000 00:00 0 
7fdcf2600000-7fdcf2b80000 rw-p 00000000 00:00 0 
7fdcf2b80000-7fdcf2c00000 rw-p 00000000 00:00 0 
7fdcf2c00000-7fdcf2d00000 rw-p 00000000 00:00 0 
7fdcf2d00000-7fdcf2e00000 rw-p 00000000 00:00 0 
7fdcf2e00000-7fdcf3100000 rw-p 00000000 00:00 0 
7fdcf3100000-7fdcf3200000 rw-p 00000000 00:00 0 
7fdcf3200000-7fdcf3400000 rw-p 00000000 00:00 0 
7fdcf4000000-7fdcf4902000 rw-p 00000000 00:00 0 
7fdcf4902000-7fdcf8000000 ---p 00000000 00:00 0 
7fdcf8000000-7fdcf8025000 rw-p 00000000 00:00 0 
7fdcf8025000-7fdcfc000000 ---p 00000000 00:00 0 
7fdcfc000000-7fdcfc021000 rw-p 00000000 00:00 0 
7fdcfc021000-7fdd00000000 ---p 00000000 00:00 0 
7fdd00000000-7fdd00021000 rw-p 00000000 00:00 0 
7fdd00021000-7fdd04000000 ---p 00000000 00:00 0 
7fdd04000000-7fdd04021000 rw-p 00000000 00:00 0 
7fdd04021000-7fdd08000000 ---p 00000000 00:00 0 
7fdd08400000-7fdd08410000 r-xp 00000000 00:16bf 366                      /home/runner/.cache/jdt-language-server/config/org.eclipse.equinox.launcher/org.eclipse.equinox.launcher.gtk.linux.x86_64_1.2.400.v20211117-0650/eclipse_11600.so
7fdd08410000-7fdd0860f000 ---p 00010000 00:16bf 366                      /home/runner/.cache/jdt-language-server/config/org.eclipse.equinox.launcher/org.eclipse.equinox.launcher.gtk.linux.x86_64_1.2.400.v20211117-0650/eclipse_11600.so
7fdd0860f000-7fdd08610000 r--p 0000f000 00:16bf 366                      /home/runner/.cache/jdt-language-server/config/org.eclipse.equinox.launcher/org.eclipse.equinox.launcher.gtk.linux.x86_64_1.2.400.v20211117-0650/eclipse_11600.so
7fdd08610000-7fdd08611000 rw-p 00010000 00:16bf 366                      /home/runner/.cache/jdt-language-server/config/org.eclipse.equinox.launcher/org.eclipse.equinox.launcher.gtk.linux.x86_64_1.2.400.v20211117-0650/eclipse_11600.so
7fdd08700000-7fdd08800000 ---p 00000000 00:00 0 
7fdd08800000-7fdd08daf000 r--p 01122000 00:16f0 4611686019135190040      /nix/store/gpxl5qgg8kicmcvivwmybwjlpf7wh20l-graalvm17-ce-22.3.0/lib/libjvmcicompiler.so
7fdd08daf000-7fdd08f00000 r--p 00000000 00:00 0 
7fdd08f00000-7fdd08f3d000 rw-p 00000000 00:00 0 
7fdd08f3d000-7fdd0945d000 rw-p 0185f000 00:16f0 4611686019135190040      /nix/store/gpxl5qgg8kicmcvivwmybwjlpf7wh20l-graalvm17-ce-22.3.0/lib/libjvmcicompiler.so
7fdd0945d000-7fdd09844000 r--p 01d7f000 00:16f0 4611686019135190040      /nix/store/gpxl5qgg8kicmcvivwmybwjlpf7wh20l-graalvm17-ce-22.3.0/lib/libjvmcicompiler.so
7fdd09900000-7fdd09904000 ---p 00000000 00:00 0 
7fdd09904000-7fdd09a00000 rw-p 00000000 00:00 0 
7fdd09b00000-7fdd09b04000 ---p 00000000 00:00 0 
7fdd09b04000-7fdd09c00000 rw-p 00000000 00:00 0 
7fdd09d00000-7fdd09d04000 ---p 00000000 00:00 0 
7fdd09d04000-7fdd09e00000 rw-p 00000000 00:00 0 
7fdd09e00000-7fdd09e04000 ---p 00000000 00:00 0 
7fdd09e04000-7fdd09f00000 rw-p 00000000 00:00 0 
7fdd09f00000-7fdd09f04000 ---p 00000000 00:00 0 
7fdd09f04000-7fdd0a000000 rw-p 00000000 00:00 0 
7fdd0a100000-7fdd0a104000 ---p 00000000 00:00 0 
7fdd0a104000-7fdd0a200000 rw-p 00000000 00:00 0 
7fdd0a300000-7fdd0a304000 ---p 00000000 00:00 0 
7fdd0a304000-7fdd0a400000 rw-p 00000000 00:00 0 
7fdd0a500000-7fdd0a504000 ---p 00000000 00:00 0 
7fdd0a504000-7fdd0a600000 rw-p 00000000 00:00 0 
7fdd0a700000-7fdd0a704000 ---p 00000000 00:00 0 
7fdd0a704000-7fdd0a800000 rw-p 00000000 00:00 0 
7fdd0a900000-7fdd0a904000 ---p 00000000 00:00 0 
7fdd0a904000-7fdd0aa00000 rw-p 00000000 00:00 0 
7fdd0ab00000-7fdd0ab04000 ---p 00000000 00:00 0 
7fdd0ab04000-7fdd0ac00000 rw-p 00000000 00:00 0 
7fdd0ad00000-7fdd0ad04000 ---p 00000000 00:00 0 
7fdd0ad04000-7fdd0ae00000 rw-p 00000000 00:00 0 
7fdd0ba68000-7fdd0bf00000 rw-p 00000000 00:00 0 
7fdd0c000000-7fdd0c021000 rw-p 00000000 00:00 0 
7fdd0c021000-7fdd10000000 ---p 00000000 00:00 0 
7fdd10000000-7fdd10021000 rw-p 00000000 00:00 0 
7fdd10021000-7fdd14000000 ---p 00000000 00:00 0 
7fdd14000000-7fdd14039000 rw-p 00000000 00:00 0 
7fdd14039000-7fdd18000000 ---p 00000000 00:00 0 
7fdd18000000-7fdd18021000 rw-p 00000000 00:00 0 
7fdd18021000-7fdd1c000000 ---p 00000000 00:00 0 
7fdd1c000000-7fdd1c0d5000 rw-p 00000000 00:00 0 
7fdd1c0d5000-7fdd20000000 ---p 00000000 00:00 0 
7fdd20000000-7fdd20af9000 rw-p 00000000 00:00 0 
7fdd20af9000-7fdd24000000 ---p 00000000 00:00 0 
7fdd24000000-7fdd24021000 rw-p 00000000 00:00 0 
7fdd24021000-7fdd28000000 ---p 00000000 00:00 0 
7fdd28000000-7fdd28021000 rw-p 00000000 00:00 0 
7fdd28021000-7fdd2c000000 ---p 00000000 00:00 0 
7fdd2c000000-7fdd2c021000 rw-p 00000000 00:00 0 
7fdd2c021000-7fdd30000000 ---p 00000000 00:00 0 
7fdd30000000-7fdd30021000 rw-p 00000000 00:00 0 
7fdd30021000-7fdd34000000 ---p 00000000 00:00 0 
7fdd34000000-7fdd34021000 rw-p 00000000 00:00 0 
7fdd34021000-7fdd38000000 ---p 00000000 00:00 0 
7fdd38000000-7fdd38021000 rw-p 00000000 00:00 0 
7fdd38021000-7fdd3c000000 ---p 00000000 00:00 0 
7fdd3c000000-7fdd3c1cb000 rw-p 00000000 00:00 0 
7fdd3c1cb000-7fdd40000000 ---p 00000000 00:00 0 
7fdd40100000-7fdd40104000 ---p 00000000 00:00 0 
7fdd40104000-7fdd40200000 rw-p 00000000 00:00 0 
7fdd40200000-7fdd40204000 ---p 00000000 00:00 0 
7fdd40204000-7fdd40300000 rw-p 00000000 00:00 0 
7fdd40300000-7fdd40304000 ---p 00000000 00:00 0 
7fdd40304000-7fdd40400000 rw-p 00000000 00:00 0 
7fdd40500000-7fdd40504000 ---p 00000000 00:00 0 
7fdd40504000-7fdd40600000 rw-p 00000000 00:00 0 
7fdd40700000-7fdd40704000 ---p 00000000 00:00 0 
7fdd40704000-7fdd40800000 rw-p 00000000 00:00 0 
7fdd40900000-7fdd40904000 ---p 00000000 00:00 0 
7fdd40904000-7fdd40a00000 rw-p 00000000 00:00 0 
7fdd40b00000-7fdd40b04000 ---p 00000000 00:00 0 
7fdd40b04000-7fdd40c00000 rw-p 00000000 00:00 0 
7fdd40d00000-7fdd40d04000 ---p 00000000 00:00 0 
7fdd40d04000-7fdd40e00000 rw-p 00000000 00:00 0 
7fdd40e00000-7fdd42f6a000 r-xp 00000000 00:16f0 4611686019135190040      /nix/store/gpxl5qgg8kicmcvivwmybwjlpf7wh20l-graalvm17-ce-22.3.0/lib/libjvmcicompiler.so
7fdd42f6a000-7fdd43169000 ---p 0216a000 00:16f0 4611686019135190040      /nix/store/gpxl5qgg8kicmcvivwmybwjlpf7wh20l-graalvm17-ce-22.3.0/lib/libjvmcicompiler.so
7fdd43169000-7fdd4316a000 r--p 02169000 00:16f0 4611686019135190040      /nix/store/gpxl5qgg8kicmcvivwmybwjlpf7wh20l-graalvm17-ce-22.3.0/lib/libjvmcicompiler.so
7fdd4316a000-7fdd4316c000 rw-p 0216a000 00:16f0 4611686019135190040      /nix/store/gpxl5qgg8kicmcvivwmybwjlpf7wh20l-graalvm17-ce-22.3.0/lib/libjvmcicompiler.so
7fdd4316c000-7fdd4316d000 rw-p 00000000 00:00 0 
7fdd4316d000-7fdd43172000 rw-p 023c3000 00:16f0 4611686019135190040      /nix/store/gpxl5qgg8kicmcvivwmybwjlpf7wh20l-graalvm17-ce-22.3.0/lib/libjvmcicompiler.so
7fdd431b1000-7fdd431b2000 ---p 00000000 00:00 0 
7fdd431b2000-7fdd432b3000 rw-p 00000000 00:00 0 
7fdd432b3000-7fdd432b7000 ---p 00000000 00:00 0 
7fdd432b7000-7fdd433b3000 rw-p 00000000 00:00 0 
7fdd433b3000-7fdd433b7000 ---p 00000000 00:00 0 
7fdd433b7000-7fdd434b3000 rw-p 00000000 00:00 0 
7fdd434b3000-7fdd43723000 rwxp 00000000 00:00 0 
7fdd43723000-7fdd43a42000 ---p 00000000 00:00 0 
7fdd43a42000-7fdd44782000 rwxp 00000000 00:00 0 
7fdd44782000-7fdd4af7a000 ---p 00000000 00:00 0 
7fdd4af7a000-7fdd4b1ea000 rwxp 00000000 00:00 0 
7fdd4b1ea000-7fdd524b3000 ---p 00000000 00:00 0 
7fdd524b3000-7fdd5c000000 r--s 00000000 00:16f0 4611686019135192581      /nix/store/gpxl5qgg8kicmcvivwmybwjlpf7wh20l-graalvm17-ce-22.3.0/lib/modules
7fdd5c000000-7fdd5c632000 rw-p 00000000 00:00 0 
7fdd5c632000-7fdd60000000 ---p 00000000 00:00 0 
7fdd6001a000-7fdd6001e000 ---p 00000000 00:00 0 
7fdd6001e000-7fdd6011a000 rw-p 00000000 00:00 0 
7fdd6011a000-7fdd6011e000 ---p 00000000 00:00 0 
7fdd6011e000-7fdd6031a000 rw-p 00000000 00:00 0 
7fdd6031a000-7fdd6031e000 ---p 00000000 00:00 0 
7fdd6031e000-7fdd6051a000 rw-p 00000000 00:00 0 
7fdd6051a000-7fdd6051e000 ---p 00000000 00:00 0 
7fdd6051e000-7fdd6061a000 rw-p 00000000 00:00 0 
7fdd6061a000-7fdd6061e000 ---p 00000000 00:00 0 
7fdd6061e000-7fdd6071a000 rw-p 00000000 00:00 0 
7fdd6071a000-7fdd6071e000 ---p 00000000 00:00 0 
7fdd6071e000-7fdd6081a000 rw-p 00000000 00:00 0 
7fdd6081a000-7fdd60b00000 r--p 00000000 00:153b 28444448                 /usr/lib/locale/locale-archive
7fdd60b00000-7fdd60b04000 ---p 00000000 00:00 0 
7fdd60b04000-7fdd61000000 rw-p 00000000 00:00 0 
7fdd61000000-7fdd61300000 rw-p 00000000 00:00 0 
7fdd61300000-7fdd61400000 rw-p 00000000 00:00 0 
7fdd61482000-7fdd61484000 r-xp 00000000 00:16f0 4611686019135190017      /nix/store/gpxl5qgg8kicmcvivwmybwjlpf7wh20l-graalvm17-ce-22.3.0/lib/libextnet.so
7fdd61484000-7fdd61485000 r--p 00001000 00:16f0 4611686019135190017      /nix/store/gpxl5qgg8kicmcvivwmybwjlpf7wh20l-graalvm17-ce-22.3.0/lib/libextnet.so
7fdd61485000-7fdd61486000 rw-p 00002000 00:16f0 4611686019135190017      /nix/store/gpxl5qgg8kicmcvivwmybwjlpf7wh20l-graalvm17-ce-22.3.0/lib/libextnet.so
7fdd61486000-7fdd61487000 rw-p 00004000 00:16f0 4611686019135190017      /nix/store/gpxl5qgg8kicmcvivwmybwjlpf7wh20l-graalvm17-ce-22.3.0/lib/libextnet.so
7fdd61487000-7fdd6148b000 ---p 00000000 00:00 0 
7fdd6148b000-7fdd614a9000 rw-p 00000000 00:00 0 
7fdd614a9000-7fdd614b0000 r-xp 00000000 00:16f0 4611686019135192580      /nix/store/gpxl5qgg8kicmcvivwmybwjlpf7wh20l-graalvm17-ce-22.3.0/lib/libzip.so
7fdd614b0000-7fdd614b1000 ---p 00007000 00:16f0 4611686019135192580      /nix/store/gpxl5qgg8kicmcvivwmybwjlpf7wh20l-graalvm17-ce-22.3.0/lib/libzip.so
7fdd614b1000-7fdd614b2000 r--p 00007000 00:16f0 4611686019135192580      /nix/store/gpxl5qgg8kicmcvivwmybwjlpf7wh20l-graalvm17-ce-22.3.0/lib/libzip.so
7fdd614b2000-7fdd614b3000 rw-p 00008000 00:16f0 4611686019135192580      /nix/store/gpxl5qgg8kicmcvivwmybwjlpf7wh20l-graalvm17-ce-22.3.0/lib/libzip.so
7fdd614b3000-7fdd614b5000 rw-p 0000b000 00:16f0 4611686019135192580      /nix/store/gpxl5qgg8kicmcvivwmybwjlpf7wh20l-graalvm17-ce-22.3.0/lib/libzip.so
7fdd614b5000-7fdd614ca000 r-xp 00000000 00:16f0 4611686019135192570      /nix/store/gpxl5qgg8kicmcvivwmybwjlpf7wh20l-graalvm17-ce-22.3.0/lib/libnet.so
7fdd614ca000-7fdd614cb000 ---p 00015000 00:16f0 4611686019135192570      /nix/store/gpxl5qgg8kicmcvivwmybwjlpf7wh20l-graalvm17-ce-22.3.0/lib/libnet.so
7fdd614cb000-7fdd614cc000 r--p 00015000 00:16f0 4611686019135192570      /nix/store/gpxl5qgg8kicmcvivwmybwjlpf7wh20l-graalvm17-ce-22.3.0/lib/libnet.so
7fdd614cc000-7fdd614cd000 rw-p 00016000 00:16f0 4611686019135192570      /nix/store/gpxl5qgg8kicmcvivwmybwjlpf7wh20l-graalvm17-ce-22.3.0/lib/libnet.so
7fdd614cd000-7fdd614d0000 rw-p 0001b000 00:16f0 4611686019135192570      /nix/store/gpxl5qgg8kicmcvivwmybwjlpf7wh20l-graalvm17-ce-22.3.0/lib/libnet.so
7fdd614d0000-7fdd614e3000 r-xp 00000000 00:16f0 4611686019135192571      /nix/store/gpxl5qgg8kicmcvivwmybwjlpf7wh20l-graalvm17-ce-22.3.0/lib/libnio.so
7fdd614e3000-7fdd614e4000 r--p 00012000 00:16f0 4611686019135192571      /nix/store/gpxl5qgg8kicmcvivwmybwjlpf7wh20l-graalvm17-ce-22.3.0/lib/libnio.so
7fdd614e4000-7fdd614e5000 rw-p 00013000 00:16f0 4611686019135192571      /nix/store/gpxl5qgg8kicmcvivwmybwjlpf7wh20l-graalvm17-ce-22.3.0/lib/libnio.so
7fdd614e5000-7fdd614ea000 rw-p 00019000 00:16f0 4611686019135192571      /nix/store/gpxl5qgg8kicmcvivwmybwjlpf7wh20l-graalvm17-ce-22.3.0/lib/libnio.so
7fdd614ea000-7fdd614ee000 ---p 00000000 00:00 0 
7fdd614ee000-7fdd615ea000 rw-p 00000000 00:00 0 
7fdd615ea000-7fdd615eb000 ---p 00000000 00:00 0 
7fdd615eb000-7fdd616ec000 rw-p 00000000 00:00 0 
7fdd616ec000-7fdd617ba000 r-xp 00000000 00:16f0 4611686019135190036      /nix/store/gpxl5qgg8kicmcvivwmybwjlpf7wh20l-graalvm17-ce-22.3.0/lib/libjsvml.so
7fdd617ba000-7fdd617bb000 r--p 000cd000 00:16f0 4611686019135190036      /nix/store/gpxl5qgg8kicmcvivwmybwjlpf7wh20l-graalvm17-ce-22.3.0/lib/libjsvml.so
7fdd617bb000-7fdd617bc000 rw-p 000ce000 00:16f0 4611686019135190036      /nix/store/gpxl5qgg8kicmcvivwmybwjlpf7wh20l-graalvm17-ce-22.3.0/lib/libjsvml.so
7fdd617bc000-7fdd63094000 rw-p 00000000 00:00 0 
7fdd63094000-7fdd63095000 ---p 00000000 00:00 0 
7fdd63095000-7fdd63240000 rw-p 00000000 00:00 0 
7fdd63240000-7fdd63276000 rw-p 00000000 00:00 0 
7fdd63276000-7fdd63296000 ---p 00000000 00:00 0 
7fdd63296000-7fdd6329c000 rw-p 00000000 00:00 0 
7fdd6329c000-7fdd63382000 ---p 00000000 00:00 0 
7fdd63382000-7fdd6339d000 rw-p 00000000 00:00 0 
7fdd6339d000-7fdd6346d000 ---p 00000000 00:00 0 
7fdd6346d000-7fdd63472000 rw-p 00000000 00:00 0 
7fdd63472000-7fdd63479000 ---p 00000000 00:00 0 
7fdd63479000-7fdd6349d000 r-xp 00000000 00:16f0 4611686019135190028      /nix/store/gpxl5qgg8kicmcvivwmybwjlpf7wh20l-graalvm17-ce-22.3.0/lib/libjava.so
7fdd6349d000-7fdd6349e000 ---p 00024000 00:16f0 4611686019135190028      /nix/store/gpxl5qgg8kicmcvivwmybwjlpf7wh20l-graalvm17-ce-22.3.0/lib/libjava.so
7fdd6349e000-7fdd6349f000 r--p 00024000 00:16f0 4611686019135190028      /nix/store/gpxl5qgg8kicmcvivwmybwjlpf7wh20l-graalvm17-ce-22.3.0/lib/libjava.so
7fdd6349f000-7fdd634a0000 rw-p 00025000 00:16f0 4611686019135190028      /nix/store/gpxl5qgg8kicmcvivwmybwjlpf7wh20l-graalvm17-ce-22.3.0/lib/libjava.so
7fdd634a0000-7fdd634a1000 rw-p 00000000 00:00 0 
7fdd634a1000-7fdd634a8000 rw-p 0002f000 00:16f0 4611686019135190028      /nix/store/gpxl5qgg8kicmcvivwmybwjlpf7wh20l-graalvm17-ce-22.3.0/lib/libjava.so
7fdd634a8000-7fdd634b0000 rw-s 00000000 00:b61 363                       /tmp/hsperfdata_runner/20
7fdd634b0000-7fdd634b1000 ---p 00000000 00:00 0 
7fdd634b1000-7fdd634b2000 r--p 00000000 00:00 0 
7fdd634b2000-7fdd634b3000 rwxp 00000000 00:00 0 
7fdd634b3000-7fdd634ce000 r-xp 00000000 00:16f0 4611686019135190032      /nix/store/gpxl5qgg8kicmcvivwmybwjlpf7wh20l-graalvm17-ce-22.3.0/lib/libjimage.so
7fdd634ce000-7fdd634cf000 ---p 0001b000 00:16f0 4611686019135190032      /nix/store/gpxl5qgg8kicmcvivwmybwjlpf7wh20l-graalvm17-ce-22.3.0/lib/libjimage.so
7fdd634cf000-7fdd634d1000 r--p 0001b000 00:16f0 4611686019135190032      /nix/store/gpxl5qgg8kicmcvivwmybwjlpf7wh20l-graalvm17-ce-22.3.0/lib/libjimage.so
7fdd634d1000-7fdd634d2000 rw-p 0001d000 00:16f0 4611686019135190032      /nix/store/gpxl5qgg8kicmcvivwmybwjlpf7wh20l-graalvm17-ce-22.3.0/lib/libjimage.so
7fdd634d2000-7fdd634d3000 rw-p 00024000 00:16f0 4611686019135190032      /nix/store/gpxl5qgg8kicmcvivwmybwjlpf7wh20l-graalvm17-ce-22.3.0/lib/libjimage.so
7fdd634d3000-7fdd634d7000 ---p 00000000 00:00 0 
7fdd634d7000-7fdd635d3000 rw-p 00000000 00:00 0 
7fdd635d3000-7fdd635e1000 r--p 00000000 00:16f0 4611686019027979927      /nix/store/4nlgxhb09sdr51nc9hdm8az5b08vzkgx-glibc-2.35-163/lib/libm.so.6
7fdd635e1000-7fdd63654000 r-xp 0000e000 00:16f0 4611686019027979927      /nix/store/4nlgxhb09sdr51nc9hdm8az5b08vzkgx-glibc-2.35-163/lib/libm.so.6
7fdd63654000-7fdd636b1000 r--p 00081000 00:16f0 4611686019027979927      /nix/store/4nlgxhb09sdr51nc9hdm8az5b08vzkgx-glibc-2.35-163/lib/libm.so.6
7fdd636b1000-7fdd636b2000 r--p 000dd000 00:16f0 4611686019027979927      /nix/store/4nlgxhb09sdr51nc9hdm8az5b08vzkgx-glibc-2.35-163/lib/libm.so.6
7fdd636b2000-7fdd636b3000 rw-p 000de000 00:16f0 4611686019027979927      /nix/store/4nlgxhb09sdr51nc9hdm8az5b08vzkgx-glibc-2.35-163/lib/libm.so.6
7fdd636b3000-7fdd636b4000 r--p 00000000 00:16f0 4611686019027979946      /nix/store/4nlgxhb09sdr51nc9hdm8az5b08vzkgx-glibc-2.35-163/lib/librt.so.1
7fdd636b4000-7fdd636b5000 r-xp 00001000 00:16f0 4611686019027979946      /nix/store/4nlgxhb09sdr51nc9hdm8az5b08vzkgx-glibc-2.35-163/lib/librt.so.1
7fdd636b5000-7fdd636b6000 r--p 00002000 00:16f0 4611686019027979946      /nix/store/4nlgxhb09sdr51nc9hdm8az5b08vzkgx-glibc-2.35-163/lib/librt.so.1
7fdd636b6000-7fdd636b7000 r--p 00002000 00:16f0 4611686019027979946      /nix/store/4nlgxhb09sdr51nc9hdm8az5b08vzkgx-glibc-2.35-163/lib/librt.so.1
7fdd636b7000-7fdd636b8000 rw-p 00003000 00:16f0 4611686019027979946      /nix/store/4nlgxhb09sdr51nc9hdm8az5b08vzkgx-glibc-2.35-163/lib/librt.so.1
7fdd636b8000-7fdd647cb000 r-xp 00000000 00:16f0 4611686019135360866      /nix/store/gpxl5qgg8kicmcvivwmybwjlpf7wh20l-graalvm17-ce-22.3.0/lib/server/libjvm.so
7fdd647cb000-7fdd647cc000 ---p 01113000 00:16f0 4611686019135360866      /nix/store/gpxl5qgg8kicmcvivwmybwjlpf7wh20l-graalvm17-ce-22.3.0/lib/server/libjvm.so
7fdd647cc000-7fdd64881000 r--p 01113000 00:16f0 4611686019135360866      /nix/store/gpxl5qgg8kicmcvivwmybwjlpf7wh20l-graalvm17-ce-22.3.0/lib/server/libjvm.so
7fdd64881000-7fdd648b5000 rw-p 011c8000 00:16f0 4611686019135360866      /nix/store/gpxl5qgg8kicmcvivwmybwjlpf7wh20l-graalvm17-ce-22.3.0/lib/server/libjvm.so
7fdd648b5000-7fdd64911000 rw-p 00000000 00:00 0 
7fdd64911000-7fdd64939000 r--p 00000000 00:16f0 4611686019027979918      /nix/store/4nlgxhb09sdr51nc9hdm8az5b08vzkgx-glibc-2.35-163/lib/libc.so.6
7fdd64939000-7fdd64aaf000 r-xp 00028000 00:16f0 4611686019027979918      /nix/store/4nlgxhb09sdr51nc9hdm8az5b08vzkgx-glibc-2.35-163/lib/libc.so.6
7fdd64aaf000-7fdd64b07000 r--p 0019e000 00:16f0 4611686019027979918      /nix/store/4nlgxhb09sdr51nc9hdm8az5b08vzkgx-glibc-2.35-163/lib/libc.so.6
7fdd64b07000-7fdd64b0b000 r--p 001f6000 00:16f0 4611686019027979918      /nix/store/4nlgxhb09sdr51nc9hdm8az5b08vzkgx-glibc-2.35-163/lib/libc.so.6
7fdd64b0b000-7fdd64b0d000 rw-p 001fa000 00:16f0 4611686019027979918      /nix/store/4nlgxhb09sdr51nc9hdm8az5b08vzkgx-glibc-2.35-163/lib/libc.so.6
7fdd64b0d000-7fdd64b1c000 rw-p 00000000 00:00 0 
7fdd64b1c000-7fdd64b1d000 r--p 00000000 00:16f0 4611686019027979923      /nix/store/4nlgxhb09sdr51nc9hdm8az5b08vzkgx-glibc-2.35-163/lib/libdl.so.2
7fdd64b1d000-7fdd64b1e000 r-xp 00001000 00:16f0 4611686019027979923      /nix/store/4nlgxhb09sdr51nc9hdm8az5b08vzkgx-glibc-2.35-163/lib/libdl.so.2
7fdd64b1e000-7fdd64b1f000 r--p 00002000 00:16f0 4611686019027979923      /nix/store/4nlgxhb09sdr51nc9hdm8az5b08vzkgx-glibc-2.35-163/lib/libdl.so.2
7fdd64b1f000-7fdd64b20000 r--p 00002000 00:16f0 4611686019027979923      /nix/store/4nlgxhb09sdr51nc9hdm8az5b08vzkgx-glibc-2.35-163/lib/libdl.so.2
7fdd64b20000-7fdd64b21000 rw-p 00003000 00:16f0 4611686019027979923      /nix/store/4nlgxhb09sdr51nc9hdm8az5b08vzkgx-glibc-2.35-163/lib/libdl.so.2
7fdd64b21000-7fdd64b22000 r--p 00000000 00:16f0 4611686019027979942      /nix/store/4nlgxhb09sdr51nc9hdm8az5b08vzkgx-glibc-2.35-163/lib/libpthread.so.0
7fdd64b22000-7fdd64b23000 r-xp 00001000 00:16f0 4611686019027979942      /nix/store/4nlgxhb09sdr51nc9hdm8az5b08vzkgx-glibc-2.35-163/lib/libpthread.so.0
7fdd64b23000-7fdd64b24000 r--p 00002000 00:16f0 4611686019027979942      /nix/store/4nlgxhb09sdr51nc9hdm8az5b08vzkgx-glibc-2.35-163/lib/libpthread.so.0
7fdd64b24000-7fdd64b25000 r--p 00002000 00:16f0 4611686019027979942      /nix/store/4nlgxhb09sdr51nc9hdm8az5b08vzkgx-glibc-2.35-163/lib/libpthread.so.0
7fdd64b25000-7fdd64b26000 rw-p 00003000 00:16f0 4611686019027979942      /nix/store/4nlgxhb09sdr51nc9hdm8az5b08vzkgx-glibc-2.35-163/lib/libpthread.so.0
7fdd64b26000-7fdd64b34000 r-xp 00000000 00:16f0 4611686019135190033      /nix/store/gpxl5qgg8kicmcvivwmybwjlpf7wh20l-graalvm17-ce-22.3.0/lib/libjli.so
7fdd64b34000-7fdd64b35000 ---p 0000e000 00:16f0 4611686019135190033      /nix/store/gpxl5qgg8kicmcvivwmybwjlpf7wh20l-graalvm17-ce-22.3.0/lib/libjli.so
7fdd64b35000-7fdd64b36000 r--p 0000e000 00:16f0 4611686019135190033      /nix/store/gpxl5qgg8kicmcvivwmybwjlpf7wh20l-graalvm17-ce-22.3.0/lib/libjli.so
7fdd64b36000-7fdd64b37000 rw-p 0000f000 00:16f0 4611686019135190033      /nix/store/gpxl5qgg8kicmcvivwmybwjlpf7wh20l-graalvm17-ce-22.3.0/lib/libjli.so
7fdd64b37000-7fdd64b38000 rw-p 00012000 00:16f0 4611686019135190033      /nix/store/gpxl5qgg8kicmcvivwmybwjlpf7wh20l-graalvm17-ce-22.3.0/lib/libjli.so
7fdd64b38000-7fdd64b3b000 r--p 00000000 00:16f0 4611686019106210071      /nix/store/026hln0aq1hyshaxsdvhg0kmcm6yf45r-zlib-1.2.13/lib/libz.so.1.2.13
7fdd64b3b000-7fdd64b4d000 r-xp 00003000 00:16f0 4611686019106210071      /nix/store/026hln0aq1hyshaxsdvhg0kmcm6yf45r-zlib-1.2.13/lib/libz.so.1.2.13
7fdd64b4d000-7fdd64b54000 r--p 00015000 00:16f0 4611686019106210071      /nix/store/026hln0aq1hyshaxsdvhg0kmcm6yf45r-zlib-1.2.13/lib/libz.so.1.2.13
7fdd64b54000-7fdd64b55000 r--p 0001b000 00:16f0 4611686019106210071      /nix/store/026hln0aq1hyshaxsdvhg0kmcm6yf45r-zlib-1.2.13/lib/libz.so.1.2.13
7fdd64b55000-7fdd64b56000 rw-p 0001c000 00:16f0 4611686019106210071      /nix/store/026hln0aq1hyshaxsdvhg0kmcm6yf45r-zlib-1.2.13/lib/libz.so.1.2.13
7fdd64b56000-7fdd64b58000 rw-p 00000000 00:00 0 
7fdd64b58000-7fdd64b5a000 r--p 00000000 00:16f0 4611686019027979912      /nix/store/4nlgxhb09sdr51nc9hdm8az5b08vzkgx-glibc-2.35-163/lib/ld-linux-x86-64.so.2
7fdd64b5a000-7fdd64b81000 r-xp 00002000 00:16f0 4611686019027979912      /nix/store/4nlgxhb09sdr51nc9hdm8az5b08vzkgx-glibc-2.35-163/lib/ld-linux-x86-64.so.2
7fdd64b81000-7fdd64b8d000 r--p 00029000 00:16f0 4611686019027979912      /nix/store/4nlgxhb09sdr51nc9hdm8az5b08vzkgx-glibc-2.35-163/lib/ld-linux-x86-64.so.2
7fdd64b8d000-7fdd64b8f000 r--p 00034000 00:16f0 4611686019027979912      /nix/store/4nlgxhb09sdr51nc9hdm8az5b08vzkgx-glibc-2.35-163/lib/ld-linux-x86-64.so.2
7fdd64b8f000-7fdd64b91000 rw-p 00036000 00:16f0 4611686019027979912      /nix/store/4nlgxhb09sdr51nc9hdm8az5b08vzkgx-glibc-2.35-163/lib/ld-linux-x86-64.so.2
7fff63aac000-7fff63ad0000 rw-p 00000000 00:00 0                          [stack]
7fff63bc7000-7fff63bcb000 r--p 00000000 00:00 0                          [vvar]
7fff63bcb000-7fff63bcd000 r-xp 00000000 00:00 0                          [vdso]
ffffffffff600000-ffffffffff601000 --xp 00000000 00:00 0                  [vsyscall]


VM Arguments:
jvm_args: -XX:ThreadPriorityPolicy=1 -XX:+UnlockExperimentalVMOptions -XX:+EnableJVMCIProduct -XX:JVMCIThreadsPerNativeLibraryRuntime=1 -XX:-UnlockExperimentalVMOptions -Declipse.application=org.eclipse.jdt.ls.core.id1 -Dosgi.bundles.defaultStartLevel=4 -Declipse.product=org.eclipse.jdt.ls.core.product -Dlog.level=ALL -Xverify:none -XX:+UseParallelGC -XX:GCTimeRatio=4 -XX:AdaptiveSizePolicyWeight=90 -Dsun.zip.disableMemoryMapping=true -Xmx512m -Xms100m 
java_command: /nix/store/m6gcpi1ii6rghy04cjwjddcavv7i90df-jdt-language-server-1.9.0/share/java/plugins/org.eclipse.equinox.launcher_1.6.400.v20210924-0641.jar --add-modules=ALL-SYSTEM --add-opens java.base/java.util=ALL-UNNAMED --add-opens java.base/java.lang=ALL-UNNAMED -configuration /home/runner/.cache/jdt-language-server/config -data /home/runner/.cache/jdt-language-server/data/home/runner/Unit-9-Project
java_class_path (initial): /nix/store/m6gcpi1ii6rghy04cjwjddcavv7i90df-jdt-language-server-1.9.0/share/java/plugins/org.eclipse.equinox.launcher_1.6.400.v20210924-0641.jar
Launcher Type: SUN_STANDARD

[Global flags]
    uintx AdaptiveSizePolicyWeight                 = 90                                        {product} {command line}
     intx CICompilerCount                          = 2                                         {product} {ergonomic}
     bool EnableJVMCIProduct                       = true                                {JVMCI product} {jimage}
    uintx GCTimeRatio                              = 4                                         {product} {command line}
   size_t InitialHeapSize                          = 104857600                                 {product} {command line}
     uint JVMCIThreadsPerNativeLibraryRuntime      = 1                                   {JVMCI product} {jimage}
   size_t MaxHeapSize                              = 536870912                                 {product} {command line}
   size_t MaxNewSize                               = 178782208                                 {product} {ergonomic}
   size_t MinHeapDeltaBytes                        = 524288                                    {product} {ergonomic}
   size_t MinHeapSize                              = 104857600                                 {product} {command line}
   size_t NewSize                                  = 34603008                                  {product} {ergonomic}
    uintx NonNMethodCodeHeapSize                   = 5826188                                {pd product} {ergonomic}
    uintx NonProfiledCodeHeapSize                  = 122916026                              {pd product} {ergonomic}
   size_t OldSize                                  = 70254592                                  {product} {ergonomic}
    uintx ProfiledCodeHeapSize                     = 122916026                              {pd product} {ergonomic}
    uintx ReservedCodeCacheSize                    = 251658240                              {pd product} {ergonomic}
     bool SegmentedCodeCache                       = true                                      {product} {ergonomic}
   size_t SoftMaxHeapSize                          = 536870912                              {manageable} {ergonomic}
     intx ThreadPriorityPolicy                     = 1                                         {product} {jimage}
     bool UseCompressedClassPointers               = true                           {product lp64_product} {ergonomic}
     bool UseCompressedOops                        = true                           {product lp64_product} {ergonomic}
     bool UseParallelGC                            = true                                      {product} {command line}

Logging:
Log output configuration:
 #0: stdout all=warning uptime,level,tags
 #1: stderr all=off uptime,level,tags

Environment Variables:
JAVA_HOME=/nix/store/gpxl5qgg8kicmcvivwmybwjlpf7wh20l-graalvm17-ce-22.3.0
PATH=/nix/store/1d6ian3r8kdzspw8hacjhl3xkp40g1lj-binutils-wrapper-2.39/bin:/nix/store/dq0xwmsk1g0i2ayg6pb7y87na2knzylh-gcc-wrapper-11.3.0/bin:/nix/store/bap4d0lpcrhpwmpb8ayjcgkmvfj62lnq-bash-interactive-5.1-p16/bin:/nix/store/pr5n59mb4jzmfx6kanwxly0l07p861fg-patchelf-0.15.0/bin:/nix/store/1gf2flfqnpqbr1b4p4qz2f72y42bs56r-gcc-11.3.0/bin:/nix/store/57xv61c5zi8pphjbcwxxjlgc34p61ic9-glibc-2.35-163-bin/bin:/nix/store/a7gvj343m05j2s32xcnwr35v31ynlypr-coreutils-9.1/bin:/nix/store/039g378vc3pc3dvi9dzdlrd0i4q93qwf-binutils-2.39/bin:/nix/store/gpxl5qgg8kicmcvivwmybwjlpf7wh20l-graalvm17-ce-22.3.0/bin:/nix/store/6z9ag3ihc8mq2hzsw48lhbznvzny65nz-apache-maven-3.8.6/bin:/nix/store/m6gcpi1ii6rghy04cjwjddcavv7i90df-jdt-language-server-1.9.0/bin:/nix/store/84xs5alhs01zrbr4ywm05kxbjbp5590l-java-debug/bin:/nix/store/mydc6f4k2z73xlcz7ilif3v2lcaiqvza-findutils-4.9.0/bin:/nix/store/j9p3g8472iijd50vhdprx0nmk2fqn5gv-diffutils-3.8/bin:/nix/store/89zs7rms6x00xfq4dq6m7mjnhkr8a6r4-gnused-4.8/bin:/nix/store/86bp03jkmsl6f92w0yzg4s59g5mhxwmy-gnugrep-3.7/bin:/nix/store/hwcdqw4jrjnd37wxqgsd47hd0j8bnj09-gawk-5.1.1/bin:/nix/store/cfbhw8r8ags41vwqaz47r583d0p4h4a1-gnutar-1.34/bin:/nix/store/p3m1ndl1lapwrlh698bnb5lvvxh67378-gzip-1.12/bin:/nix/store/a8mhcagrsly7c7mpjrpsnaahk4aax056-bzip2-1.0.8-bin/bin:/nix/store/mblgz65m3zv9x548a3d5m96fj2pbwr09-gnumake-4.3/bin:/nix/store/dsd5gz46hdbdk2rfdimqddhq6m8m8fqs-bash-5.1-p16/bin:/nix/store/v7ljksji50mg3w61dykaa3n3y79n6nil-patch-2.7.6/bin:/nix/store/zlcnmqq14jz5x9439jf937mvayyl63da-xz-5.2.7-bin/bin:/nix/store/y6aj732zm9m87c82fpvf103a1xb22blp-file-5.43/bin:/nix/store/i4kzir3m7mrisxmf5xvlnkw01x4qaqr4-prybar-elisp-0.0.0-e0d9a52/bin:/nix/store/lwwivxf6h7x3cvxp9zv8sj0mv7dak99r-prybar-lua-0.0.0-e0d9a52/bin:/nix/store/gxj28g1cg4hq3qanmjv07156h800qr58-prybar-python3-0.0.0-e0d9a52/bin:/nix/store/hshkjnxrgidigf8x75vg6lqng2xlx9i3-prybar-sqlite-0.0.0-e0d9a52/bin:/nix/store/c4w01bpjgyy5ixmwdk8m1pw87zq4sl26-prybar-tcl-0.0.0-e0d9a52/bin:/nix/store/hpbvrlwd5viqmvcaisb3x0118i913a9n-st
LD_LIBRARY_PATH=/nix/store/a4pff549sk2idnkpzk5nsfps3mdkdnvm-cups-2.4.2-lib/lib:/nix/store/72mqxxhh3cy5yifh92wh2yb8cl2hikyy-cairo-1.16.0/lib:/nix/store/2k366jrbsra97gjfxwvrhvixjfxdach5-glib-2.74.1/lib:/nix/store/2j2znigd8ak37rlwh9khz0ry3clqlw1l-gtk+3-3.24.34/lib:/nix/store/hisqvx32cd57apbpcsnkpx6k3549wql1-libglvnd-1.4.0/lib:/nix/store/p36pgcv991mq5srvg765b78yqpxvk3qs-mesa-21.3.3-drivers/lib:/nix/store/mav4251if1ahjq5vkpwycyyvnmy459c4-pulseaudio-14.2/lib
DISPLAY=:0
LANG=en_US.UTF-8

Signal Handlers:
   SIGSEGV: crash_handler in libjvm.so, mask=11100100010111111101111111111110, flags=SA_RESTART|SA_SIGINFO
    SIGBUS: crash_handler in libjvm.so, mask=11100100010111111101111111111110, flags=SA_RESTART|SA_SIGINFO
    SIGFPE: crash_handler in libjvm.so, mask=11100100010111111101111111111110, flags=SA_RESTART|SA_SIGINFO
   SIGPIPE: IsolateEnterStub_IgnoreSIGPIPEStartupHook_noopSignalHandler_8f19bff2f35b5f630d83b364d6b2339320d4ec70_216e8361c6bc87a8f89f58cc10d3b2fd4415bf87 in libjvmcicompiler.so, mask=00000000000000000000000000000000, flags=SA_RESTART
  *** Handler was modified!
  *** Expected: javaSignalHandler in libjvm.so, mask=11100100110111111111111111111110, flags=SA_RESTART|SA_SIGINFO
   SIGXFSZ: javaSignalHandler in libjvm.so, mask=11100100010111111101111111111110, flags=SA_RESTART|SA_SIGINFO
    SIGILL: crash_handler in libjvm.so, mask=11100100010111111101111111111110, flags=SA_RESTART|SA_SIGINFO
   SIGUSR2: SR_handler in libjvm.so, mask=00000000000000000000000000000000, flags=SA_RESTART|SA_SIGINFO
    SIGHUP: UserHandler in libjvm.so, mask=11100100010111111101111111111110, flags=SA_RESTART|SA_SIGINFO
    SIGINT: UserHandler in libjvm.so, mask=11100100010111111101111111111110, flags=SA_RESTART|SA_SIGINFO
   SIGTERM: UserHandler in libjvm.so, mask=11100100010111111101111111111110, flags=SA_RESTART|SA_SIGINFO
   SIGQUIT: UserHandler in libjvm.so, mask=11100100010111111101111111111110, flags=SA_RESTART|SA_SIGINFO
  *** Handler was modified!
  *** Expected: javaSignalHandler in libjvm.so, mask=11100100110111111111111111111110, flags=SA_RESTART|SA_SIGINFO
   SIGTRAP: crash_handler in libjvm.so, mask=11100100010111111101111111111110, flags=SA_RESTART|SA_SIGINFO


---------------  S Y S T E M  ---------------

OS:
DISTRIB_ID=Ubuntu
DISTRIB_RELEASE=20.04
DISTRIB_CODENAME=focal
DISTRIB_DESCRIPTION="Ubuntu 20.04.2 LTS"
uname: Linux 5.19.0-1025-gcp #27~22.04.1-Ubuntu SMP Wed May 24 03:53:01 UTC 2023 x86_64
OS uptime: 0 days 8:26 hours
libc: glibc 2.35 NPTL 2.35 
rlimit (soft/hard): STACK 8192k/infinity , CORE infinity/infinity , NPROC infinity/infinity , NOFILE 5242/5242 , AS infinity/infinity , CPU infinity/infinity , DATA infinity/infinity , FSIZE infinity/infinity , MEMLOCK 8192k/8192k
load average: 12.96 10.38 10.56

/proc/meminfo:
MemTotal:       65852240 kB
MemFree:        10724520 kB
MemAvailable:   40876008 kB
Buffers:         2785424 kB
Cached:         25597704 kB
SwapCached:            0 kB
Active:         10514660 kB
Inactive:       40137024 kB
Active(anon):      22028 kB
Inactive(anon): 21918964 kB
Active(file):   10492632 kB
Inactive(file): 18218060 kB
Unevictable:       55812 kB
Mlocked:           55812 kB
SwapTotal:             0 kB
SwapFree:              0 kB
Zswap:                 0 kB
Zswapped:              0 kB
Dirty:            124032 kB
Writeback:           204 kB
AnonPages:      21244632 kB
Mapped:          1777568 kB
Shmem:             49148 kB
KReclaimable:    2167396 kB
Slab:            3317244 kB
SReclaimable:    2167396 kB
SUnreclaim:      1149848 kB
KernelStack:      451564 kB
PageTables:       240764 kB
NFS_Unstable:          0 kB
Bounce:                0 kB
WritebackTmp:          0 kB
CommitLimit:    32926120 kB
Committed_AS:   74105788 kB
VmallocTotal:   34359738367 kB
VmallocUsed:      492520 kB
VmallocChunk:          0 kB
Percpu:            57984 kB
HardwareCorrupted:     0 kB
AnonHugePages:   3127296 kB
ShmemHugePages:        0 kB
ShmemPmdMapped:        0 kB
FileHugePages:         0 kB
FilePmdMapped:         0 kB
HugePages_Total:       0
HugePages_Free:        0
HugePages_Rsvd:        0
HugePages_Surp:        0
Hugepagesize:       2048 kB
Hugetlb:               0 kB
DirectMap4k:     5477176 kB
DirectMap2M:    50094080 kB
DirectMap1G:    13631488 kB

/sys/kernel/mm/transparent_hugepage/enabled: always [madvise] never
/sys/kernel/mm/transparent_hugepage/defrag (defrag/compaction efforts parameter): always defer defer+madvise [madvise] never

Process Memory:
Virtual Size: 4647000K (peak: 4690748K)
Resident Set Size: 768752K (peak: 802220K) (anon: 575056K, file: 193696K, shmem: 0K)
Swapped out: 0K
C-Heap outstanding allocations: 40587K, retained: 12264K
glibc malloc tunables: (default)

/proc/sys/kernel/threads-max (system-wide limit on the number of threads): 514406
/proc/sys/vm/max_map_count (maximum number of memory map areas a process may have): 65530
/proc/sys/kernel/pid_max (system-wide limit on number of process identifiers): 4194304

container (cgroup) information:
container_type: cgroupv1
cpu_cpuset_cpus: 2-7
cpu_memory_nodes: 0
active_processor_count: 1
cpu_quota: 50000
cpu_period: 100000
cpu_shares: 512
memory_limit_in_bytes: 1048576 k
memory_and_swap_limit_in_bytes: 1048576 k
memory_soft_limit_in_bytes: 524288 k
memory_usage_in_bytes: 608248 k
memory_max_usage_in_bytes: 672160 k
maximum number of tasks: 1000
current number of tasks: 46

KVM virtualization detected
Steal ticks since vm start: 0
Steal ticks percentage since vm start:  0.000

CPU: total 8 (initial active 1) (8 cores per cpu, 2 threads per core) family 23 model 49 stepping 0 microcode 0xffffffff, cx8, cmov, fxsr, ht, mmx, 3dnowpref, sse, sse2, sse3, ssse3, sse4a, sse4.1, sse4.2, popcnt, lzcnt, tsc, tscinvbit, avx, avx2, aes, clmul, bmi1, bmi2, adx, sha, fma, vzeroupper, clflush, clflushopt, hv
CPU Model and flags from /proc/cpuinfo:
model name	: AMD EPYC 7B12
flags		: fpu vme de pse tsc msr pae mce cx8 apic sep mtrr pge mca cmov pat pse36 clflush mmx fxsr sse sse2 ht syscall nx mmxext fxsr_opt pdpe1gb rdtscp lm constant_tsc rep_good nopl nonstop_tsc cpuid extd_apicid tsc_known_freq pni pclmulqdq ssse3 fma cx16 sse4_1 sse4_2 movbe popcnt aes xsave avx f16c rdrand hypervisor lahf_lm cmp_legacy cr8_legacy abm sse4a misalignsse 3dnowprefetch osvw topoext ssbd ibrs ibpb stibp vmmcall fsgsbase tsc_adjust bmi1 avx2 smep bmi2 rdseed adx smap clflushopt clwb sha_ni xsaveopt xsavec xgetbv1 clzero xsaveerptr arat npt nrip_save umip rdpid

Online cpus: 0-7
Offline cpus: 
BIOS frequency limitation: <Not Available>
Frequency switch latency (ns): <Not Available>
Available cpu frequencies: <Not Available>
Current governor: <Not Available>
Core performance/turbo boost: <Not Available>

Memory: 4k page, physical 1048576k(440312k free), swap 0k(0k free)
Page Sizes: 4k

vm_info: OpenJDK 64-Bit Server VM (17.0.5+8-jvmci-22.3-b08) for linux-amd64 JRE (17.0.5+8-jvmci-22.3-b08), built on Oct 19 2022 09:01:27 by "buildslave" with gcc 10.3.0

END.
